2025-09-08 16:36:52,184 [INFO] Activator:176 - 


2025-09-08 16:36:52,201 [INFO] Activator:177 - !SESSION log4j initialized
2025-09-08 16:37:21,189 [INFO] LogOutputStream:77 - [STDOUT_REDIRECT] 
2025-09-08 16:37:42,014 [INFO] ApplicationProperties:184 - Using Application install path: D:\STM32CubeIDE_1.18.1\STM32CubeIDE\plugins\com.st.stm32cube.common.mx_6.14.1.202504091515
2025-09-08 16:37:42,071 [INFO] DbMcusXml:78 - Set database path to: D:\STM32CubeIDE_1.18.1\STM32CubeIDE\plugins\com.st.stm32cube.common.mx_6.14.1.202504091515\\db\/mcu/
2025-09-08 16:37:42,072 [INFO] ApiDb:274 - Set plugin database path to: D:\STM32CubeIDE_1.18.1\STM32CubeIDE\plugins\com.st.stm32cube.common.mx_6.14.1.202504091515\\db\/plugins/boardmanager/
2025-09-08 16:37:42,074 [WARN] ApiDb:259 - Overriding images path with different value:  => D:\STM32CubeIDE_1.18.1\STM32CubeIDE\plugins\com.st.stm32cube.common.mx_6.14.1.202504091515\\db\/plugins/mcufinder/images/
2025-09-08 16:37:42,103 [INFO] ApiDb:250 - Set database path to: C:\Users\Asus\.stmcufinder\plugins\mcufinder//mcu/
2025-09-08 16:37:42,106 [INFO] DbMcusAds:125 - Set database path to: C:\Users\Asus\.stmcufinder\plugins\mcufinder//mcu/
2025-09-08 16:37:42,153 [INFO] CrossReferenceDbSqlite:203 - Set database path to: C:\Users\Asus\.stmcufinder\plugins\mcufinder//mcu/cs/
2025-09-08 16:37:42,568 [INFO] RulesReader:64 - Compatibility file has been processed (302 Rules)
2025-09-08 16:37:42,882 [INFO] DbMcusXml:78 - Set database path to: D:\STM32CubeIDE_1.18.1\STM32CubeIDE\plugins\com.st.stm32cube.common.mx_6.14.1.202504091515\\db\/mcu/
2025-09-08 16:37:42,882 [INFO] ApiDb:274 - Set plugin database path to: D:\STM32CubeIDE_1.18.1\STM32CubeIDE\plugins\com.st.stm32cube.common.mx_6.14.1.202504091515\\db\/plugins/boardmanager/
2025-09-08 16:37:42,882 [INFO] ApiDb:261 - Set plugin images path to: D:\STM32CubeIDE_1.18.1\STM32CubeIDE\plugins\com.st.stm32cube.common.mx_6.14.1.202504091515\\db\/plugins/mcufinder/images/
2025-09-08 16:37:42,883 [WARN] DbFile:41 - Overriding database path with different value: C:\Users\Asus\.stmcufinder\plugins\mcufinder/ => C:\Users\Asus\.stmcufinder\plugins\mcufinder
2025-09-08 16:37:42,883 [INFO] ApiDb:250 - Set database path to: C:\Users\Asus\.stmcufinder\plugins\mcufinder//mcu/
2025-09-08 16:37:42,883 [WARN] DbFile:41 - Overriding database path with different value: C:\Users\Asus\.stmcufinder\plugins\mcufinder/ => C:\Users\Asus\.stmcufinder\plugins\mcufinder
2025-09-08 16:37:42,884 [INFO] DbMcusAds:125 - Set database path to: C:\Users\Asus\.stmcufinder\plugins\mcufinder//mcu/
2025-09-08 16:37:42,884 [WARN] DbFile:41 - Overriding database path with different value: C:\Users\Asus\.stmcufinder\plugins\mcufinder/ => C:\Users\Asus\.stmcufinder\plugins\mcufinder
2025-09-08 16:37:42,884 [WARN] DbFile:41 - Overriding database path with different value: C:\Users\Asus\.stmcufinder\plugins\mcufinder/ => C:\Users\Asus\.stmcufinder\plugins\mcufinder
2025-09-08 16:37:42,884 [INFO] CrossReferenceDbSqlite:203 - Set database path to: C:\Users\Asus\.stmcufinder\plugins\mcufinder//mcu/cs/
2025-09-08 16:37:43,115 [INFO] MainPanel:272 - HeapMemory: 268435456
2025-09-08 16:37:43,421 [INFO] DbMcusXml:78 - Set database path to: D:\STM32CubeIDE_1.18.1\STM32CubeIDE\plugins\com.st.stm32cube.common.mx_6.14.1.202504091515\\db\/mcu/
2025-09-08 16:37:43,421 [INFO] ApiDb:274 - Set plugin database path to: D:\STM32CubeIDE_1.18.1\STM32CubeIDE\plugins\com.st.stm32cube.common.mx_6.14.1.202504091515\\db\/plugins/boardmanager/
2025-09-08 16:37:43,421 [INFO] ApiDb:261 - Set plugin images path to: D:\STM32CubeIDE_1.18.1\STM32CubeIDE\plugins\com.st.stm32cube.common.mx_6.14.1.202504091515\\db\/plugins/mcufinder/images/
2025-09-08 16:37:43,422 [WARN] DbFile:41 - Overriding database path with different value: C:\Users\Asus\.stmcufinder\plugins\mcufinder/ => C:\Users\Asus\.stmcufinder\plugins\mcufinder
2025-09-08 16:37:43,422 [INFO] ApiDb:250 - Set database path to: C:\Users\Asus\.stmcufinder\plugins\mcufinder//mcu/
2025-09-08 16:37:43,424 [WARN] DbFile:41 - Overriding database path with different value: C:\Users\Asus\.stmcufinder\plugins\mcufinder/ => C:\Users\Asus\.stmcufinder\plugins\mcufinder
2025-09-08 16:37:43,424 [INFO] DbMcusAds:125 - Set database path to: C:\Users\Asus\.stmcufinder\plugins\mcufinder//mcu/
2025-09-08 16:37:43,424 [WARN] DbFile:41 - Overriding database path with different value: C:\Users\Asus\.stmcufinder\plugins\mcufinder/ => C:\Users\Asus\.stmcufinder\plugins\mcufinder
2025-09-08 16:37:43,424 [WARN] DbFile:41 - Overriding database path with different value: C:\Users\Asus\.stmcufinder\plugins\mcufinder/ => C:\Users\Asus\.stmcufinder\plugins\mcufinder
2025-09-08 16:37:43,425 [INFO] CrossReferenceDbSqlite:203 - Set database path to: C:\Users\Asus\.stmcufinder\plugins\mcufinder//mcu/cs/
2025-09-08 16:37:43,478 [INFO] ApplicationProperties:184 - Using Application install path: D:\STM32CubeIDE_1.18.1\STM32CubeIDE\plugins\com.st.stm32cube.common.mx_6.14.1.202504091515
2025-09-08 16:37:43,483 [INFO] PluginManage:196 - Search for loadable plugins [exclusion list=, ]
2025-09-08 16:37:43,487 [INFO] PluginManage:310 - Check plugin analytics
2025-09-08 16:37:49,128 [INFO] AnalyticsPlugin:253 - Accepted Software Licenses: 
2025-09-08 16:37:49,129 [INFO] AnalyticsPlugin:255 - Accepted CMSIS Pack Licenses: 
2025-09-08 16:37:49,130 [INFO] AnalyticsPlugin:257 - Accepted Firmware Licenses: 
2025-09-08 16:37:49,136 [INFO] PluginManage:359 - Loaded plugin analytics (category:tool,tabindex:-1)
2025-09-08 16:37:49,137 [INFO] PluginManage:310 - Check plugin cadmodel
2025-09-08 16:37:49,197 [INFO] CADModel:105 - Init CAD model plugin
2025-09-08 16:37:49,199 [INFO] PluginManage:359 - Loaded plugin cadmodel (category:power,tabindex:5)
2025-09-08 16:37:49,199 [INFO] PluginManage:310 - Check plugin clock
2025-09-08 16:37:49,264 [INFO] PluginManage:359 - Loaded plugin clock (category:base,tabindex:2)
2025-09-08 16:37:49,265 [INFO] PluginManage:310 - Check plugin ddr
2025-09-08 16:37:49,272 [INFO] PluginManage:359 - Loaded plugin ddr (category:tool,tabindex:6)
2025-09-08 16:37:49,272 [INFO] PluginManage:310 - Check plugin filemanager
2025-09-08 16:37:49,695 [INFO] PluginManage:359 - Loaded plugin filemanager (category:base,tabindex:10)
2025-09-08 16:37:49,695 [INFO] PluginManage:310 - Check plugin ipmanager
2025-09-08 16:37:49,721 [INFO] PluginManage:359 - Loaded plugin ipmanager (category:base,tabindex:5)
2025-09-08 16:37:49,721 [INFO] PluginManage:310 - Check plugin lpbam
2025-09-08 16:37:49,780 [INFO] PluginManage:359 - Loaded plugin lpbam (category:base,tabindex:0)
2025-09-08 16:37:49,780 [INFO] PluginManage:310 - Check plugin memorymap
2025-09-08 16:37:49,851 [INFO] PluginManage:359 - Loaded plugin memorymap (category:base,tabindex:4)
2025-09-08 16:37:49,852 [INFO] PluginManage:310 - Check plugin pinoutandconfiguration
2025-09-08 16:37:49,912 [INFO] PluginManage:359 - Loaded plugin pinoutandconfiguration (category:base,tabindex:1)
2025-09-08 16:37:49,912 [INFO] PluginManage:310 - Check plugin pinoutconfig
2025-09-08 16:37:50,215 [WARN] SupportedApi:132 - Cannot load RTOS API schema: s4s-elt-must-match.1: The content of 'definitions' must match (annotation?, (simpleType | complexType)?, (unique | key | keyref)*)). A problem was found starting at: attribute.
2025-09-08 16:37:50,613 [INFO] PluginManage:359 - Loaded plugin pinoutconfig (category:base,tabindex:0)
2025-09-08 16:37:50,613 [INFO] PluginManage:310 - Check plugin power
2025-09-08 16:37:50,679 [INFO] PluginManage:359 - Loaded plugin power (category:power,tabindex:4)
2025-09-08 16:37:50,680 [INFO] PluginManage:310 - Check plugin projectmanager
2025-09-08 16:37:50,732 [INFO] PluginManage:359 - Loaded plugin projectmanager (category:projectmanager,tabindex:4)
2025-09-08 16:37:50,732 [INFO] PluginManage:310 - Check plugin rif
2025-09-08 16:37:50,792 [INFO] PluginManage:359 - Loaded plugin rif (category:base,tabindex:3)
2025-09-08 16:37:50,793 [INFO] PluginManage:310 - Check plugin thirdparty
2025-09-08 16:37:51,837 [INFO] PluginManage:359 - Loaded plugin thirdparty (category:base,tabindex:-1)
2025-09-08 16:37:51,837 [WARN] IntegrityCheckThread:84 - waiting for thirdparty lock release [integrity check]
2025-09-08 16:37:51,837 [INFO] PluginManage:310 - Check plugin tools
2025-09-08 16:37:51,838 [INFO] IntegrityCheckThread:86 - entering critical section [integrity check]
2025-09-08 16:37:51,839 [INFO] ThirdPartyUpdaterWithRetryManager:70 - Updater plugin not ready yet. [1/15]
2025-09-08 16:37:51,971 [INFO] PluginManage:359 - Loaded plugin tools (category:base,tabindex:7)
2025-09-08 16:37:51,972 [INFO] PluginManage:310 - Check plugin tutovideos
2025-09-08 16:37:52,555 [INFO] PluginManage:359 - Loaded plugin tutovideos (category:base,tabindex:-1)
2025-09-08 16:37:52,556 [INFO] PluginManage:310 - Check plugin updater
2025-09-08 16:37:52,624 [INFO] PluginManage:359 - Loaded plugin updater (category:base,tabindex:12)
2025-09-08 16:37:52,624 [INFO] PluginManage:310 - Check plugin userauth
2025-09-08 16:37:52,637 [INFO] UserAuth:118 - Init User Auth plugin
2025-09-08 16:37:52,640 [INFO] PluginManage:359 - Loaded plugin userauth (category:base,tabindex:14)
2025-09-08 16:37:52,641 [INFO] PluginManage:283 - PluginManage : Loaded plugins [18]
2025-09-08 16:37:53,368 [INFO] PinOutPanel:1589 - setPackage(No Configuration,No Configuration)
2025-09-08 16:37:53,682 [INFO] CADModel:165 - CPN selected for project level
2025-09-08 16:37:53,682 [INFO] CADModel:114 - Register for checkConnection events
2025-09-08 16:37:53,764 [INFO] IPUIPlugin:80 - create IPUIPlugin
2025-09-08 16:37:53,765 [INFO] PluginManager:220 - loadIPPluginJar : add adc
2025-09-08 16:37:53,910 [INFO] IPUIPlugin:80 - create IPUIPlugin
2025-09-08 16:37:53,911 [INFO] PluginManager:220 - loadIPPluginJar : add aes
2025-09-08 16:37:54,107 [INFO] IPUIPlugin:80 - create IPUIPlugin
2025-09-08 16:37:54,108 [INFO] PluginManager:220 - loadIPPluginJar : add can
2025-09-08 16:37:54,200 [INFO] IPUIPlugin:80 - create IPUIPlugin
2025-09-08 16:37:54,200 [INFO] PluginManager:220 - loadIPPluginJar : add comp
2025-09-08 16:37:54,334 [INFO] IPUIPlugin:80 - create IPUIPlugin
2025-09-08 16:37:54,334 [INFO] PluginManager:220 - loadIPPluginJar : add cryp
2025-09-08 16:37:54,391 [INFO] IPUIPlugin:80 - create IPUIPlugin
2025-09-08 16:37:54,391 [INFO] PluginManager:220 - loadIPPluginJar : add ddr_ctrl_phy
2025-09-08 16:37:54,524 [INFO] IPUIPlugin:80 - create IPUIPlugin
2025-09-08 16:37:54,524 [INFO] PluginManager:220 - loadIPPluginJar : add dfsdm
2025-09-08 16:37:54,612 [INFO] IPUIPlugin:80 - create IPUIPlugin
2025-09-08 16:37:54,613 [INFO] PluginManager:220 - loadIPPluginJar : add dma
2025-09-08 16:37:54,757 [INFO] IPUIPlugin:80 - create IPUIPlugin
2025-09-08 16:37:54,757 [INFO] PluginManager:220 - loadIPPluginJar : add dma3
2025-09-08 16:37:54,841 [INFO] ThirdPartyUpdaterWithRetryManager:70 - Updater plugin not ready yet. [2/15]
2025-09-08 16:37:54,964 [INFO] IPUIPlugin:80 - create IPUIPlugin
2025-09-08 16:37:54,964 [INFO] PluginManager:220 - loadIPPluginJar : add extmemmanager
2025-09-08 16:37:55,094 [INFO] IPUIPlugin:80 - create IPUIPlugin
2025-09-08 16:37:55,096 [INFO] PluginManager:220 - loadIPPluginJar : add fatfs
2025-09-08 16:37:55,285 [INFO] IPUIPlugin:80 - create IPUIPlugin
2025-09-08 16:37:55,285 [INFO] PluginManager:220 - loadIPPluginJar : add fmc
2025-09-08 16:37:55,375 [INFO] IPUIPlugin:80 - create IPUIPlugin
2025-09-08 16:37:55,375 [INFO] PluginManager:220 - loadIPPluginJar : add freertos
2025-09-08 16:37:55,458 [INFO] IPUIPlugin:80 - create IPUIPlugin
2025-09-08 16:37:55,458 [INFO] PluginManager:220 - loadIPPluginJar : add genericplugin
2025-09-08 16:37:55,833 [INFO] IPUIPlugin:80 - create IPUIPlugin
2025-09-08 16:37:55,833 [INFO] PluginManager:220 - loadIPPluginJar : add gfxmmu
2025-09-08 16:37:56,415 [INFO] IPUIPlugin:80 - create IPUIPlugin
2025-09-08 16:37:56,416 [INFO] PluginManager:220 - loadIPPluginJar : add gic
2025-09-08 16:37:56,496 [INFO] IPUIPlugin:80 - create IPUIPlugin
2025-09-08 16:37:56,496 [INFO] PluginManager:220 - loadIPPluginJar : add gpio
2025-09-08 16:37:56,851 [INFO] IPUIPlugin:80 - create IPUIPlugin
2025-09-08 16:37:56,851 [INFO] PluginManager:220 - loadIPPluginJar : add gtzc
2025-09-08 16:37:57,014 [INFO] IPUIPlugin:80 - create IPUIPlugin
2025-09-08 16:37:57,015 [INFO] PluginManager:220 - loadIPPluginJar : add hash
2025-09-08 16:37:57,343 [INFO] IPUIPlugin:80 - create IPUIPlugin
2025-09-08 16:37:57,343 [INFO] PluginManager:220 - loadIPPluginJar : add i2c
2025-09-08 16:37:57,505 [INFO] IPUIPlugin:80 - create IPUIPlugin
2025-09-08 16:37:57,505 [INFO] PluginManager:220 - loadIPPluginJar : add i2s
2025-09-08 16:37:57,697 [INFO] IPUIPlugin:80 - create IPUIPlugin
2025-09-08 16:37:57,698 [INFO] PluginManager:220 - loadIPPluginJar : add i3c
2025-09-08 16:37:57,843 [INFO] ThirdPartyUpdaterWithRetryManager:70 - Updater plugin not ready yet. [3/15]
2025-09-08 16:37:58,113 [INFO] IPUIPlugin:80 - create IPUIPlugin
2025-09-08 16:37:58,114 [INFO] PluginManager:220 - loadIPPluginJar : add ipddr
2025-09-08 16:37:58,499 [INFO] IPUIPlugin:80 - create IPUIPlugin
2025-09-08 16:37:58,499 [INFO] PluginManager:220 - loadIPPluginJar : add linkedlist
2025-09-08 16:37:58,633 [INFO] IPUIPlugin:80 - create IPUIPlugin
2025-09-08 16:37:58,634 [INFO] PluginManager:220 - loadIPPluginJar : add lorawan
2025-09-08 16:37:58,813 [INFO] IPUIPlugin:80 - create IPUIPlugin
2025-09-08 16:37:58,813 [INFO] PluginManager:220 - loadIPPluginJar : add ltdc
2025-09-08 16:37:58,902 [INFO] IPUIPlugin:80 - create IPUIPlugin
2025-09-08 16:37:58,903 [INFO] PluginManager:220 - loadIPPluginJar : add mdma
2025-09-08 16:37:58,944 [INFO] IPUIPlugin:80 - create IPUIPlugin
2025-09-08 16:37:58,944 [INFO] PluginManager:220 - loadIPPluginJar : add nvic
2025-09-08 16:37:59,101 [INFO] IPUIPlugin:80 - create IPUIPlugin
2025-09-08 16:37:59,101 [INFO] PluginManager:220 - loadIPPluginJar : add opamp
2025-09-08 16:37:59,413 [INFO] IPUIPlugin:80 - create IPUIPlugin
2025-09-08 16:37:59,451 [INFO] PluginManager:220 - loadIPPluginJar : add openamp
2025-09-08 16:37:59,664 [INFO] IPUIPlugin:80 - create IPUIPlugin
2025-09-08 16:37:59,665 [INFO] PluginManager:220 - loadIPPluginJar : add pdm2pcm
2025-09-08 16:37:59,712 [INFO] IPUIPlugin:80 - create IPUIPlugin
2025-09-08 16:37:59,718 [INFO] PluginManager:220 - loadIPPluginJar : add plateformsettings
2025-09-08 16:37:59,804 [INFO] IPUIPlugin:80 - create IPUIPlugin
2025-09-08 16:37:59,804 [INFO] PluginManager:220 - loadIPPluginJar : add quadspi
2025-09-08 16:37:59,904 [INFO] IPUIPlugin:80 - create IPUIPlugin
2025-09-08 16:37:59,906 [INFO] PluginManager:220 - loadIPPluginJar : add radio
2025-09-08 16:37:59,950 [INFO] IPUIPlugin:80 - create IPUIPlugin
2025-09-08 16:37:59,950 [INFO] PluginManager:220 - loadIPPluginJar : add resmgrutility
2025-09-08 16:38:00,143 [INFO] IPUIPlugin:80 - create IPUIPlugin
2025-09-08 16:38:00,143 [INFO] PluginManager:220 - loadIPPluginJar : add sai
2025-09-08 16:38:00,319 [INFO] IPUIPlugin:80 - create IPUIPlugin
2025-09-08 16:38:00,319 [INFO] PluginManager:220 - loadIPPluginJar : add spi
2025-09-08 16:38:00,660 [INFO] IPUIPlugin:80 - create IPUIPlugin
2025-09-08 16:38:00,660 [INFO] PluginManager:220 - loadIPPluginJar : add stm32_wpan
2025-09-08 16:38:00,752 [INFO] IPUIPlugin:80 - create IPUIPlugin
2025-09-08 16:38:00,752 [INFO] PluginManager:220 - loadIPPluginJar : add tim
2025-09-08 16:38:00,844 [INFO] ThirdPartyUpdaterWithRetryManager:70 - Updater plugin not ready yet. [4/15]
2025-09-08 16:38:00,974 [INFO] IPUIPlugin:80 - create IPUIPlugin
2025-09-08 16:38:00,974 [INFO] PluginManager:220 - loadIPPluginJar : add touchsensing
2025-09-08 16:38:01,095 [INFO] IPUIPlugin:80 - create IPUIPlugin
2025-09-08 16:38:01,096 [INFO] PluginManager:220 - loadIPPluginJar : add tracer_emb
2025-09-08 16:38:01,188 [INFO] IPUIPlugin:80 - create IPUIPlugin
2025-09-08 16:38:01,188 [INFO] PluginManager:220 - loadIPPluginJar : add ts
2025-09-08 16:38:01,274 [INFO] IPUIPlugin:80 - create IPUIPlugin
2025-09-08 16:38:01,274 [INFO] PluginManager:220 - loadIPPluginJar : add tsc
2025-09-08 16:38:01,356 [INFO] IPUIPlugin:80 - create IPUIPlugin
2025-09-08 16:38:01,356 [INFO] PluginManager:220 - loadIPPluginJar : add ucpd
2025-09-08 16:38:01,517 [INFO] IPUIPlugin:80 - create IPUIPlugin
2025-09-08 16:38:01,517 [INFO] PluginManager:220 - loadIPPluginJar : add usart
2025-09-08 16:38:01,718 [INFO] IPUIPlugin:80 - create IPUIPlugin
2025-09-08 16:38:01,718 [INFO] PluginManager:220 - loadIPPluginJar : add usbx
2025-09-08 16:38:02,008 [FATAL] Updater:351 - Updater called before beeing initialized
2025-09-08 16:38:02,114 [INFO] RulesReader:64 - Compatibility file has been processed (302 Rules)
2025-09-08 16:38:02,167 [INFO] RulesReader:64 - Compatibility file has been processed (302 Rules)
2025-09-08 16:38:02,221 [INFO] CADModel:165 - CPN selected for project level
2025-09-08 16:38:02,221 [INFO] CADModel:114 - Register for checkConnection events
2025-09-08 16:38:02,221 [FATAL] Updater:351 - Updater called before beeing initialized
2025-09-08 16:38:02,222 [ERROR] CADModel:125 - Updater not yet initialized, retry later 
2025-09-08 16:38:02,702 [FATAL] Updater:351 - Updater called before beeing initialized
2025-09-08 16:38:02,708 [INFO] CADModel:165 - CPN selected for project level
2025-09-08 16:38:02,708 [INFO] CADModel:114 - Register for checkConnection events
2025-09-08 16:38:02,708 [FATAL] Updater:351 - Updater called before beeing initialized
2025-09-08 16:38:02,709 [ERROR] CADModel:125 - Updater not yet initialized, retry later 
2025-09-08 16:38:02,720 [FATAL] Updater:351 - Updater called before beeing initialized
2025-09-08 16:38:03,193 [FATAL] Updater:351 - Updater called before beeing initialized
2025-09-08 16:38:03,229 [INFO] DbMcusAds:53 - JSON generation date=Tue Jul 08 13:44:23 IST 2025 (1751962463582)
2025-09-08 16:38:03,230 [FATAL] Updater:351 - Updater called before beeing initialized
2025-09-08 16:38:03,470 [WARN] DetailPanel:346 - Failed to get advertising image, set to default
2025-09-08 16:38:03,845 [INFO] ThirdPartyUpdaterWithRetryManager:70 - Updater plugin not ready yet. [5/15]
2025-09-08 16:38:04,230 [FATAL] Updater:351 - Updater called before beeing initialized
2025-09-08 16:38:04,235 [FATAL] Updater:351 - Updater called before beeing initialized
2025-09-08 16:38:04,235 [FATAL] Updater:351 - Updater called before beeing initialized
2025-09-08 16:38:04,235 [WARN] DetailPanel:346 - Failed to get advertising image, set to default
2025-09-08 16:38:04,238 [FATAL] Updater:351 - Updater called before beeing initialized
2025-09-08 16:38:04,460 [ERROR] Updater:1198 - MainUpdater not yet initialized. External WinMGr cannot be set.
2025-09-08 16:38:04,492 [INFO] Updater:1134 - Updater Version found : 6.14.1
2025-09-08 16:38:04,539 [INFO] ApplicationProperties:184 - Using Application install path: D:\STM32CubeIDE_1.18.1\STM32CubeIDE\plugins\com.st.stm32cube.common.mx_6.14.1.202504091515
2025-09-08 16:38:05,510 [INFO] MainUpdater:2872 - connection check result : 10
2025-09-08 16:38:05,513 [INFO] MainUpdater:289 - Updater Check For Update Now.
2025-09-08 16:38:05,513 [INFO] MicroXplorer:498 - Change Database Version : DB.6.0.141
2025-09-08 16:38:05,651 [INFO] McuFinderGlobals:63 - Set McuFinder mode to 2 (CubeIDE integrated)
2025-09-08 16:38:05,691 [INFO] UserAuth:484 - Internet connection configuration mode: 1
2025-09-08 16:38:05,820 [INFO] JxBrowserEngine:152 - Initiate JxBrowser Engine with user profile folder
2025-09-08 16:38:06,084 [INFO] CheckServerUpdateThread:120 - End of CheckServer Thread
2025-09-08 16:38:08,055 [WARN] PackLoader:240 - Cannot read IP mode file for STMicroelectronics.FP-SNS-MOTENVWB1.1.4.0
2025-09-08 16:38:08,119 [WARN] PackLoader:240 - Cannot read IP mode file for STMicroelectronics.FP-ATR-ASTRA1.2.0.2
2025-09-08 16:38:08,169 [WARN] PackLoader:240 - Cannot read IP mode file for STMicroelectronics.X-CUBE-SMBUS.2.1.0
2025-09-08 16:38:08,229 [WARN] PackLoader:240 - Cannot read IP mode file for STMicroelectronics.X-CUBE-WB05N.1.1.0
2025-09-08 16:38:08,283 [WARN] PackLoader:240 - Cannot read IP mode file for STMicroelectronics.X-CUBE-ST60.1.0.0
2025-09-08 16:38:08,437 [WARN] PackLoader:240 - Cannot read IP mode file for STMicroelectronics.X-CUBE-AZRTOS-F7.1.1.0
2025-09-08 16:38:08,536 [WARN] PackLoader:240 - Cannot read IP mode file for STMicroelectronics.FP-SNS-FLIGHT1.5.0.2
2025-09-08 16:38:08,669 [WARN] PackLoader:240 - Cannot read IP mode file for Infineon.AIROC-Wi-Fi-Bluetooth-STM32.1.7.0
2025-09-08 16:38:08,820 [WARN] PackLoader:240 - Cannot read IP mode file for STMicroelectronics.X-CUBE-AZRTOS-H7.3.4.0
2025-09-08 16:38:08,898 [WARN] PackLoader:240 - Cannot read IP mode file for STMicroelectronics.X-CUBE-DISPLAY.3.0.0
2025-09-08 16:38:08,981 [WARN] PackLoader:240 - Cannot read IP mode file for STMicroelectronics.X-CUBE-NFC10.1.0.0
2025-09-08 16:38:09,061 [WARN] PackLoader:240 - Cannot read IP mode file for STMicroelectronics.X-CUBE-BLEMGR.4.0.0
2025-09-08 16:38:09,125 [WARN] PackLoader:240 - Cannot read IP mode file for emotas.I-CUBE-CANOPEN.1.3.0
2025-09-08 16:38:09,176 [WARN] ConditionMgr:438 - getConditionDescription Invalid condition id : Cortex-A Device cause : null
2025-09-08 16:38:09,279 [WARN] ConditionMgr:1044 - genDependencies : Invalid condition id : Cortex-A Device cause : null
2025-09-08 16:38:09,280 [WARN] ConditionMgr:1044 - genDependencies : Invalid condition id : Cortex-A Device cause : null
2025-09-08 16:38:09,280 [WARN] ConditionMgr:1044 - genDependencies : Invalid condition id : Cortex-A Device cause : null
2025-09-08 16:38:09,341 [WARN] PackLoader:240 - Cannot read IP mode file for STMicroelectronics.X-CUBE-AI.10.0.0
2025-09-08 16:38:09,406 [WARN] PackLoader:240 - Cannot read IP mode file for STMicroelectronics.FP-SNS-SMARTAG2.1.2.0
2025-09-08 16:38:09,463 [WARN] PackLoader:240 - Cannot read IP mode file for STMicroelectronics.FP-SNS-FLIGHT1.5.1.0
2025-09-08 16:38:09,737 [WARN] PackLoader:240 - Cannot read IP mode file for STMicroelectronics.X-CUBE-MEMS1.11.1.0
2025-09-08 16:38:10,287 [INFO] WebApp:169 - Instantiating new browser for Auth
2025-09-08 16:38:10,297 [INFO] LogOutputStream:77 - [STDOUT_REDIRECT] 1 : Invalid condition id : UX_CORESTACK_Condition cause : null
2025-09-08 16:38:10,298 [INFO] LogOutputStream:77 - [STDOUT_REDIRECT] 1 : Invalid condition id : UX_CORESTACK_Condition cause : null
2025-09-08 16:38:10,302 [INFO] LogOutputStream:77 - [STDOUT_REDIRECT] 1 : Invalid condition id : UX_CORESTACK_Condition cause : null
2025-09-08 16:38:10,306 [INFO] LogOutputStream:77 - [STDOUT_REDIRECT] 1 : Invalid condition id : UX_CORESTACK_Condition cause : null
2025-09-08 16:38:10,312 [INFO] LogOutputStream:77 - [STDOUT_REDIRECT] 1 : Invalid condition id : UX_CORESTACK_Condition cause : null
2025-09-08 16:38:10,320 [WARN] PackLoader:240 - Cannot read IP mode file for STMicroelectronics.X-CUBE-AZRTOS-WL.2.0.0
2025-09-08 16:38:10,486 [WARN] PackLoader:240 - Cannot read IP mode file for STMicroelectronics.FP-SNS-MOTENV1.5.0.0
2025-09-08 16:38:10,584 [WARN] PackLoader:240 - Cannot read IP mode file for WES.I-CUBE-Cesium.1.3.0
2025-09-08 16:38:10,672 [WARN] PackLoader:240 - Cannot read IP mode file for STMicroelectronics.X-CUBE-BLE2.3.3.0
2025-09-08 16:38:10,744 [WARN] PackLoader:240 - Cannot read IP mode file for STMicroelectronics.X-CUBE-NFC9.1.0.0
2025-09-08 16:38:10,831 [WARN] PackLoader:240 - Cannot read IP mode file for STMicroelectronics.X-CUBE-BLE1.7.1.0
2025-09-08 16:38:10,900 [WARN] PackLoader:240 - Cannot read IP mode file for wolfSSL.I-CUBE-wolfMQTT.1.19.2
2025-09-08 16:38:10,974 [WARN] PackLoader:240 - Cannot read IP mode file for STMicroelectronics.X-CUBE-EEPRMA1.5.2.0
2025-09-08 16:38:11,316 [WARN] PackLoader:240 - Cannot read IP mode file for STMicroelectronics.X-CUBE-MEMS1.11.2.0
2025-09-08 16:38:11,938 [WARN] PackLoader:240 - Cannot read IP mode file for STMicroelectronics.X-CUBE-AZRTOS-G0.1.1.0
2025-09-08 16:38:12,015 [WARN] PackLoader:240 - Cannot read IP mode file for STMicroelectronics.X-CUBE-SAFEA1.1.2.2
2025-09-08 16:38:12,082 [WARN] PackLoader:240 - Cannot read IP mode file for STMicroelectronics.X-CUBE-NFC4.3.0.0
2025-09-08 16:38:12,149 [WARN] PackLoader:240 - Cannot read IP mode file for EmbeddedOffice.I-CUBE-FS-RTOS.1.0.1
2025-09-08 16:38:12,190 [WARN] PackLoader:240 - Cannot read IP mode file for STMicroelectronics.X-CUBE-WB05N.2.0.0
2025-09-08 16:38:12,247 [WARN] PackLoader:240 - Cannot read IP mode file for wolfSSL.I-CUBE-wolfTPM.3.8.0
2025-09-08 16:38:12,301 [WARN] PackLoader:240 - Cannot read IP mode file for STMicroelectronics.X-CUBE-TCPP.4.2.0
2025-09-08 16:38:12,356 [WARN] PackLoader:240 - Cannot read IP mode file for RealThread.X-CUBE-RT-Thread_Nano.4.1.1
2025-09-08 16:38:12,416 [WARN] PackLoader:240 - Cannot read IP mode file for STMicroelectronics.FP-ATR-SIGFOX1.3.2.0
2025-09-08 16:38:12,469 [WARN] PackLoader:240 - Cannot read IP mode file for STMicroelectronics.X-CUBE-EEPRMA1.5.1.0
2025-09-08 16:38:12,531 [WARN] PackLoader:240 - Cannot read IP mode file for wolfSSL.I-CUBE-wolfSSL.5.7.6
2025-09-08 16:38:12,602 [WARN] PackLoader:240 - Cannot read IP mode file for ITTIA_DB.I-CUBE-ITTIADB.8.9.0
2025-09-08 16:38:12,675 [WARN] PackLoader:240 - Cannot read IP mode file for STMicroelectronics.X-CUBE-ST67W61.1.0.0
2025-09-08 16:38:12,803 [WARN] PackLoader:240 - Cannot read IP mode file for SEGGER.I-CUBE-embOS.1.3.1
2025-09-08 16:38:12,950 [WARN] PackLoader:240 - Cannot read IP mode file for STMicroelectronics.X-CUBE-ALGOBUILD.1.4.0
2025-09-08 16:38:13,252 [WARN] PackLoader:240 - Cannot read IP mode file for STMicroelectronics.X-CUBE-MEMS1.11.3.0
2025-09-08 16:38:13,729 [WARN] PackLoader:240 - Cannot read IP mode file for STMicroelectronics.X-CUBE-PM33A1.1.0.0
2025-09-08 16:38:13,843 [WARN] PackLoader:240 - Cannot read IP mode file for STMicroelectronics.X-CUBE-AZRTOS-F4.1.1.0
2025-09-08 16:38:13,906 [INFO] WebApp:463 - Apply proxy settings
2025-09-08 16:38:13,909 [INFO] WebApp:548 - Chromium requires no authentication
2025-09-08 16:38:13,916 [WARN] PackLoader:240 - Cannot read IP mode file for Avnet-IotConnect.X-CUBE-IoTC-DA16k-PMOD.1.0.0
2025-09-08 16:38:13,942 [INFO] WebApp:491 - Direct internet connection detected
2025-09-08 16:38:13,981 [WARN] PackLoader:240 - Cannot read IP mode file for STMicroelectronics.X-CUBE-ISPU.2.1.0
2025-09-08 16:38:14,044 [INFO] WebApp:894 - Register for checkConnection events
2025-09-08 16:38:14,046 [INFO] WebApp:463 - Apply proxy settings
2025-09-08 16:38:14,046 [INFO] WebApp:548 - Chromium requires no authentication
2025-09-08 16:38:14,048 [INFO] WebApp:491 - Direct internet connection detected
2025-09-08 16:38:14,051 [WARN] PackLoader:240 - Cannot read IP mode file for STMicroelectronics.X-CUBE-NFC12.1.0.0
2025-09-08 16:38:14,163 [WARN] PackLoader:240 - Cannot read IP mode file for STMicroelectronics.X-CUBE-AZRTOS-L5.2.0.0
2025-09-08 16:38:14,225 [WARN] PackLoader:240 - Cannot read IP mode file for STMicroelectronics.X-CUBE-NFC6.3.1.0
2025-09-08 16:38:14,281 [WARN] PackLoader:240 - Cannot read IP mode file for STMicroelectronics.X-CUBE-DPower.1.2.0
2025-09-08 16:38:14,342 [WARN] PackLoader:240 - Cannot read IP mode file for STMicroelectronics.X-CUBE-FREERTOS.1.3.1
2025-09-08 16:38:14,411 [WARN] PackLoader:240 - Cannot read IP mode file for STMicroelectronics.X-CUBE-FREERTOS.1.3.0
2025-09-08 16:38:14,466 [INFO] WebApp:191 - Connection restablished
2025-09-08 16:38:14,478 [WARN] PackLoader:240 - Cannot read IP mode file for STMicroelectronics.X-CUBE-NFC7.1.0.1
2025-09-08 16:38:14,539 [WARN] PackLoader:240 - Cannot read IP mode file for STMicroelectronics.X-CUBE-DPower.1.3.0
2025-09-08 16:38:14,676 [WARN] ConditionMgr:438 - getConditionDescription Invalid condition id : LAN8742 Phy interface Condition cause : null
2025-09-08 16:38:14,680 [WARN] PackLoader:240 - Cannot read IP mode file for STMicroelectronics.X-CUBE-AZRTOS-L4.2.0.0
2025-09-08 16:38:14,683 [WARN] ConditionMgr:1044 - genDependencies : Invalid condition id : LAN8742 Phy interface Condition cause : null
2025-09-08 16:38:14,684 [WARN] ConditionMgr:1044 - genDependencies : Invalid condition id : LAN8742 Phy interface Condition cause : null
2025-09-08 16:38:14,686 [WARN] ConditionMgr:1044 - genDependencies : Invalid condition id : LAN8742 Phy interface Condition cause : null
2025-09-08 16:38:14,763 [WARN] PackLoader:240 - Cannot read IP mode file for STMicroelectronics.X-CUBE-SFXS2LP1.4.0.0
2025-09-08 16:38:14,890 [WARN] PackLoader:240 - Cannot read IP mode file for STMicroelectronics.X-CUBE-AZRTOS-H7.3.3.0
2025-09-08 16:38:15,000 [WARN] ConditionMgr:438 - getConditionDescription Invalid condition id : UX DEVICE CLASS RTOS Condition cause : null
2025-09-08 16:38:15,000 [WARN] ConditionMgr:438 - getConditionDescription Invalid condition id : UX DEVICE CLASS RTOS Condition cause : null
2025-09-08 16:38:15,006 [WARN] PackLoader:240 - Cannot read IP mode file for STMicroelectronics.X-CUBE-AZRTOS-WB.2.0.0
2025-09-08 16:38:15,007 [INFO] WebApp:225 - Starting web application
2025-09-08 16:38:15,007 [INFO] WebApp:593 - Web application path used D:\STM32CubeIDE_1.18.1\STM32CubeIDE\plugins\com.st.stm32cube.common.mx_6.14.1.202504091515\db\plugins\mcufinder\reactClient1\index.html
2025-09-08 16:38:15,008 [WARN] ConditionMgr:1044 - genDependencies : Invalid condition id : UX DEVICE CLASS RTOS Condition cause : null
2025-09-08 16:38:15,009 [WARN] ConditionMgr:1044 - genDependencies : Invalid condition id : UX DEVICE CLASS RTOS Condition cause : null
2025-09-08 16:38:15,011 [WARN] ConditionMgr:1044 - genDependencies : Invalid condition id : UX DEVICE CLASS RTOS Condition cause : null
2025-09-08 16:38:15,012 [WARN] ConditionMgr:1044 - genDependencies : Invalid condition id : UX DEVICE CLASS RTOS Condition cause : null
2025-09-08 16:38:15,012 [WARN] ConditionMgr:1044 - genDependencies : Invalid condition id : UX DEVICE CLASS RTOS Condition cause : null
2025-09-08 16:38:15,076 [WARN] PackLoader:240 - Cannot read IP mode file for STMicroelectronics.X-CUBE-GNSS1.7.0.1
2025-09-08 16:38:15,145 [WARN] PackLoader:240 - Cannot read IP mode file for STMicroelectronics.X-CUBE-TOUCHGFX.4.25.0
2025-09-08 16:38:15,215 [WARN] PackLoader:240 - Cannot read IP mode file for STMicroelectronics.FP-SNS-STBOX1.2.0.0
2025-09-08 16:38:15,320 [WARN] PackLoader:240 - Cannot read IP mode file for STMicroelectronics.X-CUBE-SUBG2.5.0.0
2025-09-08 16:38:15,448 [WARN] PackLoader:240 - Cannot read IP mode file for STMicroelectronics.X-CUBE-AZRTOS-H7RS.1.1.0
2025-09-08 16:38:15,525 [WARN] PackLoader:240 - Cannot read IP mode file for Cesanta.I-CUBE-Mongoose.7.13.0
2025-09-08 16:38:15,669 [WARN] PackLoader:240 - Cannot read IP mode file for STMicroelectronics.X-CUBE-AZRTOS-G4.2.0.0
2025-09-08 16:38:15,735 [WARN] PackLoader:240 - Cannot read IP mode file for wolfSSL.I-CUBE-wolfSSH.1.4.20
2025-09-08 16:38:15,789 [WARN] PackLoader:240 - Cannot read IP mode file for STMicroelectronics.X-CUBE-NFC7.2.0.0
2025-09-08 16:38:15,875 [WARN] PackLoader:240 - Cannot read IP mode file for STMicroelectronics.X-CUBE-IPS.3.1.0
2025-09-08 16:38:15,955 [WARN] PackLoader:240 - Cannot read IP mode file for STMicroelectronics.X-CUBE-ALS.1.0.2
2025-09-08 16:38:16,021 [WARN] PackLoader:240 - Cannot read IP mode file for STMicroelectronics.X-CUBE-TOUCHGFX.4.24.2
2025-09-08 16:38:16,100 [WARN] PackLoader:240 - Cannot read IP mode file for STMicroelectronics.X-CUBE-STSE01.1.0.0
2025-09-08 16:38:16,177 [WARN] PackLoader:240 - Cannot read IP mode file for portGmbH.I-Cube-SoM-uGOAL.1.1.0
2025-09-08 16:38:16,302 [WARN] PackLoader:240 - Cannot read IP mode file for STMicroelectronics.X-CUBE-AZRTOS-H7RS.1.0.0
2025-09-08 16:38:16,399 [WARN] PackLoader:240 - Cannot read IP mode file for STMicroelectronics.X-CUBE-TOF1.3.4.2
2025-09-08 16:38:16,517 [WARN] PackLoader:240 - Cannot read IP mode file for STMicroelectronics.X-CUBE-TOF1.3.4.3
2025-09-08 16:38:16,552 [INFO] ThirdParty:978 - Integrity check success = true
2025-09-08 16:38:16,553 [INFO] IntegrityCheckThread:100 - exiting critical section [integrity check]
2025-09-08 16:38:16,553 [INFO] IntegrityCheckThread:103 - End integrity checks thread
2025-09-08 16:38:16,630 [INFO] UserAuth:484 - Internet connection configuration mode: 1
2025-09-08 17:04:00,053 [INFO] WebApp:194 - Connection lost
2025-09-08 17:04:00,404 [INFO] WebApp:191 - Connection restablished
2025-09-08 17:04:02,177 [INFO] WebApp:194 - Connection lost
2025-09-08 17:04:02,499 [INFO] WebApp:191 - Connection restablished
2025-09-08 17:29:15,068 [INFO] WebApp:194 - Connection lost
2025-09-08 17:29:15,317 [INFO] WebApp:191 - Connection restablished
2025-09-08 19:20:32,214 [INFO] WebApp:403 - JxBrowser engine has been closed 
2025-09-08 19:20:38,856 [ERROR] LogOutputStream:75 - [STDERR_REDIRECT] [Fatal Error] :1:1: Premature end of file.
2025-09-08 19:20:38,857 [ERROR] LogOutputStream:75 - [STDERR_REDIRECT] 
2025-09-08 19:20:39,856 [ERROR] LogOutputStream:75 - [STDERR_REDIRECT] [Fatal Error] :1:1: Premature end of file.
2025-09-08 19:20:39,857 [ERROR] LogOutputStream:75 - [STDERR_REDIRECT] 
2025-09-08 19:20:40,851 [ERROR] LogOutputStream:75 - [STDERR_REDIRECT] [Fatal Error] :1:1: Premature end of file.
2025-09-08 19:20:40,852 [ERROR] LogOutputStream:75 - [STDERR_REDIRECT] 
2025-09-08 19:20:41,850 [ERROR] LogOutputStream:75 - [STDERR_REDIRECT] [Fatal Error] :1:1: Premature end of file.
2025-09-08 19:20:41,851 [ERROR] LogOutputStream:75 - [STDERR_REDIRECT] 
2025-09-08 19:20:42,856 [ERROR] LogOutputStream:75 - [STDERR_REDIRECT] [Fatal Error] :1:1: Premature end of file.
2025-09-08 19:20:42,857 [ERROR] LogOutputStream:75 - [STDERR_REDIRECT] 
2025-09-08 19:20:43,856 [ERROR] LogOutputStream:75 - [STDERR_REDIRECT] [Fatal Error] :1:1: Premature end of file.
2025-09-08 19:20:43,857 [ERROR] LogOutputStream:75 - [STDERR_REDIRECT] 
2025-09-08 19:20:44,856 [ERROR] LogOutputStream:75 - [STDERR_REDIRECT] [Fatal Error] :1:1: Premature end of file.
2025-09-08 19:20:44,856 [ERROR] LogOutputStream:75 - [STDERR_REDIRECT] 
2025-09-08 19:20:45,854 [ERROR] LogOutputStream:75 - [STDERR_REDIRECT] [Fatal Error] :1:1: Premature end of file.
2025-09-08 19:20:45,855 [ERROR] LogOutputStream:75 - [STDERR_REDIRECT] 
2025-09-08 19:20:46,855 [ERROR] LogOutputStream:75 - [STDERR_REDIRECT] [Fatal Error] :1:1: Premature end of file.
2025-09-08 19:20:46,855 [ERROR] LogOutputStream:75 - [STDERR_REDIRECT] 
2025-09-08 19:20:47,856 [ERROR] LogOutputStream:75 - [STDERR_REDIRECT] [Fatal Error] :1:1: Premature end of file.
2025-09-08 19:20:47,857 [ERROR] LogOutputStream:75 - [STDERR_REDIRECT] 
2025-09-08 19:20:48,857 [ERROR] LogOutputStream:75 - [STDERR_REDIRECT] [Fatal Error] :1:1: Premature end of file.
2025-09-08 19:20:48,857 [ERROR] LogOutputStream:75 - [STDERR_REDIRECT] 
2025-09-08 19:20:49,859 [ERROR] LogOutputStream:75 - [STDERR_REDIRECT] [Fatal Error] :1:1: Premature end of file.
2025-09-08 19:20:49,859 [ERROR] LogOutputStream:75 - [STDERR_REDIRECT] 
2025-09-08 19:20:50,859 [ERROR] LogOutputStream:75 - [STDERR_REDIRECT] [Fatal Error] :1:1: Premature end of file.
2025-09-08 19:20:50,859 [ERROR] LogOutputStream:75 - [STDERR_REDIRECT] 
2025-09-08 19:20:51,858 [ERROR] LogOutputStream:75 - [STDERR_REDIRECT] [Fatal Error] :1:1: Premature end of file.
2025-09-08 19:20:51,859 [ERROR] LogOutputStream:75 - [STDERR_REDIRECT] 
2025-09-08 19:20:52,861 [ERROR] LogOutputStream:75 - [STDERR_REDIRECT] [Fatal Error] :1:1: Premature end of file.
2025-09-08 19:20:52,861 [ERROR] LogOutputStream:75 - [STDERR_REDIRECT] 
2025-09-08 19:20:53,859 [ERROR] LogOutputStream:75 - [STDERR_REDIRECT] [Fatal Error] :1:1: Premature end of file.
2025-09-08 19:20:53,859 [ERROR] LogOutputStream:75 - [STDERR_REDIRECT] 
2025-09-08 19:20:54,855 [ERROR] LogOutputStream:75 - [STDERR_REDIRECT] [Fatal Error] :1:1: Premature end of file.
2025-09-08 19:20:54,855 [ERROR] LogOutputStream:75 - [STDERR_REDIRECT] 
2025-09-08 19:20:55,856 [ERROR] LogOutputStream:75 - [STDERR_REDIRECT] [Fatal Error] :1:1: Premature end of file.
2025-09-08 19:20:55,856 [ERROR] LogOutputStream:75 - [STDERR_REDIRECT] 
2025-09-08 19:20:56,853 [ERROR] LogOutputStream:75 - [STDERR_REDIRECT] [Fatal Error] :1:1: Premature end of file.
2025-09-08 19:20:56,855 [ERROR] LogOutputStream:75 - [STDERR_REDIRECT] 
2025-09-08 19:20:57,857 [ERROR] LogOutputStream:75 - [STDERR_REDIRECT] [Fatal Error] :1:1: Premature end of file.
2025-09-08 19:20:57,857 [ERROR] LogOutputStream:75 - [STDERR_REDIRECT] 
2025-09-08 19:20:58,855 [ERROR] LogOutputStream:75 - [STDERR_REDIRECT] [Fatal Error] :1:1: Premature end of file.
2025-09-08 19:20:58,855 [ERROR] LogOutputStream:75 - [STDERR_REDIRECT] 
2025-09-08 19:20:59,859 [ERROR] LogOutputStream:75 - [STDERR_REDIRECT] [Fatal Error] :1:1: Premature end of file.
2025-09-08 19:20:59,860 [ERROR] LogOutputStream:75 - [STDERR_REDIRECT] 
2025-09-08 19:21:00,856 [ERROR] LogOutputStream:75 - [STDERR_REDIRECT] [Fatal Error] :1:1: Premature end of file.
2025-09-08 19:21:00,856 [ERROR] LogOutputStream:75 - [STDERR_REDIRECT] 
2025-09-08 19:21:01,855 [ERROR] LogOutputStream:75 - [STDERR_REDIRECT] [Fatal Error] :1:1: Premature end of file.
2025-09-08 19:21:01,856 [ERROR] LogOutputStream:75 - [STDERR_REDIRECT] 
2025-09-08 19:21:02,852 [ERROR] LogOutputStream:75 - [STDERR_REDIRECT] [Fatal Error] :1:1: Premature end of file.
2025-09-08 19:21:02,854 [ERROR] LogOutputStream:75 - [STDERR_REDIRECT] 
2025-09-08 19:21:03,853 [ERROR] LogOutputStream:75 - [STDERR_REDIRECT] [Fatal Error] :1:1: Premature end of file.
2025-09-08 19:21:03,853 [ERROR] LogOutputStream:75 - [STDERR_REDIRECT] 
2025-09-08 19:21:04,856 [ERROR] LogOutputStream:75 - [STDERR_REDIRECT] [Fatal Error] :1:1: Premature end of file.
2025-09-08 19:21:04,857 [ERROR] LogOutputStream:75 - [STDERR_REDIRECT] 
2025-09-08 19:21:05,857 [ERROR] LogOutputStream:75 - [STDERR_REDIRECT] [Fatal Error] :1:1: Premature end of file.
2025-09-08 19:21:05,858 [ERROR] LogOutputStream:75 - [STDERR_REDIRECT] 
2025-09-08 19:21:06,857 [ERROR] LogOutputStream:75 - [STDERR_REDIRECT] [Fatal Error] :1:1: Premature end of file.
2025-09-08 19:21:06,857 [ERROR] LogOutputStream:75 - [STDERR_REDIRECT] 
2025-09-08 19:21:07,857 [ERROR] LogOutputStream:75 - [STDERR_REDIRECT] [Fatal Error] :1:1: Premature end of file.
2025-09-08 19:21:07,858 [ERROR] LogOutputStream:75 - [STDERR_REDIRECT] 
2025-09-08 19:21:08,856 [ERROR] LogOutputStream:75 - [STDERR_REDIRECT] [Fatal Error] :1:1: Premature end of file.
2025-09-08 19:21:08,857 [ERROR] LogOutputStream:75 - [STDERR_REDIRECT] 
2025-09-08 19:21:09,854 [ERROR] LogOutputStream:75 - [STDERR_REDIRECT] [Fatal Error] :1:1: Premature end of file.
2025-09-08 19:21:09,855 [ERROR] LogOutputStream:75 - [STDERR_REDIRECT] 
2025-09-08 19:21:10,855 [ERROR] LogOutputStream:75 - [STDERR_REDIRECT] [Fatal Error] :1:1: Premature end of file.
2025-09-08 19:21:10,855 [ERROR] LogOutputStream:75 - [STDERR_REDIRECT] 
2025-09-08 19:21:11,855 [ERROR] LogOutputStream:75 - [STDERR_REDIRECT] [Fatal Error] :1:1: Premature end of file.
2025-09-08 19:21:11,857 [ERROR] LogOutputStream:75 - [STDERR_REDIRECT] 
2025-09-08 19:21:12,854 [ERROR] LogOutputStream:75 - [STDERR_REDIRECT] [Fatal Error] :1:1: Premature end of file.
2025-09-08 19:21:12,854 [ERROR] LogOutputStream:75 - [STDERR_REDIRECT] 
2025-09-08 19:21:13,857 [ERROR] LogOutputStream:75 - [STDERR_REDIRECT] [Fatal Error] :1:1: Premature end of file.
2025-09-08 19:21:13,858 [ERROR] LogOutputStream:75 - [STDERR_REDIRECT] 
2025-09-08 19:21:14,861 [ERROR] LogOutputStream:75 - [STDERR_REDIRECT] [Fatal Error] :1:1: Premature end of file.
2025-09-08 19:21:14,861 [ERROR] LogOutputStream:75 - [STDERR_REDIRECT] 
2025-09-08 19:21:15,856 [ERROR] LogOutputStream:75 - [STDERR_REDIRECT] [Fatal Error] :1:1: Premature end of file.
2025-09-08 19:21:15,856 [ERROR] LogOutputStream:75 - [STDERR_REDIRECT] 
2025-09-08 19:21:16,855 [ERROR] LogOutputStream:75 - [STDERR_REDIRECT] [Fatal Error] :1:1: Premature end of file.
2025-09-08 19:21:16,857 [ERROR] LogOutputStream:75 - [STDERR_REDIRECT] 
2025-09-08 19:21:17,855 [ERROR] LogOutputStream:75 - [STDERR_REDIRECT] [Fatal Error] :1:1: Premature end of file.
2025-09-08 19:21:17,855 [ERROR] LogOutputStream:75 - [STDERR_REDIRECT] 
2025-09-08 19:21:18,856 [ERROR] LogOutputStream:75 - [STDERR_REDIRECT] [Fatal Error] :1:1: Premature end of file.
2025-09-08 19:21:18,856 [ERROR] LogOutputStream:75 - [STDERR_REDIRECT] 
2025-09-08 19:21:19,855 [ERROR] LogOutputStream:75 - [STDERR_REDIRECT] [Fatal Error] :1:1: Premature end of file.
2025-09-08 19:21:19,855 [ERROR] LogOutputStream:75 - [STDERR_REDIRECT] 
2025-09-08 19:21:20,858 [ERROR] LogOutputStream:75 - [STDERR_REDIRECT] [Fatal Error] :1:1: Premature end of file.
2025-09-08 19:21:20,858 [ERROR] LogOutputStream:75 - [STDERR_REDIRECT] 
2025-09-08 19:21:21,855 [ERROR] LogOutputStream:75 - [STDERR_REDIRECT] [Fatal Error] :1:1: Premature end of file.
2025-09-08 19:21:21,855 [ERROR] LogOutputStream:75 - [STDERR_REDIRECT] 
2025-09-08 19:21:22,855 [ERROR] LogOutputStream:75 - [STDERR_REDIRECT] [Fatal Error] :1:1: Premature end of file.
2025-09-08 19:21:22,855 [ERROR] LogOutputStream:75 - [STDERR_REDIRECT] 
2025-09-08 19:21:23,857 [ERROR] LogOutputStream:75 - [STDERR_REDIRECT] [Fatal Error] :1:1: Premature end of file.
2025-09-08 19:21:23,857 [ERROR] LogOutputStream:75 - [STDERR_REDIRECT] 
2025-09-08 19:21:24,856 [ERROR] LogOutputStream:75 - [STDERR_REDIRECT] [Fatal Error] :1:1: Premature end of file.
2025-09-08 19:21:24,857 [ERROR] LogOutputStream:75 - [STDERR_REDIRECT] 
2025-09-08 19:21:25,857 [ERROR] LogOutputStream:75 - [STDERR_REDIRECT] [Fatal Error] :1:1: Premature end of file.
2025-09-08 19:21:25,858 [ERROR] LogOutputStream:75 - [STDERR_REDIRECT] 
2025-09-08 19:21:26,852 [ERROR] LogOutputStream:75 - [STDERR_REDIRECT] [Fatal Error] :1:1: Premature end of file.
2025-09-08 19:21:26,853 [ERROR] LogOutputStream:75 - [STDERR_REDIRECT] 
2025-09-08 19:21:27,856 [ERROR] LogOutputStream:75 - [STDERR_REDIRECT] [Fatal Error] :1:1: Premature end of file.
2025-09-08 19:21:27,856 [ERROR] LogOutputStream:75 - [STDERR_REDIRECT] 
2025-09-08 19:21:28,857 [ERROR] LogOutputStream:75 - [STDERR_REDIRECT] [Fatal Error] :1:1: Premature end of file.
2025-09-08 19:21:28,857 [ERROR] LogOutputStream:75 - [STDERR_REDIRECT] 
2025-09-08 19:21:29,857 [ERROR] LogOutputStream:75 - [STDERR_REDIRECT] [Fatal Error] :1:1: Premature end of file.
2025-09-08 19:21:29,857 [ERROR] LogOutputStream:75 - [STDERR_REDIRECT] 
2025-09-08 19:21:30,857 [ERROR] LogOutputStream:75 - [STDERR_REDIRECT] [Fatal Error] :1:1: Premature end of file.
2025-09-08 19:21:30,857 [ERROR] LogOutputStream:75 - [STDERR_REDIRECT] 
2025-09-08 19:21:31,855 [ERROR] LogOutputStream:75 - [STDERR_REDIRECT] [Fatal Error] :1:1: Premature end of file.
2025-09-08 19:21:31,855 [ERROR] LogOutputStream:75 - [STDERR_REDIRECT] 
2025-09-08 19:21:32,856 [ERROR] LogOutputStream:75 - [STDERR_REDIRECT] [Fatal Error] :1:1: Premature end of file.
2025-09-08 19:21:32,856 [ERROR] LogOutputStream:75 - [STDERR_REDIRECT] 
2025-09-08 19:21:33,856 [ERROR] LogOutputStream:75 - [STDERR_REDIRECT] [Fatal Error] :1:1: Premature end of file.
2025-09-08 19:21:33,857 [ERROR] LogOutputStream:75 - [STDERR_REDIRECT] 
2025-09-08 22:01:10,532 [ERROR] ConfigurationRetriever:142 - IOException on connection: sw-center.st.com
2025-09-08 22:01:10,539 [ERROR] ConfigurationRetriever:142 - IOException on connection: sw-center.st.com
2025-09-08 22:01:10,542 [ERROR] ConfigurationRetriever:142 - IOException on connection: sw-center.st.com
2025-09-08 22:01:13,812 [ERROR] LogOutputStream:75 - [STDERR_REDIRECT] 
