2025-09-17 18:28:09,939 [INFO] Activator:176 - 


2025-09-17 18:28:09,961 [INFO] Activator:177 - !SESSION log4j initialized
2025-09-17 18:28:37,030 [INFO] LogOutputStream:77 - [STDOUT_REDIRECT] 
2025-09-17 18:29:08,536 [INFO] ApplicationProperties:184 - Using Application install path: D:\STM32CubeIDE_1.18.1\STM32CubeIDE\plugins\com.st.stm32cube.common.mx_6.14.1.202504091515
2025-09-17 18:29:08,595 [INFO] DbMcusXml:78 - Set database path to: D:\STM32CubeIDE_1.18.1\STM32CubeIDE\plugins\com.st.stm32cube.common.mx_6.14.1.202504091515\\db\/mcu/
2025-09-17 18:29:08,597 [INFO] ApiDb:274 - Set plugin database path to: D:\STM32CubeIDE_1.18.1\STM32CubeIDE\plugins\com.st.stm32cube.common.mx_6.14.1.202504091515\\db\/plugins/boardmanager/
2025-09-17 18:29:08,600 [WARN] ApiDb:259 - Overriding images path with different value:  => D:\STM32CubeIDE_1.18.1\STM32CubeIDE\plugins\com.st.stm32cube.common.mx_6.14.1.202504091515\\db\/plugins/mcufinder/images/
2025-09-17 18:29:08,620 [INFO] ApiDb:250 - Set database path to: C:\Users\Asus\.stmcufinder\plugins\mcufinder//mcu/
2025-09-17 18:29:08,625 [INFO] DbMcusAds:125 - Set database path to: C:\Users\Asus\.stmcufinder\plugins\mcufinder//mcu/
2025-09-17 18:29:08,674 [INFO] CrossReferenceDbSqlite:203 - Set database path to: C:\Users\Asus\.stmcufinder\plugins\mcufinder//mcu/cs/
2025-09-17 18:29:09,121 [INFO] RulesReader:64 - Compatibility file has been processed (302 Rules)
2025-09-17 18:29:09,435 [INFO] DbMcusXml:78 - Set database path to: D:\STM32CubeIDE_1.18.1\STM32CubeIDE\plugins\com.st.stm32cube.common.mx_6.14.1.202504091515\\db\/mcu/
2025-09-17 18:29:09,435 [INFO] ApiDb:274 - Set plugin database path to: D:\STM32CubeIDE_1.18.1\STM32CubeIDE\plugins\com.st.stm32cube.common.mx_6.14.1.202504091515\\db\/plugins/boardmanager/
2025-09-17 18:29:09,435 [INFO] ApiDb:261 - Set plugin images path to: D:\STM32CubeIDE_1.18.1\STM32CubeIDE\plugins\com.st.stm32cube.common.mx_6.14.1.202504091515\\db\/plugins/mcufinder/images/
2025-09-17 18:29:09,435 [WARN] DbFile:41 - Overriding database path with different value: C:\Users\Asus\.stmcufinder\plugins\mcufinder/ => C:\Users\Asus\.stmcufinder\plugins\mcufinder
2025-09-17 18:29:09,435 [INFO] ApiDb:250 - Set database path to: C:\Users\Asus\.stmcufinder\plugins\mcufinder//mcu/
2025-09-17 18:29:09,435 [WARN] DbFile:41 - Overriding database path with different value: C:\Users\Asus\.stmcufinder\plugins\mcufinder/ => C:\Users\Asus\.stmcufinder\plugins\mcufinder
2025-09-17 18:29:09,439 [INFO] DbMcusAds:125 - Set database path to: C:\Users\Asus\.stmcufinder\plugins\mcufinder//mcu/
2025-09-17 18:29:09,439 [WARN] DbFile:41 - Overriding database path with different value: C:\Users\Asus\.stmcufinder\plugins\mcufinder/ => C:\Users\Asus\.stmcufinder\plugins\mcufinder
2025-09-17 18:29:09,439 [WARN] DbFile:41 - Overriding database path with different value: C:\Users\Asus\.stmcufinder\plugins\mcufinder/ => C:\Users\Asus\.stmcufinder\plugins\mcufinder
2025-09-17 18:29:09,439 [INFO] CrossReferenceDbSqlite:203 - Set database path to: C:\Users\Asus\.stmcufinder\plugins\mcufinder//mcu/cs/
2025-09-17 18:29:09,742 [INFO] MainPanel:272 - HeapMemory: 268435456
2025-09-17 18:29:10,168 [INFO] DbMcusXml:78 - Set database path to: D:\STM32CubeIDE_1.18.1\STM32CubeIDE\plugins\com.st.stm32cube.common.mx_6.14.1.202504091515\\db\/mcu/
2025-09-17 18:29:10,168 [INFO] ApiDb:274 - Set plugin database path to: D:\STM32CubeIDE_1.18.1\STM32CubeIDE\plugins\com.st.stm32cube.common.mx_6.14.1.202504091515\\db\/plugins/boardmanager/
2025-09-17 18:29:10,168 [INFO] ApiDb:261 - Set plugin images path to: D:\STM32CubeIDE_1.18.1\STM32CubeIDE\plugins\com.st.stm32cube.common.mx_6.14.1.202504091515\\db\/plugins/mcufinder/images/
2025-09-17 18:29:10,171 [WARN] DbFile:41 - Overriding database path with different value: C:\Users\Asus\.stmcufinder\plugins\mcufinder/ => C:\Users\Asus\.stmcufinder\plugins\mcufinder
2025-09-17 18:29:10,171 [INFO] ApiDb:250 - Set database path to: C:\Users\Asus\.stmcufinder\plugins\mcufinder//mcu/
2025-09-17 18:29:10,171 [WARN] DbFile:41 - Overriding database path with different value: C:\Users\Asus\.stmcufinder\plugins\mcufinder/ => C:\Users\Asus\.stmcufinder\plugins\mcufinder
2025-09-17 18:29:10,171 [INFO] DbMcusAds:125 - Set database path to: C:\Users\Asus\.stmcufinder\plugins\mcufinder//mcu/
2025-09-17 18:29:10,173 [WARN] DbFile:41 - Overriding database path with different value: C:\Users\Asus\.stmcufinder\plugins\mcufinder/ => C:\Users\Asus\.stmcufinder\plugins\mcufinder
2025-09-17 18:29:10,173 [WARN] DbFile:41 - Overriding database path with different value: C:\Users\Asus\.stmcufinder\plugins\mcufinder/ => C:\Users\Asus\.stmcufinder\plugins\mcufinder
2025-09-17 18:29:10,173 [INFO] CrossReferenceDbSqlite:203 - Set database path to: C:\Users\Asus\.stmcufinder\plugins\mcufinder//mcu/cs/
2025-09-17 18:29:10,260 [INFO] ApplicationProperties:184 - Using Application install path: D:\STM32CubeIDE_1.18.1\STM32CubeIDE\plugins\com.st.stm32cube.common.mx_6.14.1.202504091515
2025-09-17 18:29:10,270 [INFO] PluginManage:196 - Search for loadable plugins [exclusion list=, ]
2025-09-17 18:29:10,277 [INFO] PluginManage:310 - Check plugin analytics
2025-09-17 18:29:16,538 [INFO] AnalyticsPlugin:253 - Accepted Software Licenses: 
2025-09-17 18:29:16,540 [INFO] AnalyticsPlugin:255 - Accepted CMSIS Pack Licenses: 
2025-09-17 18:29:16,542 [INFO] AnalyticsPlugin:257 - Accepted Firmware Licenses: 
2025-09-17 18:29:16,558 [INFO] PluginManage:359 - Loaded plugin analytics (category:tool,tabindex:-1)
2025-09-17 18:29:16,558 [INFO] PluginManage:310 - Check plugin cadmodel
2025-09-17 18:29:17,495 [INFO] CADModel:105 - Init CAD model plugin
2025-09-17 18:29:17,495 [INFO] PluginManage:359 - Loaded plugin cadmodel (category:power,tabindex:5)
2025-09-17 18:29:17,496 [INFO] PluginManage:310 - Check plugin clock
2025-09-17 18:29:18,661 [INFO] PluginManage:359 - Loaded plugin clock (category:base,tabindex:2)
2025-09-17 18:29:18,661 [INFO] PluginManage:310 - Check plugin ddr
2025-09-17 18:29:18,826 [INFO] PluginManage:359 - Loaded plugin ddr (category:tool,tabindex:6)
2025-09-17 18:29:18,826 [INFO] PluginManage:310 - Check plugin filemanager
2025-09-17 18:29:22,635 [INFO] PluginManage:359 - Loaded plugin filemanager (category:base,tabindex:10)
2025-09-17 18:29:22,635 [INFO] PluginManage:310 - Check plugin ipmanager
2025-09-17 18:29:22,741 [INFO] PluginManage:359 - Loaded plugin ipmanager (category:base,tabindex:5)
2025-09-17 18:29:22,741 [INFO] PluginManage:310 - Check plugin lpbam
2025-09-17 18:29:22,910 [INFO] PluginManage:359 - Loaded plugin lpbam (category:base,tabindex:0)
2025-09-17 18:29:22,910 [INFO] PluginManage:310 - Check plugin memorymap
2025-09-17 18:29:23,006 [INFO] PluginManage:359 - Loaded plugin memorymap (category:base,tabindex:4)
2025-09-17 18:29:23,006 [INFO] PluginManage:310 - Check plugin pinoutandconfiguration
2025-09-17 18:29:23,083 [INFO] PluginManage:359 - Loaded plugin pinoutandconfiguration (category:base,tabindex:1)
2025-09-17 18:29:23,083 [INFO] PluginManage:310 - Check plugin pinoutconfig
2025-09-17 18:29:23,573 [WARN] SupportedApi:132 - Cannot load RTOS API schema: s4s-elt-must-match.1: The content of 'definitions' must match (annotation?, (simpleType | complexType)?, (unique | key | keyref)*)). A problem was found starting at: attribute.
2025-09-17 18:29:24,149 [INFO] PluginManage:359 - Loaded plugin pinoutconfig (category:base,tabindex:0)
2025-09-17 18:29:24,149 [INFO] PluginManage:310 - Check plugin power
2025-09-17 18:29:24,238 [INFO] PluginManage:359 - Loaded plugin power (category:power,tabindex:4)
2025-09-17 18:29:24,240 [INFO] PluginManage:310 - Check plugin projectmanager
2025-09-17 18:29:24,295 [INFO] PluginManage:359 - Loaded plugin projectmanager (category:projectmanager,tabindex:4)
2025-09-17 18:29:24,295 [INFO] PluginManage:310 - Check plugin rif
2025-09-17 18:29:24,373 [INFO] PluginManage:359 - Loaded plugin rif (category:base,tabindex:3)
2025-09-17 18:29:24,375 [INFO] PluginManage:310 - Check plugin thirdparty
2025-09-17 18:29:25,675 [WARN] IntegrityCheckThread:84 - waiting for thirdparty lock release [integrity check]
2025-09-17 18:29:25,675 [INFO] PluginManage:359 - Loaded plugin thirdparty (category:base,tabindex:-1)
2025-09-17 18:29:25,675 [INFO] IntegrityCheckThread:86 - entering critical section [integrity check]
2025-09-17 18:29:25,675 [INFO] PluginManage:310 - Check plugin tools
2025-09-17 18:29:25,682 [INFO] ThirdPartyUpdaterWithRetryManager:70 - Updater plugin not ready yet. [1/15]
2025-09-17 18:29:25,846 [INFO] PluginManage:359 - Loaded plugin tools (category:base,tabindex:7)
2025-09-17 18:29:25,846 [INFO] PluginManage:310 - Check plugin tutovideos
2025-09-17 18:29:26,599 [INFO] PluginManage:359 - Loaded plugin tutovideos (category:base,tabindex:-1)
2025-09-17 18:29:26,599 [INFO] PluginManage:310 - Check plugin updater
2025-09-17 18:29:26,671 [INFO] PluginManage:359 - Loaded plugin updater (category:base,tabindex:12)
2025-09-17 18:29:26,671 [INFO] PluginManage:310 - Check plugin userauth
2025-09-17 18:29:26,683 [INFO] UserAuth:118 - Init User Auth plugin
2025-09-17 18:29:26,685 [INFO] PluginManage:359 - Loaded plugin userauth (category:base,tabindex:14)
2025-09-17 18:29:26,685 [INFO] PluginManage:283 - PluginManage : Loaded plugins [18]
2025-09-17 18:29:28,155 [INFO] PinOutPanel:1589 - setPackage(No Configuration,No Configuration)
2025-09-17 18:29:28,659 [INFO] CADModel:165 - CPN selected for project level
2025-09-17 18:29:28,661 [INFO] CADModel:114 - Register for checkConnection events
2025-09-17 18:29:28,695 [INFO] ThirdPartyUpdaterWithRetryManager:70 - Updater plugin not ready yet. [2/15]
2025-09-17 18:29:28,821 [INFO] IPUIPlugin:80 - create IPUIPlugin
2025-09-17 18:29:28,823 [INFO] PluginManager:220 - loadIPPluginJar : add adc
2025-09-17 18:29:29,080 [INFO] IPUIPlugin:80 - create IPUIPlugin
2025-09-17 18:29:29,082 [INFO] PluginManager:220 - loadIPPluginJar : add aes
2025-09-17 18:29:29,339 [INFO] IPUIPlugin:80 - create IPUIPlugin
2025-09-17 18:29:29,341 [INFO] PluginManager:220 - loadIPPluginJar : add can
2025-09-17 18:29:29,490 [INFO] IPUIPlugin:80 - create IPUIPlugin
2025-09-17 18:29:29,490 [INFO] PluginManager:220 - loadIPPluginJar : add comp
2025-09-17 18:29:29,719 [INFO] IPUIPlugin:80 - create IPUIPlugin
2025-09-17 18:29:29,719 [INFO] PluginManager:220 - loadIPPluginJar : add cryp
2025-09-17 18:29:29,791 [INFO] IPUIPlugin:80 - create IPUIPlugin
2025-09-17 18:29:29,791 [INFO] PluginManager:220 - loadIPPluginJar : add ddr_ctrl_phy
2025-09-17 18:29:30,017 [INFO] IPUIPlugin:80 - create IPUIPlugin
2025-09-17 18:29:30,017 [INFO] PluginManager:220 - loadIPPluginJar : add dfsdm
2025-09-17 18:29:30,095 [INFO] IPUIPlugin:80 - create IPUIPlugin
2025-09-17 18:29:30,097 [INFO] PluginManager:220 - loadIPPluginJar : add dma
2025-09-17 18:29:30,338 [INFO] IPUIPlugin:80 - create IPUIPlugin
2025-09-17 18:29:30,338 [INFO] PluginManager:220 - loadIPPluginJar : add dma3
2025-09-17 18:29:30,589 [INFO] IPUIPlugin:80 - create IPUIPlugin
2025-09-17 18:29:30,589 [INFO] PluginManager:220 - loadIPPluginJar : add extmemmanager
2025-09-17 18:29:30,724 [INFO] IPUIPlugin:80 - create IPUIPlugin
2025-09-17 18:29:30,724 [INFO] PluginManager:220 - loadIPPluginJar : add fatfs
2025-09-17 18:29:31,030 [INFO] IPUIPlugin:80 - create IPUIPlugin
2025-09-17 18:29:31,030 [INFO] PluginManager:220 - loadIPPluginJar : add fmc
2025-09-17 18:29:31,128 [INFO] IPUIPlugin:80 - create IPUIPlugin
2025-09-17 18:29:31,129 [INFO] PluginManager:220 - loadIPPluginJar : add freertos
2025-09-17 18:29:31,780 [INFO] ThirdPartyUpdaterWithRetryManager:70 - Updater plugin not ready yet. [3/15]
2025-09-17 18:29:31,969 [INFO] IPUIPlugin:80 - create IPUIPlugin
2025-09-17 18:29:31,969 [INFO] PluginManager:220 - loadIPPluginJar : add genericplugin
2025-09-17 18:29:32,584 [INFO] IPUIPlugin:80 - create IPUIPlugin
2025-09-17 18:29:32,584 [INFO] PluginManager:220 - loadIPPluginJar : add gfxmmu
2025-09-17 18:29:33,503 [INFO] IPUIPlugin:80 - create IPUIPlugin
2025-09-17 18:29:33,505 [INFO] PluginManager:220 - loadIPPluginJar : add gic
2025-09-17 18:29:33,577 [INFO] IPUIPlugin:80 - create IPUIPlugin
2025-09-17 18:29:33,577 [INFO] PluginManager:220 - loadIPPluginJar : add gpio
2025-09-17 18:29:34,145 [INFO] IPUIPlugin:80 - create IPUIPlugin
2025-09-17 18:29:34,145 [INFO] PluginManager:220 - loadIPPluginJar : add gtzc
2025-09-17 18:29:34,335 [INFO] IPUIPlugin:80 - create IPUIPlugin
2025-09-17 18:29:34,337 [INFO] PluginManager:220 - loadIPPluginJar : add hash
2025-09-17 18:29:34,670 [INFO] IPUIPlugin:80 - create IPUIPlugin
2025-09-17 18:29:34,671 [INFO] PluginManager:220 - loadIPPluginJar : add i2c
2025-09-17 18:29:34,784 [INFO] ThirdPartyUpdaterWithRetryManager:70 - Updater plugin not ready yet. [4/15]
2025-09-17 18:29:34,903 [INFO] IPUIPlugin:80 - create IPUIPlugin
2025-09-17 18:29:34,903 [INFO] PluginManager:220 - loadIPPluginJar : add i2s
2025-09-17 18:29:35,100 [INFO] IPUIPlugin:80 - create IPUIPlugin
2025-09-17 18:29:35,101 [INFO] PluginManager:220 - loadIPPluginJar : add i3c
2025-09-17 18:29:35,507 [INFO] IPUIPlugin:80 - create IPUIPlugin
2025-09-17 18:29:35,508 [INFO] PluginManager:220 - loadIPPluginJar : add ipddr
2025-09-17 18:29:35,902 [INFO] IPUIPlugin:80 - create IPUIPlugin
2025-09-17 18:29:35,902 [INFO] PluginManager:220 - loadIPPluginJar : add linkedlist
2025-09-17 18:29:36,060 [INFO] IPUIPlugin:80 - create IPUIPlugin
2025-09-17 18:29:36,060 [INFO] PluginManager:220 - loadIPPluginJar : add lorawan
2025-09-17 18:29:36,218 [INFO] IPUIPlugin:80 - create IPUIPlugin
2025-09-17 18:29:36,219 [INFO] PluginManager:220 - loadIPPluginJar : add ltdc
2025-09-17 18:29:36,272 [INFO] IPUIPlugin:80 - create IPUIPlugin
2025-09-17 18:29:36,273 [INFO] PluginManager:220 - loadIPPluginJar : add mdma
2025-09-17 18:29:36,315 [INFO] IPUIPlugin:80 - create IPUIPlugin
2025-09-17 18:29:36,316 [INFO] PluginManager:220 - loadIPPluginJar : add nvic
2025-09-17 18:29:36,470 [INFO] IPUIPlugin:80 - create IPUIPlugin
2025-09-17 18:29:36,470 [INFO] PluginManager:220 - loadIPPluginJar : add opamp
2025-09-17 18:29:36,779 [INFO] IPUIPlugin:80 - create IPUIPlugin
2025-09-17 18:29:36,779 [INFO] PluginManager:220 - loadIPPluginJar : add openamp
2025-09-17 18:29:36,988 [INFO] IPUIPlugin:80 - create IPUIPlugin
2025-09-17 18:29:36,989 [INFO] PluginManager:220 - loadIPPluginJar : add pdm2pcm
2025-09-17 18:29:37,061 [INFO] IPUIPlugin:80 - create IPUIPlugin
2025-09-17 18:29:37,072 [INFO] PluginManager:220 - loadIPPluginJar : add plateformsettings
2025-09-17 18:29:37,194 [INFO] IPUIPlugin:80 - create IPUIPlugin
2025-09-17 18:29:37,194 [INFO] PluginManager:220 - loadIPPluginJar : add quadspi
2025-09-17 18:29:37,339 [INFO] IPUIPlugin:80 - create IPUIPlugin
2025-09-17 18:29:37,341 [INFO] PluginManager:220 - loadIPPluginJar : add radio
2025-09-17 18:29:37,393 [INFO] IPUIPlugin:80 - create IPUIPlugin
2025-09-17 18:29:37,393 [INFO] PluginManager:220 - loadIPPluginJar : add resmgrutility
2025-09-17 18:29:37,600 [INFO] IPUIPlugin:80 - create IPUIPlugin
2025-09-17 18:29:37,601 [INFO] PluginManager:220 - loadIPPluginJar : add sai
2025-09-17 18:29:37,761 [INFO] IPUIPlugin:80 - create IPUIPlugin
2025-09-17 18:29:37,761 [INFO] PluginManager:220 - loadIPPluginJar : add spi
2025-09-17 18:29:37,799 [INFO] ThirdPartyUpdaterWithRetryManager:70 - Updater plugin not ready yet. [5/15]
2025-09-17 18:29:38,485 [INFO] IPUIPlugin:80 - create IPUIPlugin
2025-09-17 18:29:38,486 [INFO] PluginManager:220 - loadIPPluginJar : add stm32_wpan
2025-09-17 18:29:38,666 [INFO] IPUIPlugin:80 - create IPUIPlugin
2025-09-17 18:29:38,666 [INFO] PluginManager:220 - loadIPPluginJar : add tim
2025-09-17 18:29:39,086 [INFO] IPUIPlugin:80 - create IPUIPlugin
2025-09-17 18:29:39,087 [INFO] PluginManager:220 - loadIPPluginJar : add touchsensing
2025-09-17 18:29:39,215 [INFO] IPUIPlugin:80 - create IPUIPlugin
2025-09-17 18:29:39,216 [INFO] PluginManager:220 - loadIPPluginJar : add tracer_emb
2025-09-17 18:29:39,362 [INFO] IPUIPlugin:80 - create IPUIPlugin
2025-09-17 18:29:39,362 [INFO] PluginManager:220 - loadIPPluginJar : add ts
2025-09-17 18:29:39,475 [INFO] IPUIPlugin:80 - create IPUIPlugin
2025-09-17 18:29:39,476 [INFO] PluginManager:220 - loadIPPluginJar : add tsc
2025-09-17 18:29:39,590 [INFO] IPUIPlugin:80 - create IPUIPlugin
2025-09-17 18:29:39,591 [INFO] PluginManager:220 - loadIPPluginJar : add ucpd
2025-09-17 18:29:39,828 [INFO] IPUIPlugin:80 - create IPUIPlugin
2025-09-17 18:29:39,828 [INFO] PluginManager:220 - loadIPPluginJar : add usart
2025-09-17 18:29:40,080 [INFO] IPUIPlugin:80 - create IPUIPlugin
2025-09-17 18:29:40,080 [INFO] PluginManager:220 - loadIPPluginJar : add usbx
2025-09-17 18:29:40,426 [FATAL] Updater:351 - Updater called before beeing initialized
2025-09-17 18:29:40,537 [INFO] RulesReader:64 - Compatibility file has been processed (302 Rules)
2025-09-17 18:29:40,666 [INFO] RulesReader:64 - Compatibility file has been processed (302 Rules)
2025-09-17 18:29:40,743 [INFO] CADModel:165 - CPN selected for project level
2025-09-17 18:29:40,744 [INFO] CADModel:114 - Register for checkConnection events
2025-09-17 18:29:40,744 [FATAL] Updater:351 - Updater called before beeing initialized
2025-09-17 18:29:40,745 [ERROR] CADModel:125 - Updater not yet initialized, retry later 
2025-09-17 18:29:40,821 [INFO] ThirdPartyUpdaterWithRetryManager:70 - Updater plugin not ready yet. [6/15]
2025-09-17 18:29:41,512 [FATAL] Updater:351 - Updater called before beeing initialized
2025-09-17 18:29:41,522 [INFO] CADModel:165 - CPN selected for project level
2025-09-17 18:29:41,523 [INFO] CADModel:114 - Register for checkConnection events
2025-09-17 18:29:41,525 [FATAL] Updater:351 - Updater called before beeing initialized
2025-09-17 18:29:41,527 [ERROR] CADModel:125 - Updater not yet initialized, retry later 
2025-09-17 18:29:41,551 [FATAL] Updater:351 - Updater called before beeing initialized
2025-09-17 18:29:42,076 [FATAL] Updater:351 - Updater called before beeing initialized
2025-09-17 18:29:42,111 [INFO] DbMcusAds:53 - JSON generation date=Tue Jul 08 13:44:23 IST 2025 (1751962463582)
2025-09-17 18:29:42,113 [FATAL] Updater:351 - Updater called before beeing initialized
2025-09-17 18:29:42,385 [WARN] DetailPanel:346 - Failed to get advertising image, set to default
2025-09-17 18:29:43,397 [FATAL] Updater:351 - Updater called before beeing initialized
2025-09-17 18:29:43,404 [FATAL] Updater:351 - Updater called before beeing initialized
2025-09-17 18:29:43,404 [FATAL] Updater:351 - Updater called before beeing initialized
2025-09-17 18:29:43,405 [WARN] DetailPanel:346 - Failed to get advertising image, set to default
2025-09-17 18:29:43,409 [FATAL] Updater:351 - Updater called before beeing initialized
2025-09-17 18:29:43,684 [ERROR] Updater:1198 - MainUpdater not yet initialized. External WinMGr cannot be set.
2025-09-17 18:29:43,735 [INFO] Updater:1134 - Updater Version found : 6.14.1
2025-09-17 18:29:43,803 [INFO] ApplicationProperties:184 - Using Application install path: D:\STM32CubeIDE_1.18.1\STM32CubeIDE\plugins\com.st.stm32cube.common.mx_6.14.1.202504091515
2025-09-17 18:29:43,828 [FATAL] Updater:351 - Updater called before beeing initialized
2025-09-17 18:29:43,830 [ERROR] IntegrityCheckThread:130 - Cannot retrieve database content from updater: error 21
2025-09-17 18:29:43,832 [INFO] ThirdParty:978 - Integrity check success = false
2025-09-17 18:29:43,832 [INFO] IntegrityCheckThread:100 - exiting critical section [integrity check]
2025-09-17 18:29:43,832 [INFO] IntegrityCheckThread:103 - End integrity checks thread
2025-09-17 18:29:45,080 [INFO] MainUpdater:2872 - connection check result : 10
2025-09-17 18:29:45,081 [INFO] MainUpdater:3566 - Updater definition file requires update
2025-09-17 18:29:45,085 [INFO] MainUpdater:289 - Updater Check For Update Now.
2025-09-17 18:29:45,086 [INFO] MicroXplorer:498 - Change Database Version : DB.6.0.141
2025-09-17 18:29:45,149 [INFO] McuFinderGlobals:63 - Set McuFinder mode to 2 (CubeIDE integrated)
2025-09-17 18:29:45,174 [INFO] UserAuth:484 - Internet connection configuration mode: 1
2025-09-17 18:29:45,226 [INFO] ServerAccessManage:473 - Download File updaters.zip
2025-09-17 18:29:45,278 [INFO] JxBrowserEngine:152 - Initiate JxBrowser Engine with user profile folder
2025-09-17 18:29:45,543 [INFO] FileExtend:242 - Unzip File : updaters.zip
2025-09-17 18:29:45,544 [INFO] FileExtend:257 - Standard Zip Deflate
2025-09-17 18:29:49,731 [INFO] ServerAccessManage:473 - Download File PacksControlFlags.xml
2025-09-17 18:29:51,481 [INFO] ServerAccessManage:473 - Download File cubemx.pidx
2025-09-17 18:29:53,892 [INFO] WebApp:169 - Instantiating new browser for Auth
2025-09-17 18:29:58,932 [INFO] WebApp:463 - Apply proxy settings
2025-09-17 18:29:58,934 [INFO] WebApp:548 - Chromium requires no authentication
2025-09-17 18:29:59,083 [INFO] WebApp:491 - Direct internet connection detected
2025-09-17 18:29:59,412 [INFO] WebApp:894 - Register for checkConnection events
2025-09-17 18:29:59,414 [INFO] WebApp:463 - Apply proxy settings
2025-09-17 18:29:59,426 [INFO] WebApp:548 - Chromium requires no authentication
2025-09-17 18:29:59,429 [INFO] WebApp:491 - Direct internet connection detected
2025-09-17 18:30:00,861 [INFO] WebApp:191 - Connection restablished
2025-09-17 18:30:02,736 [INFO] WebApp:225 - Starting web application
2025-09-17 18:30:02,737 [INFO] WebApp:593 - Web application path used D:\STM32CubeIDE_1.18.1\STM32CubeIDE\plugins\com.st.stm32cube.common.mx_6.14.1.202504091515\db\plugins\mcufinder\reactClient1\index.html
2025-09-17 18:30:04,131 [INFO] UserAuth:484 - Internet connection configuration mode: 1
2025-09-17 18:30:07,516 [INFO] LoadServerUpdatesThread:375 - End of LoadServerUpdate Thread
2025-09-17 18:30:08,023 [INFO] CheckServerUpdateThread:120 - End of CheckServer Thread
2025-09-17 18:57:21,306 [INFO] WebApp:194 - Connection lost
2025-09-17 18:57:21,666 [INFO] WebApp:191 - Connection restablished
2025-09-17 19:41:31,157 [INFO] WebApp:194 - Connection lost
2025-09-17 19:41:31,570 [INFO] WebApp:191 - Connection restablished
2025-09-17 19:54:21,029 [ERROR] LogOutputStream:75 - [STDERR_REDIRECT] 
