2025-08-31 17:14:19,460 [INFO] Activator:176 - 


2025-08-31 17:14:19,481 [INFO] Activator:177 - !SESSION log4j initialized
2025-08-31 17:14:41,604 [INFO] LogOutputStream:77 - [STDOUT_REDIRECT] 
2025-08-31 17:14:50,591 [INFO] ApplicationProperties:184 - Using Application install path: D:\STM32CubeIDE_1.18.1\STM32CubeIDE\plugins\com.st.stm32cube.common.mx_6.14.1.202504091515
2025-08-31 17:14:50,633 [INFO] DbMcusXml:78 - Set database path to: D:\STM32CubeIDE_1.18.1\STM32CubeIDE\plugins\com.st.stm32cube.common.mx_6.14.1.202504091515\\db\/mcu/
2025-08-31 17:14:50,634 [INFO] ApiDb:274 - Set plugin database path to: D:\STM32CubeIDE_1.18.1\STM32CubeIDE\plugins\com.st.stm32cube.common.mx_6.14.1.202504091515\\db\/plugins/boardmanager/
2025-08-31 17:14:50,635 [WARN] ApiDb:259 - Overriding images path with different value:  => D:\STM32CubeIDE_1.18.1\STM32CubeIDE\plugins\com.st.stm32cube.common.mx_6.14.1.202504091515\\db\/plugins/mcufinder/images/
2025-08-31 17:14:50,657 [INFO] ApiDb:250 - Set database path to: C:\Users\Asus\.stmcufinder\plugins\mcufinder//mcu/
2025-08-31 17:14:50,660 [INFO] DbMcusAds:125 - Set database path to: C:\Users\Asus\.stmcufinder\plugins\mcufinder//mcu/
2025-08-31 17:14:50,666 [INFO] CrossReferenceDbSqlite:203 - Set database path to: C:\Users\Asus\.stmcufinder\plugins\mcufinder//mcu/cs/
2025-08-31 17:14:51,021 [INFO] RulesReader:64 - Compatibility file has been processed (302 Rules)
2025-08-31 17:14:51,311 [INFO] DbMcusXml:78 - Set database path to: D:\STM32CubeIDE_1.18.1\STM32CubeIDE\plugins\com.st.stm32cube.common.mx_6.14.1.202504091515\\db\/mcu/
2025-08-31 17:14:51,311 [INFO] ApiDb:274 - Set plugin database path to: D:\STM32CubeIDE_1.18.1\STM32CubeIDE\plugins\com.st.stm32cube.common.mx_6.14.1.202504091515\\db\/plugins/boardmanager/
2025-08-31 17:14:51,312 [INFO] ApiDb:261 - Set plugin images path to: D:\STM32CubeIDE_1.18.1\STM32CubeIDE\plugins\com.st.stm32cube.common.mx_6.14.1.202504091515\\db\/plugins/mcufinder/images/
2025-08-31 17:14:51,313 [WARN] DbFile:41 - Overriding database path with different value: C:\Users\Asus\.stmcufinder\plugins\mcufinder/ => C:\Users\Asus\.stmcufinder\plugins\mcufinder
2025-08-31 17:14:51,313 [INFO] ApiDb:250 - Set database path to: C:\Users\Asus\.stmcufinder\plugins\mcufinder//mcu/
2025-08-31 17:14:51,314 [WARN] DbFile:41 - Overriding database path with different value: C:\Users\Asus\.stmcufinder\plugins\mcufinder/ => C:\Users\Asus\.stmcufinder\plugins\mcufinder
2025-08-31 17:14:51,314 [INFO] DbMcusAds:125 - Set database path to: C:\Users\Asus\.stmcufinder\plugins\mcufinder//mcu/
2025-08-31 17:14:51,314 [WARN] DbFile:41 - Overriding database path with different value: C:\Users\Asus\.stmcufinder\plugins\mcufinder/ => C:\Users\Asus\.stmcufinder\plugins\mcufinder
2025-08-31 17:14:51,314 [WARN] DbFile:41 - Overriding database path with different value: C:\Users\Asus\.stmcufinder\plugins\mcufinder/ => C:\Users\Asus\.stmcufinder\plugins\mcufinder
2025-08-31 17:14:51,315 [INFO] CrossReferenceDbSqlite:203 - Set database path to: C:\Users\Asus\.stmcufinder\plugins\mcufinder//mcu/cs/
2025-08-31 17:14:51,560 [INFO] MainPanel:272 - HeapMemory: 268435456
2025-08-31 17:14:51,868 [INFO] DbMcusXml:78 - Set database path to: D:\STM32CubeIDE_1.18.1\STM32CubeIDE\plugins\com.st.stm32cube.common.mx_6.14.1.202504091515\\db\/mcu/
2025-08-31 17:14:51,869 [INFO] ApiDb:274 - Set plugin database path to: D:\STM32CubeIDE_1.18.1\STM32CubeIDE\plugins\com.st.stm32cube.common.mx_6.14.1.202504091515\\db\/plugins/boardmanager/
2025-08-31 17:14:51,869 [INFO] ApiDb:261 - Set plugin images path to: D:\STM32CubeIDE_1.18.1\STM32CubeIDE\plugins\com.st.stm32cube.common.mx_6.14.1.202504091515\\db\/plugins/mcufinder/images/
2025-08-31 17:14:51,871 [WARN] DbFile:41 - Overriding database path with different value: C:\Users\Asus\.stmcufinder\plugins\mcufinder/ => C:\Users\Asus\.stmcufinder\plugins\mcufinder
2025-08-31 17:14:51,871 [INFO] ApiDb:250 - Set database path to: C:\Users\Asus\.stmcufinder\plugins\mcufinder//mcu/
2025-08-31 17:14:51,871 [WARN] DbFile:41 - Overriding database path with different value: C:\Users\Asus\.stmcufinder\plugins\mcufinder/ => C:\Users\Asus\.stmcufinder\plugins\mcufinder
2025-08-31 17:14:51,872 [INFO] DbMcusAds:125 - Set database path to: C:\Users\Asus\.stmcufinder\plugins\mcufinder//mcu/
2025-08-31 17:14:51,872 [WARN] DbFile:41 - Overriding database path with different value: C:\Users\Asus\.stmcufinder\plugins\mcufinder/ => C:\Users\Asus\.stmcufinder\plugins\mcufinder
2025-08-31 17:14:51,872 [WARN] DbFile:41 - Overriding database path with different value: C:\Users\Asus\.stmcufinder\plugins\mcufinder/ => C:\Users\Asus\.stmcufinder\plugins\mcufinder
2025-08-31 17:14:51,872 [INFO] CrossReferenceDbSqlite:203 - Set database path to: C:\Users\Asus\.stmcufinder\plugins\mcufinder//mcu/cs/
2025-08-31 17:14:51,928 [INFO] ApplicationProperties:184 - Using Application install path: D:\STM32CubeIDE_1.18.1\STM32CubeIDE\plugins\com.st.stm32cube.common.mx_6.14.1.202504091515
2025-08-31 17:14:51,931 [INFO] PluginManage:196 - Search for loadable plugins [exclusion list=, ]
2025-08-31 17:14:51,935 [INFO] PluginManage:310 - Check plugin analytics
2025-08-31 17:14:52,415 [INFO] AnalyticsPlugin:253 - Accepted Software Licenses: 
2025-08-31 17:14:52,416 [INFO] AnalyticsPlugin:255 - Accepted CMSIS Pack Licenses: 
2025-08-31 17:14:52,416 [INFO] AnalyticsPlugin:257 - Accepted Firmware Licenses: 
2025-08-31 17:14:52,425 [INFO] PluginManage:359 - Loaded plugin analytics (category:tool,tabindex:-1)
2025-08-31 17:14:52,426 [INFO] PluginManage:310 - Check plugin cadmodel
2025-08-31 17:14:52,476 [INFO] CADModel:105 - Init CAD model plugin
2025-08-31 17:14:52,476 [INFO] PluginManage:359 - Loaded plugin cadmodel (category:power,tabindex:5)
2025-08-31 17:14:52,477 [INFO] PluginManage:310 - Check plugin clock
2025-08-31 17:14:52,536 [INFO] PluginManage:359 - Loaded plugin clock (category:base,tabindex:2)
2025-08-31 17:14:52,537 [INFO] PluginManage:310 - Check plugin ddr
2025-08-31 17:14:52,543 [INFO] PluginManage:359 - Loaded plugin ddr (category:tool,tabindex:6)
2025-08-31 17:14:52,544 [INFO] PluginManage:310 - Check plugin filemanager
2025-08-31 17:14:52,919 [INFO] PluginManage:359 - Loaded plugin filemanager (category:base,tabindex:10)
2025-08-31 17:14:52,920 [INFO] PluginManage:310 - Check plugin ipmanager
2025-08-31 17:14:52,941 [INFO] PluginManage:359 - Loaded plugin ipmanager (category:base,tabindex:5)
2025-08-31 17:14:52,942 [INFO] PluginManage:310 - Check plugin lpbam
2025-08-31 17:14:52,994 [INFO] PluginManage:359 - Loaded plugin lpbam (category:base,tabindex:0)
2025-08-31 17:14:52,995 [INFO] PluginManage:310 - Check plugin memorymap
2025-08-31 17:14:53,057 [INFO] PluginManage:359 - Loaded plugin memorymap (category:base,tabindex:4)
2025-08-31 17:14:53,057 [INFO] PluginManage:310 - Check plugin pinoutandconfiguration
2025-08-31 17:14:53,115 [INFO] PluginManage:359 - Loaded plugin pinoutandconfiguration (category:base,tabindex:1)
2025-08-31 17:14:53,115 [INFO] PluginManage:310 - Check plugin pinoutconfig
2025-08-31 17:14:53,406 [WARN] SupportedApi:132 - Cannot load RTOS API schema: s4s-elt-must-match.1: The content of 'definitions' must match (annotation?, (simpleType | complexType)?, (unique | key | keyref)*)). A problem was found starting at: attribute.
2025-08-31 17:14:53,767 [INFO] PluginManage:359 - Loaded plugin pinoutconfig (category:base,tabindex:0)
2025-08-31 17:14:53,768 [INFO] PluginManage:310 - Check plugin power
2025-08-31 17:14:53,845 [INFO] PluginManage:359 - Loaded plugin power (category:power,tabindex:4)
2025-08-31 17:14:53,845 [INFO] PluginManage:310 - Check plugin projectmanager
2025-08-31 17:14:53,889 [INFO] PluginManage:359 - Loaded plugin projectmanager (category:projectmanager,tabindex:4)
2025-08-31 17:14:53,889 [INFO] PluginManage:310 - Check plugin rif
2025-08-31 17:14:53,954 [INFO] PluginManage:359 - Loaded plugin rif (category:base,tabindex:3)
2025-08-31 17:14:53,954 [INFO] PluginManage:310 - Check plugin thirdparty
2025-08-31 17:14:54,801 [INFO] PluginManage:359 - Loaded plugin thirdparty (category:base,tabindex:-1)
2025-08-31 17:14:54,801 [WARN] IntegrityCheckThread:84 - waiting for thirdparty lock release [integrity check]
2025-08-31 17:14:54,802 [INFO] PluginManage:310 - Check plugin tools
2025-08-31 17:14:54,802 [INFO] IntegrityCheckThread:86 - entering critical section [integrity check]
2025-08-31 17:14:54,803 [INFO] ThirdPartyUpdaterWithRetryManager:70 - Updater plugin not ready yet. [1/15]
2025-08-31 17:14:54,928 [INFO] PluginManage:359 - Loaded plugin tools (category:base,tabindex:7)
2025-08-31 17:14:54,928 [INFO] PluginManage:310 - Check plugin tutovideos
2025-08-31 17:14:55,539 [INFO] PluginManage:359 - Loaded plugin tutovideos (category:base,tabindex:-1)
2025-08-31 17:14:55,540 [INFO] PluginManage:310 - Check plugin updater
2025-08-31 17:14:55,626 [INFO] PluginManage:359 - Loaded plugin updater (category:base,tabindex:12)
2025-08-31 17:14:55,627 [INFO] PluginManage:310 - Check plugin userauth
2025-08-31 17:14:55,639 [INFO] UserAuth:118 - Init User Auth plugin
2025-08-31 17:14:55,641 [INFO] PluginManage:359 - Loaded plugin userauth (category:base,tabindex:14)
2025-08-31 17:14:55,643 [INFO] PluginManage:283 - PluginManage : Loaded plugins [18]
2025-08-31 17:14:56,278 [INFO] PinOutPanel:1589 - setPackage(No Configuration,No Configuration)
2025-08-31 17:14:56,505 [INFO] CADModel:165 - CPN selected for project level
2025-08-31 17:14:56,506 [INFO] CADModel:114 - Register for checkConnection events
2025-08-31 17:14:56,578 [INFO] IPUIPlugin:80 - create IPUIPlugin
2025-08-31 17:14:56,578 [INFO] PluginManager:220 - loadIPPluginJar : add adc
2025-08-31 17:14:56,705 [INFO] IPUIPlugin:80 - create IPUIPlugin
2025-08-31 17:14:56,705 [INFO] PluginManager:220 - loadIPPluginJar : add aes
2025-08-31 17:14:56,857 [INFO] IPUIPlugin:80 - create IPUIPlugin
2025-08-31 17:14:56,858 [INFO] PluginManager:220 - loadIPPluginJar : add can
2025-08-31 17:14:56,981 [INFO] IPUIPlugin:80 - create IPUIPlugin
2025-08-31 17:14:56,981 [INFO] PluginManager:220 - loadIPPluginJar : add comp
2025-08-31 17:14:57,106 [INFO] IPUIPlugin:80 - create IPUIPlugin
2025-08-31 17:14:57,106 [INFO] PluginManager:220 - loadIPPluginJar : add cryp
2025-08-31 17:14:57,189 [INFO] IPUIPlugin:80 - create IPUIPlugin
2025-08-31 17:14:57,189 [INFO] PluginManager:220 - loadIPPluginJar : add ddr_ctrl_phy
2025-08-31 17:14:57,313 [INFO] IPUIPlugin:80 - create IPUIPlugin
2025-08-31 17:14:57,313 [INFO] PluginManager:220 - loadIPPluginJar : add dfsdm
2025-08-31 17:14:57,394 [INFO] IPUIPlugin:80 - create IPUIPlugin
2025-08-31 17:14:57,394 [INFO] PluginManager:220 - loadIPPluginJar : add dma
2025-08-31 17:14:57,538 [INFO] IPUIPlugin:80 - create IPUIPlugin
2025-08-31 17:14:57,538 [INFO] PluginManager:220 - loadIPPluginJar : add dma3
2025-08-31 17:14:57,730 [INFO] IPUIPlugin:80 - create IPUIPlugin
2025-08-31 17:14:57,730 [INFO] PluginManager:220 - loadIPPluginJar : add extmemmanager
2025-08-31 17:14:57,804 [INFO] ThirdPartyUpdaterWithRetryManager:70 - Updater plugin not ready yet. [2/15]
2025-08-31 17:14:57,817 [INFO] IPUIPlugin:80 - create IPUIPlugin
2025-08-31 17:14:57,818 [INFO] PluginManager:220 - loadIPPluginJar : add fatfs
2025-08-31 17:14:57,986 [INFO] IPUIPlugin:80 - create IPUIPlugin
2025-08-31 17:14:57,986 [INFO] PluginManager:220 - loadIPPluginJar : add fmc
2025-08-31 17:14:58,037 [INFO] IPUIPlugin:80 - create IPUIPlugin
2025-08-31 17:14:58,037 [INFO] PluginManager:220 - loadIPPluginJar : add freertos
2025-08-31 17:14:58,111 [INFO] IPUIPlugin:80 - create IPUIPlugin
2025-08-31 17:14:58,112 [INFO] PluginManager:220 - loadIPPluginJar : add genericplugin
2025-08-31 17:14:58,460 [INFO] IPUIPlugin:80 - create IPUIPlugin
2025-08-31 17:14:58,461 [INFO] PluginManager:220 - loadIPPluginJar : add gfxmmu
2025-08-31 17:14:58,970 [INFO] IPUIPlugin:80 - create IPUIPlugin
2025-08-31 17:14:58,970 [INFO] PluginManager:220 - loadIPPluginJar : add gic
2025-08-31 17:14:59,047 [INFO] IPUIPlugin:80 - create IPUIPlugin
2025-08-31 17:14:59,048 [INFO] PluginManager:220 - loadIPPluginJar : add gpio
2025-08-31 17:14:59,369 [INFO] IPUIPlugin:80 - create IPUIPlugin
2025-08-31 17:14:59,370 [INFO] PluginManager:220 - loadIPPluginJar : add gtzc
2025-08-31 17:14:59,498 [INFO] IPUIPlugin:80 - create IPUIPlugin
2025-08-31 17:14:59,498 [INFO] PluginManager:220 - loadIPPluginJar : add hash
2025-08-31 17:14:59,690 [INFO] IPUIPlugin:80 - create IPUIPlugin
2025-08-31 17:14:59,690 [INFO] PluginManager:220 - loadIPPluginJar : add i2c
2025-08-31 17:14:59,828 [INFO] IPUIPlugin:80 - create IPUIPlugin
2025-08-31 17:14:59,829 [INFO] PluginManager:220 - loadIPPluginJar : add i2s
2025-08-31 17:14:59,976 [INFO] IPUIPlugin:80 - create IPUIPlugin
2025-08-31 17:14:59,977 [INFO] PluginManager:220 - loadIPPluginJar : add i3c
2025-08-31 17:15:00,331 [INFO] IPUIPlugin:80 - create IPUIPlugin
2025-08-31 17:15:00,331 [INFO] PluginManager:220 - loadIPPluginJar : add ipddr
2025-08-31 17:15:00,708 [INFO] IPUIPlugin:80 - create IPUIPlugin
2025-08-31 17:15:00,708 [INFO] PluginManager:220 - loadIPPluginJar : add linkedlist
2025-08-31 17:15:00,812 [INFO] ThirdPartyUpdaterWithRetryManager:70 - Updater plugin not ready yet. [3/15]
2025-08-31 17:15:00,855 [INFO] IPUIPlugin:80 - create IPUIPlugin
2025-08-31 17:15:00,855 [INFO] PluginManager:220 - loadIPPluginJar : add lorawan
2025-08-31 17:15:00,983 [INFO] IPUIPlugin:80 - create IPUIPlugin
2025-08-31 17:15:00,983 [INFO] PluginManager:220 - loadIPPluginJar : add ltdc
2025-08-31 17:15:01,069 [INFO] IPUIPlugin:80 - create IPUIPlugin
2025-08-31 17:15:01,070 [INFO] PluginManager:220 - loadIPPluginJar : add mdma
2025-08-31 17:15:01,124 [INFO] IPUIPlugin:80 - create IPUIPlugin
2025-08-31 17:15:01,125 [INFO] PluginManager:220 - loadIPPluginJar : add nvic
2025-08-31 17:15:01,298 [INFO] IPUIPlugin:80 - create IPUIPlugin
2025-08-31 17:15:01,298 [INFO] PluginManager:220 - loadIPPluginJar : add opamp
2025-08-31 17:15:01,588 [INFO] IPUIPlugin:80 - create IPUIPlugin
2025-08-31 17:15:01,588 [INFO] PluginManager:220 - loadIPPluginJar : add openamp
2025-08-31 17:15:01,797 [INFO] IPUIPlugin:80 - create IPUIPlugin
2025-08-31 17:15:01,797 [INFO] PluginManager:220 - loadIPPluginJar : add pdm2pcm
2025-08-31 17:15:01,850 [INFO] IPUIPlugin:80 - create IPUIPlugin
2025-08-31 17:15:01,859 [INFO] PluginManager:220 - loadIPPluginJar : add plateformsettings
2025-08-31 17:15:01,940 [INFO] IPUIPlugin:80 - create IPUIPlugin
2025-08-31 17:15:01,940 [INFO] PluginManager:220 - loadIPPluginJar : add quadspi
2025-08-31 17:15:02,030 [INFO] IPUIPlugin:80 - create IPUIPlugin
2025-08-31 17:15:02,031 [INFO] PluginManager:220 - loadIPPluginJar : add radio
2025-08-31 17:15:02,076 [INFO] IPUIPlugin:80 - create IPUIPlugin
2025-08-31 17:15:02,076 [INFO] PluginManager:220 - loadIPPluginJar : add resmgrutility
2025-08-31 17:15:02,246 [INFO] IPUIPlugin:80 - create IPUIPlugin
2025-08-31 17:15:02,246 [INFO] PluginManager:220 - loadIPPluginJar : add sai
2025-08-31 17:15:02,443 [INFO] IPUIPlugin:80 - create IPUIPlugin
2025-08-31 17:15:02,443 [INFO] PluginManager:220 - loadIPPluginJar : add spi
2025-08-31 17:15:02,746 [INFO] IPUIPlugin:80 - create IPUIPlugin
2025-08-31 17:15:02,747 [INFO] PluginManager:220 - loadIPPluginJar : add stm32_wpan
2025-08-31 17:15:02,868 [INFO] IPUIPlugin:80 - create IPUIPlugin
2025-08-31 17:15:02,868 [INFO] PluginManager:220 - loadIPPluginJar : add tim
2025-08-31 17:15:03,081 [INFO] IPUIPlugin:80 - create IPUIPlugin
2025-08-31 17:15:03,106 [INFO] PluginManager:220 - loadIPPluginJar : add touchsensing
2025-08-31 17:15:03,190 [INFO] IPUIPlugin:80 - create IPUIPlugin
2025-08-31 17:15:03,191 [INFO] PluginManager:220 - loadIPPluginJar : add tracer_emb
2025-08-31 17:15:03,608 [INFO] IPUIPlugin:80 - create IPUIPlugin
2025-08-31 17:15:03,608 [INFO] PluginManager:220 - loadIPPluginJar : add ts
2025-08-31 17:15:03,717 [INFO] IPUIPlugin:80 - create IPUIPlugin
2025-08-31 17:15:03,717 [INFO] PluginManager:220 - loadIPPluginJar : add tsc
2025-08-31 17:15:03,804 [INFO] IPUIPlugin:80 - create IPUIPlugin
2025-08-31 17:15:03,804 [INFO] PluginManager:220 - loadIPPluginJar : add ucpd
2025-08-31 17:15:03,823 [INFO] ThirdPartyUpdaterWithRetryManager:70 - Updater plugin not ready yet. [4/15]
2025-08-31 17:15:03,955 [INFO] IPUIPlugin:80 - create IPUIPlugin
2025-08-31 17:15:03,955 [INFO] PluginManager:220 - loadIPPluginJar : add usart
2025-08-31 17:15:04,104 [INFO] IPUIPlugin:80 - create IPUIPlugin
2025-08-31 17:15:04,104 [INFO] PluginManager:220 - loadIPPluginJar : add usbx
2025-08-31 17:15:04,431 [FATAL] Updater:351 - Updater called before beeing initialized
2025-08-31 17:15:04,521 [INFO] RulesReader:64 - Compatibility file has been processed (302 Rules)
2025-08-31 17:15:04,564 [INFO] RulesReader:64 - Compatibility file has been processed (302 Rules)
2025-08-31 17:15:04,600 [INFO] CADModel:165 - CPN selected for project level
2025-08-31 17:15:04,600 [INFO] CADModel:114 - Register for checkConnection events
2025-08-31 17:15:04,601 [FATAL] Updater:351 - Updater called before beeing initialized
2025-08-31 17:15:04,601 [ERROR] CADModel:125 - Updater not yet initialized, retry later 
2025-08-31 17:15:05,056 [FATAL] Updater:351 - Updater called before beeing initialized
2025-08-31 17:15:05,061 [INFO] CADModel:165 - CPN selected for project level
2025-08-31 17:15:05,062 [INFO] CADModel:114 - Register for checkConnection events
2025-08-31 17:15:05,062 [FATAL] Updater:351 - Updater called before beeing initialized
2025-08-31 17:15:05,062 [ERROR] CADModel:125 - Updater not yet initialized, retry later 
2025-08-31 17:15:05,073 [FATAL] Updater:351 - Updater called before beeing initialized
2025-08-31 17:15:05,415 [FATAL] Updater:351 - Updater called before beeing initialized
2025-08-31 17:15:05,445 [INFO] DbMcusAds:53 - JSON generation date=Tue Jul 08 13:44:23 IST 2025 (1751962463582)
2025-08-31 17:15:05,445 [FATAL] Updater:351 - Updater called before beeing initialized
2025-08-31 17:15:05,675 [WARN] DetailPanel:346 - Failed to get advertising image, set to default
2025-08-31 17:15:06,656 [FATAL] Updater:351 - Updater called before beeing initialized
2025-08-31 17:15:06,697 [FATAL] Updater:351 - Updater called before beeing initialized
2025-08-31 17:15:06,697 [FATAL] Updater:351 - Updater called before beeing initialized
2025-08-31 17:15:06,697 [WARN] DetailPanel:346 - Failed to get advertising image, set to default
2025-08-31 17:15:06,699 [FATAL] Updater:351 - Updater called before beeing initialized
2025-08-31 17:15:06,829 [INFO] ThirdPartyUpdaterWithRetryManager:70 - Updater plugin not ready yet. [5/15]
2025-08-31 17:15:06,869 [ERROR] Updater:1198 - MainUpdater not yet initialized. External WinMGr cannot be set.
2025-08-31 17:15:06,899 [INFO] Updater:1134 - Updater Version found : 6.14.1
2025-08-31 17:15:06,946 [INFO] ApplicationProperties:184 - Using Application install path: D:\STM32CubeIDE_1.18.1\STM32CubeIDE\plugins\com.st.stm32cube.common.mx_6.14.1.202504091515
2025-08-31 17:15:07,823 [INFO] MainUpdater:2872 - connection check result : 10
2025-08-31 17:15:07,824 [INFO] MainUpdater:3566 - Updater definition file requires update
2025-08-31 17:15:07,828 [INFO] MainUpdater:289 - Updater Check For Update Now.
2025-08-31 17:15:07,828 [INFO] MicroXplorer:498 - Change Database Version : DB.6.0.141
2025-08-31 17:15:07,878 [INFO] McuFinderGlobals:63 - Set McuFinder mode to 2 (CubeIDE integrated)
2025-08-31 17:15:07,899 [INFO] UserAuth:484 - Internet connection configuration mode: 1
2025-08-31 17:15:07,970 [INFO] JxBrowserEngine:152 - Initiate JxBrowser Engine with user profile folder
2025-08-31 17:15:08,001 [INFO] ServerAccessManage:473 - Download File updaters.zip
2025-08-31 17:15:08,434 [INFO] FileExtend:242 - Unzip File : updaters.zip
2025-08-31 17:15:08,436 [INFO] FileExtend:257 - Standard Zip Deflate
2025-08-31 17:15:09,837 [WARN] MainUpdater:1193 - Updater busy. Cannot search thirdparties
2025-08-31 17:15:09,838 [INFO] ThirdPartyUpdaterWithRetryManager:96 - Updater plugin is busy. [1/15]
2025-08-31 17:15:12,122 [INFO] ServerAccessManage:473 - Download File PacksControlFlags.xml
2025-08-31 17:15:12,358 [INFO] ServerAccessManage:473 - Download File cubemx.pidx
2025-08-31 17:15:12,673 [INFO] LoadServerUpdatesThread:375 - End of LoadServerUpdate Thread
2025-08-31 17:15:12,843 [WARN] MainUpdater:1193 - Updater busy. Cannot search thirdparties
2025-08-31 17:15:12,843 [INFO] ThirdPartyUpdaterWithRetryManager:96 - Updater plugin is busy. [2/15]
2025-08-31 17:15:13,017 [INFO] CheckServerUpdateThread:120 - End of CheckServer Thread
2025-08-31 17:15:14,003 [INFO] WebApp:169 - Instantiating new browser for Auth
2025-08-31 17:15:16,041 [INFO] WebApp:463 - Apply proxy settings
2025-08-31 17:15:16,043 [INFO] WebApp:548 - Chromium requires no authentication
2025-08-31 17:15:16,070 [INFO] WebApp:491 - Direct internet connection detected
2025-08-31 17:15:16,163 [INFO] WebApp:894 - Register for checkConnection events
2025-08-31 17:15:16,163 [INFO] WebApp:463 - Apply proxy settings
2025-08-31 17:15:16,163 [INFO] WebApp:548 - Chromium requires no authentication
2025-08-31 17:15:16,165 [INFO] WebApp:491 - Direct internet connection detected
2025-08-31 17:15:16,538 [INFO] WebApp:191 - Connection restablished
2025-08-31 17:15:16,998 [INFO] WebApp:225 - Starting web application
2025-08-31 17:15:16,998 [INFO] WebApp:593 - Web application path used D:\STM32CubeIDE_1.18.1\STM32CubeIDE\plugins\com.st.stm32cube.common.mx_6.14.1.202504091515\db\plugins\mcufinder\reactClient1\index.html
2025-08-31 17:15:17,743 [INFO] UserAuth:484 - Internet connection configuration mode: 1
2025-08-31 17:15:18,155 [WARN] PackLoader:240 - Cannot read IP mode file for STMicroelectronics.FP-SNS-MOTENVWB1.1.4.0
2025-08-31 17:15:18,213 [WARN] PackLoader:240 - Cannot read IP mode file for STMicroelectronics.FP-ATR-ASTRA1.2.0.2
2025-08-31 17:15:18,272 [WARN] PackLoader:240 - Cannot read IP mode file for STMicroelectronics.X-CUBE-SMBUS.2.1.0
2025-08-31 17:15:18,324 [WARN] PackLoader:240 - Cannot read IP mode file for STMicroelectronics.X-CUBE-WB05N.1.1.0
2025-08-31 17:15:18,370 [WARN] PackLoader:240 - Cannot read IP mode file for STMicroelectronics.X-CUBE-ST60.1.0.0
2025-08-31 17:15:18,527 [WARN] PackLoader:240 - Cannot read IP mode file for STMicroelectronics.X-CUBE-AZRTOS-F7.1.1.0
2025-08-31 17:15:18,628 [WARN] PackLoader:240 - Cannot read IP mode file for STMicroelectronics.FP-SNS-FLIGHT1.5.0.2
2025-08-31 17:15:18,788 [WARN] PackLoader:240 - Cannot read IP mode file for Infineon.AIROC-Wi-Fi-Bluetooth-STM32.1.7.0
2025-08-31 17:15:18,872 [WARN] PackLoader:240 - Cannot read IP mode file for STMicroelectronics.X-CUBE-DISPLAY.3.0.0
2025-08-31 17:15:18,933 [WARN] PackLoader:240 - Cannot read IP mode file for STMicroelectronics.X-CUBE-NFC10.1.0.0
2025-08-31 17:15:19,004 [WARN] PackLoader:240 - Cannot read IP mode file for STMicroelectronics.X-CUBE-BLEMGR.4.0.0
2025-08-31 17:15:19,065 [WARN] PackLoader:240 - Cannot read IP mode file for emotas.I-CUBE-CANOPEN.1.3.0
2025-08-31 17:15:19,105 [WARN] ConditionMgr:438 - getConditionDescription Invalid condition id : Cortex-A Device cause : null
2025-08-31 17:15:19,169 [WARN] ConditionMgr:1044 - genDependencies : Invalid condition id : Cortex-A Device cause : null
2025-08-31 17:15:19,169 [WARN] ConditionMgr:1044 - genDependencies : Invalid condition id : Cortex-A Device cause : null
2025-08-31 17:15:19,169 [WARN] ConditionMgr:1044 - genDependencies : Invalid condition id : Cortex-A Device cause : null
2025-08-31 17:15:19,213 [WARN] PackLoader:240 - Cannot read IP mode file for STMicroelectronics.X-CUBE-AI.10.0.0
2025-08-31 17:15:19,259 [WARN] PackLoader:240 - Cannot read IP mode file for STMicroelectronics.FP-SNS-SMARTAG2.1.2.0
2025-08-31 17:15:19,301 [WARN] PackLoader:240 - Cannot read IP mode file for STMicroelectronics.FP-SNS-FLIGHT1.5.1.0
2025-08-31 17:15:19,465 [WARN] PackLoader:240 - Cannot read IP mode file for STMicroelectronics.X-CUBE-MEMS1.11.1.0
2025-08-31 17:15:19,900 [INFO] LogOutputStream:77 - [STDOUT_REDIRECT] 1 : Invalid condition id : UX_CORESTACK_Condition cause : null
2025-08-31 17:15:19,903 [INFO] LogOutputStream:77 - [STDOUT_REDIRECT] 1 : Invalid condition id : UX_CORESTACK_Condition cause : null
2025-08-31 17:15:19,906 [INFO] LogOutputStream:77 - [STDOUT_REDIRECT] 1 : Invalid condition id : UX_CORESTACK_Condition cause : null
2025-08-31 17:15:19,908 [INFO] LogOutputStream:77 - [STDOUT_REDIRECT] 1 : Invalid condition id : UX_CORESTACK_Condition cause : null
2025-08-31 17:15:19,911 [INFO] LogOutputStream:77 - [STDOUT_REDIRECT] 1 : Invalid condition id : UX_CORESTACK_Condition cause : null
2025-08-31 17:15:19,918 [WARN] PackLoader:240 - Cannot read IP mode file for STMicroelectronics.X-CUBE-AZRTOS-WL.2.0.0
2025-08-31 17:15:19,962 [WARN] PackLoader:240 - Cannot read IP mode file for STMicroelectronics.FP-SNS-MOTENV1.5.0.0
2025-08-31 17:15:20,009 [WARN] PackLoader:240 - Cannot read IP mode file for WES.I-CUBE-Cesium.1.3.0
2025-08-31 17:15:20,070 [WARN] PackLoader:240 - Cannot read IP mode file for STMicroelectronics.X-CUBE-BLE2.3.3.0
2025-08-31 17:15:20,139 [WARN] PackLoader:240 - Cannot read IP mode file for STMicroelectronics.X-CUBE-NFC9.1.0.0
2025-08-31 17:15:20,195 [WARN] PackLoader:240 - Cannot read IP mode file for STMicroelectronics.X-CUBE-BLE1.7.1.0
2025-08-31 17:15:20,238 [WARN] PackLoader:240 - Cannot read IP mode file for wolfSSL.I-CUBE-wolfMQTT.1.19.2
2025-08-31 17:15:20,460 [WARN] PackLoader:240 - Cannot read IP mode file for STMicroelectronics.X-CUBE-MEMS1.11.2.0
2025-08-31 17:15:20,868 [WARN] PackLoader:240 - Cannot read IP mode file for STMicroelectronics.X-CUBE-AZRTOS-G0.1.1.0
2025-08-31 17:15:20,925 [WARN] PackLoader:240 - Cannot read IP mode file for STMicroelectronics.X-CUBE-SAFEA1.1.2.2
2025-08-31 17:15:21,014 [WARN] PackLoader:240 - Cannot read IP mode file for STMicroelectronics.X-CUBE-NFC4.3.0.0
2025-08-31 17:15:21,080 [WARN] PackLoader:240 - Cannot read IP mode file for EmbeddedOffice.I-CUBE-FS-RTOS.1.0.1
2025-08-31 17:15:21,132 [WARN] PackLoader:240 - Cannot read IP mode file for STMicroelectronics.X-CUBE-WB05N.2.0.0
2025-08-31 17:15:21,175 [WARN] PackLoader:240 - Cannot read IP mode file for wolfSSL.I-CUBE-wolfTPM.3.8.0
2025-08-31 17:15:21,230 [WARN] PackLoader:240 - Cannot read IP mode file for STMicroelectronics.X-CUBE-TCPP.4.2.0
2025-08-31 17:15:21,272 [WARN] PackLoader:240 - Cannot read IP mode file for RealThread.X-CUBE-RT-Thread_Nano.4.1.1
2025-08-31 17:15:21,307 [WARN] PackLoader:240 - Cannot read IP mode file for STMicroelectronics.FP-ATR-SIGFOX1.3.2.0
2025-08-31 17:15:21,482 [WARN] PackLoader:240 - Cannot read IP mode file for STMicroelectronics.X-CUBE-EEPRMA1.5.1.0
2025-08-31 17:15:21,524 [WARN] PackLoader:240 - Cannot read IP mode file for wolfSSL.I-CUBE-wolfSSL.5.7.6
2025-08-31 17:15:21,567 [WARN] PackLoader:240 - Cannot read IP mode file for ITTIA_DB.I-CUBE-ITTIADB.8.9.0
2025-08-31 17:15:21,695 [WARN] PackLoader:240 - Cannot read IP mode file for SEGGER.I-CUBE-embOS.1.3.1
2025-08-31 17:15:21,926 [WARN] PackLoader:240 - Cannot read IP mode file for STMicroelectronics.X-CUBE-ALGOBUILD.1.4.0
2025-08-31 17:15:22,116 [WARN] PackLoader:240 - Cannot read IP mode file for STMicroelectronics.X-CUBE-AZRTOS-F4.1.1.0
2025-08-31 17:15:22,210 [WARN] PackLoader:240 - Cannot read IP mode file for Avnet-IotConnect.X-CUBE-IoTC-DA16k-PMOD.1.0.0
2025-08-31 17:15:22,264 [WARN] PackLoader:240 - Cannot read IP mode file for STMicroelectronics.X-CUBE-ISPU.2.1.0
2025-08-31 17:15:22,357 [WARN] PackLoader:240 - Cannot read IP mode file for STMicroelectronics.X-CUBE-AZRTOS-L5.2.0.0
2025-08-31 17:15:22,419 [WARN] PackLoader:240 - Cannot read IP mode file for STMicroelectronics.X-CUBE-NFC6.3.1.0
2025-08-31 17:15:22,538 [WARN] PackLoader:240 - Cannot read IP mode file for STMicroelectronics.X-CUBE-DPower.1.2.0
2025-08-31 17:15:22,590 [WARN] PackLoader:240 - Cannot read IP mode file for STMicroelectronics.X-CUBE-FREERTOS.1.3.1
2025-08-31 17:15:22,633 [WARN] PackLoader:240 - Cannot read IP mode file for STMicroelectronics.X-CUBE-FREERTOS.1.3.0
2025-08-31 17:15:22,681 [WARN] PackLoader:240 - Cannot read IP mode file for STMicroelectronics.X-CUBE-NFC7.1.0.1
2025-08-31 17:15:22,729 [WARN] PackLoader:240 - Cannot read IP mode file for STMicroelectronics.X-CUBE-DPower.1.3.0
2025-08-31 17:15:22,911 [WARN] ConditionMgr:438 - getConditionDescription Invalid condition id : LAN8742 Phy interface Condition cause : null
2025-08-31 17:15:22,914 [WARN] PackLoader:240 - Cannot read IP mode file for STMicroelectronics.X-CUBE-AZRTOS-L4.2.0.0
2025-08-31 17:15:22,920 [WARN] ConditionMgr:1044 - genDependencies : Invalid condition id : LAN8742 Phy interface Condition cause : null
2025-08-31 17:15:22,922 [WARN] ConditionMgr:1044 - genDependencies : Invalid condition id : LAN8742 Phy interface Condition cause : null
2025-08-31 17:15:22,923 [WARN] ConditionMgr:1044 - genDependencies : Invalid condition id : LAN8742 Phy interface Condition cause : null
2025-08-31 17:15:22,999 [WARN] PackLoader:240 - Cannot read IP mode file for STMicroelectronics.X-CUBE-SFXS2LP1.4.0.0
2025-08-31 17:15:23,236 [WARN] PackLoader:240 - Cannot read IP mode file for STMicroelectronics.X-CUBE-AZRTOS-H7.3.3.0
2025-08-31 17:15:23,314 [WARN] ConditionMgr:438 - getConditionDescription Invalid condition id : UX DEVICE CLASS RTOS Condition cause : null
2025-08-31 17:15:23,314 [WARN] ConditionMgr:438 - getConditionDescription Invalid condition id : UX DEVICE CLASS RTOS Condition cause : null
2025-08-31 17:15:23,320 [WARN] PackLoader:240 - Cannot read IP mode file for STMicroelectronics.X-CUBE-AZRTOS-WB.2.0.0
2025-08-31 17:15:23,321 [WARN] ConditionMgr:1044 - genDependencies : Invalid condition id : UX DEVICE CLASS RTOS Condition cause : null
2025-08-31 17:15:23,322 [WARN] ConditionMgr:1044 - genDependencies : Invalid condition id : UX DEVICE CLASS RTOS Condition cause : null
2025-08-31 17:15:23,323 [WARN] ConditionMgr:1044 - genDependencies : Invalid condition id : UX DEVICE CLASS RTOS Condition cause : null
2025-08-31 17:15:23,324 [WARN] ConditionMgr:1044 - genDependencies : Invalid condition id : UX DEVICE CLASS RTOS Condition cause : null
2025-08-31 17:15:23,325 [WARN] ConditionMgr:1044 - genDependencies : Invalid condition id : UX DEVICE CLASS RTOS Condition cause : null
2025-08-31 17:15:23,382 [WARN] PackLoader:240 - Cannot read IP mode file for STMicroelectronics.X-CUBE-GNSS1.7.0.1
2025-08-31 17:15:23,430 [WARN] PackLoader:240 - Cannot read IP mode file for STMicroelectronics.X-CUBE-TOUCHGFX.4.25.0
2025-08-31 17:15:23,468 [WARN] PackLoader:240 - Cannot read IP mode file for STMicroelectronics.FP-SNS-STBOX1.2.0.0
2025-08-31 17:15:23,530 [WARN] PackLoader:240 - Cannot read IP mode file for STMicroelectronics.X-CUBE-SUBG2.5.0.0
2025-08-31 17:15:23,615 [WARN] PackLoader:240 - Cannot read IP mode file for STMicroelectronics.X-CUBE-AZRTOS-H7RS.1.1.0
2025-08-31 17:15:23,663 [WARN] PackLoader:240 - Cannot read IP mode file for Cesanta.I-CUBE-Mongoose.7.13.0
2025-08-31 17:15:23,728 [WARN] PackLoader:240 - Cannot read IP mode file for STMicroelectronics.X-CUBE-AZRTOS-G4.2.0.0
2025-08-31 17:15:23,766 [WARN] PackLoader:240 - Cannot read IP mode file for wolfSSL.I-CUBE-wolfSSH.1.4.20
2025-08-31 17:15:23,804 [WARN] PackLoader:240 - Cannot read IP mode file for STMicroelectronics.X-CUBE-NFC7.2.0.0
2025-08-31 17:15:23,864 [WARN] PackLoader:240 - Cannot read IP mode file for STMicroelectronics.X-CUBE-IPS.3.1.0
2025-08-31 17:15:23,912 [WARN] PackLoader:240 - Cannot read IP mode file for STMicroelectronics.X-CUBE-ALS.1.0.2
2025-08-31 17:15:23,953 [WARN] PackLoader:240 - Cannot read IP mode file for STMicroelectronics.X-CUBE-TOUCHGFX.4.24.2
2025-08-31 17:15:23,992 [WARN] PackLoader:240 - Cannot read IP mode file for portGmbH.I-Cube-SoM-uGOAL.1.1.0
2025-08-31 17:15:24,079 [WARN] PackLoader:240 - Cannot read IP mode file for STMicroelectronics.X-CUBE-AZRTOS-H7RS.1.0.0
2025-08-31 17:15:24,140 [WARN] PackLoader:240 - Cannot read IP mode file for STMicroelectronics.X-CUBE-TOF1.3.4.2
2025-08-31 17:15:24,198 [WARN] PackLoader:240 - Cannot read IP mode file for STMicroelectronics.X-CUBE-TOF1.3.4.3
2025-08-31 17:15:24,221 [INFO] ThirdParty:978 - Integrity check success = true
2025-08-31 17:15:24,221 [INFO] IntegrityCheckThread:100 - exiting critical section [integrity check]
2025-08-31 17:15:24,221 [INFO] IntegrityCheckThread:103 - End integrity checks thread
2025-08-31 17:28:43,264 [ERROR] LogOutputStream:75 - [STDERR_REDIRECT] 
