2025-10-01 11:56:51,801 [INFO] Activator:176 - 


2025-10-01 11:56:51,817 [INFO] Activator:177 - !SESSION log4j initialized
2025-10-01 11:57:19,159 [INFO] LogOutputStream:77 - [STDOUT_REDIRECT] 
2025-10-01 11:57:47,581 [INFO] ApplicationProperties:184 - Using Application install path: D:\STM32CubeIDE_1.18.1\STM32CubeIDE\plugins\com.st.stm32cube.common.mx_6.14.1.202504091515
2025-10-01 11:57:47,639 [INFO] DbMcusXml:78 - Set database path to: D:\STM32CubeIDE_1.18.1\STM32CubeIDE\plugins\com.st.stm32cube.common.mx_6.14.1.202504091515\\db\/mcu/
2025-10-01 11:57:47,640 [INFO] ApiDb:274 - Set plugin database path to: D:\STM32CubeIDE_1.18.1\STM32CubeIDE\plugins\com.st.stm32cube.common.mx_6.14.1.202504091515\\db\/plugins/boardmanager/
2025-10-01 11:57:47,641 [WARN] ApiDb:259 - Overriding images path with different value:  => D:\STM32CubeIDE_1.18.1\STM32CubeIDE\plugins\com.st.stm32cube.common.mx_6.14.1.202504091515\\db\/plugins/mcufinder/images/
2025-10-01 11:57:47,668 [INFO] ApiDb:250 - Set database path to: C:\Users\Asus\.stmcufinder\plugins\mcufinder//mcu/
2025-10-01 11:57:47,671 [INFO] DbMcusAds:125 - Set database path to: C:\Users\Asus\.stmcufinder\plugins\mcufinder//mcu/
2025-10-01 11:57:47,735 [INFO] CrossReferenceDbSqlite:203 - Set database path to: C:\Users\Asus\.stmcufinder\plugins\mcufinder//mcu/cs/
2025-10-01 11:57:48,109 [INFO] RulesReader:64 - Compatibility file has been processed (302 Rules)
2025-10-01 11:57:48,388 [INFO] DbMcusXml:78 - Set database path to: D:\STM32CubeIDE_1.18.1\STM32CubeIDE\plugins\com.st.stm32cube.common.mx_6.14.1.202504091515\\db\/mcu/
2025-10-01 11:57:48,388 [INFO] ApiDb:274 - Set plugin database path to: D:\STM32CubeIDE_1.18.1\STM32CubeIDE\plugins\com.st.stm32cube.common.mx_6.14.1.202504091515\\db\/plugins/boardmanager/
2025-10-01 11:57:48,388 [INFO] ApiDb:261 - Set plugin images path to: D:\STM32CubeIDE_1.18.1\STM32CubeIDE\plugins\com.st.stm32cube.common.mx_6.14.1.202504091515\\db\/plugins/mcufinder/images/
2025-10-01 11:57:48,389 [WARN] DbFile:41 - Overriding database path with different value: C:\Users\Asus\.stmcufinder\plugins\mcufinder/ => C:\Users\Asus\.stmcufinder\plugins\mcufinder
2025-10-01 11:57:48,389 [INFO] ApiDb:250 - Set database path to: C:\Users\Asus\.stmcufinder\plugins\mcufinder//mcu/
2025-10-01 11:57:48,389 [WARN] DbFile:41 - Overriding database path with different value: C:\Users\Asus\.stmcufinder\plugins\mcufinder/ => C:\Users\Asus\.stmcufinder\plugins\mcufinder
2025-10-01 11:57:48,390 [INFO] DbMcusAds:125 - Set database path to: C:\Users\Asus\.stmcufinder\plugins\mcufinder//mcu/
2025-10-01 11:57:48,390 [WARN] DbFile:41 - Overriding database path with different value: C:\Users\Asus\.stmcufinder\plugins\mcufinder/ => C:\Users\Asus\.stmcufinder\plugins\mcufinder
2025-10-01 11:57:48,390 [WARN] DbFile:41 - Overriding database path with different value: C:\Users\Asus\.stmcufinder\plugins\mcufinder/ => C:\Users\Asus\.stmcufinder\plugins\mcufinder
2025-10-01 11:57:48,390 [INFO] CrossReferenceDbSqlite:203 - Set database path to: C:\Users\Asus\.stmcufinder\plugins\mcufinder//mcu/cs/
2025-10-01 11:57:48,658 [INFO] MainPanel:272 - HeapMemory: 268435456
2025-10-01 11:57:48,986 [INFO] DbMcusXml:78 - Set database path to: D:\STM32CubeIDE_1.18.1\STM32CubeIDE\plugins\com.st.stm32cube.common.mx_6.14.1.202504091515\\db\/mcu/
2025-10-01 11:57:48,986 [INFO] ApiDb:274 - Set plugin database path to: D:\STM32CubeIDE_1.18.1\STM32CubeIDE\plugins\com.st.stm32cube.common.mx_6.14.1.202504091515\\db\/plugins/boardmanager/
2025-10-01 11:57:48,987 [INFO] ApiDb:261 - Set plugin images path to: D:\STM32CubeIDE_1.18.1\STM32CubeIDE\plugins\com.st.stm32cube.common.mx_6.14.1.202504091515\\db\/plugins/mcufinder/images/
2025-10-01 11:57:48,988 [WARN] DbFile:41 - Overriding database path with different value: C:\Users\Asus\.stmcufinder\plugins\mcufinder/ => C:\Users\Asus\.stmcufinder\plugins\mcufinder
2025-10-01 11:57:48,988 [INFO] ApiDb:250 - Set database path to: C:\Users\Asus\.stmcufinder\plugins\mcufinder//mcu/
2025-10-01 11:57:48,988 [WARN] DbFile:41 - Overriding database path with different value: C:\Users\Asus\.stmcufinder\plugins\mcufinder/ => C:\Users\Asus\.stmcufinder\plugins\mcufinder
2025-10-01 11:57:48,989 [INFO] DbMcusAds:125 - Set database path to: C:\Users\Asus\.stmcufinder\plugins\mcufinder//mcu/
2025-10-01 11:57:48,989 [WARN] DbFile:41 - Overriding database path with different value: C:\Users\Asus\.stmcufinder\plugins\mcufinder/ => C:\Users\Asus\.stmcufinder\plugins\mcufinder
2025-10-01 11:57:48,989 [WARN] DbFile:41 - Overriding database path with different value: C:\Users\Asus\.stmcufinder\plugins\mcufinder/ => C:\Users\Asus\.stmcufinder\plugins\mcufinder
2025-10-01 11:57:48,990 [INFO] CrossReferenceDbSqlite:203 - Set database path to: C:\Users\Asus\.stmcufinder\plugins\mcufinder//mcu/cs/
2025-10-01 11:57:49,054 [INFO] ApplicationProperties:184 - Using Application install path: D:\STM32CubeIDE_1.18.1\STM32CubeIDE\plugins\com.st.stm32cube.common.mx_6.14.1.202504091515
2025-10-01 11:57:49,058 [INFO] PluginManage:196 - Search for loadable plugins [exclusion list=, ]
2025-10-01 11:57:49,063 [INFO] PluginManage:310 - Check plugin analytics
2025-10-01 11:57:54,711 [INFO] AnalyticsPlugin:253 - Accepted Software Licenses: 
2025-10-01 11:57:54,713 [INFO] AnalyticsPlugin:255 - Accepted CMSIS Pack Licenses: 
2025-10-01 11:57:54,713 [INFO] AnalyticsPlugin:257 - Accepted Firmware Licenses: 
2025-10-01 11:57:54,721 [INFO] PluginManage:359 - Loaded plugin analytics (category:tool,tabindex:-1)
2025-10-01 11:57:54,722 [INFO] PluginManage:310 - Check plugin cadmodel
2025-10-01 11:57:54,777 [INFO] CADModel:105 - Init CAD model plugin
2025-10-01 11:57:54,778 [INFO] PluginManage:359 - Loaded plugin cadmodel (category:power,tabindex:5)
2025-10-01 11:57:54,778 [INFO] PluginManage:310 - Check plugin clock
2025-10-01 11:57:54,837 [INFO] PluginManage:359 - Loaded plugin clock (category:base,tabindex:2)
2025-10-01 11:57:54,838 [INFO] PluginManage:310 - Check plugin ddr
2025-10-01 11:57:54,845 [INFO] PluginManage:359 - Loaded plugin ddr (category:tool,tabindex:6)
2025-10-01 11:57:54,846 [INFO] PluginManage:310 - Check plugin filemanager
2025-10-01 11:57:55,277 [INFO] PluginManage:359 - Loaded plugin filemanager (category:base,tabindex:10)
2025-10-01 11:57:55,277 [INFO] PluginManage:310 - Check plugin ipmanager
2025-10-01 11:57:55,302 [INFO] PluginManage:359 - Loaded plugin ipmanager (category:base,tabindex:5)
2025-10-01 11:57:55,303 [INFO] PluginManage:310 - Check plugin lpbam
2025-10-01 11:57:55,367 [INFO] PluginManage:359 - Loaded plugin lpbam (category:base,tabindex:0)
2025-10-01 11:57:55,368 [INFO] PluginManage:310 - Check plugin memorymap
2025-10-01 11:57:55,446 [INFO] PluginManage:359 - Loaded plugin memorymap (category:base,tabindex:4)
2025-10-01 11:57:55,447 [INFO] PluginManage:310 - Check plugin pinoutandconfiguration
2025-10-01 11:57:55,514 [INFO] PluginManage:359 - Loaded plugin pinoutandconfiguration (category:base,tabindex:1)
2025-10-01 11:57:55,514 [INFO] PluginManage:310 - Check plugin pinoutconfig
2025-10-01 11:57:55,861 [WARN] SupportedApi:132 - Cannot load RTOS API schema: s4s-elt-must-match.1: The content of 'definitions' must match (annotation?, (simpleType | complexType)?, (unique | key | keyref)*)). A problem was found starting at: attribute.
2025-10-01 11:57:56,386 [INFO] PluginManage:359 - Loaded plugin pinoutconfig (category:base,tabindex:0)
2025-10-01 11:57:56,386 [INFO] PluginManage:310 - Check plugin power
2025-10-01 11:57:56,464 [INFO] PluginManage:359 - Loaded plugin power (category:power,tabindex:4)
2025-10-01 11:57:56,465 [INFO] PluginManage:310 - Check plugin projectmanager
2025-10-01 11:57:56,523 [INFO] PluginManage:359 - Loaded plugin projectmanager (category:projectmanager,tabindex:4)
2025-10-01 11:57:56,524 [INFO] PluginManage:310 - Check plugin rif
2025-10-01 11:57:56,604 [INFO] PluginManage:359 - Loaded plugin rif (category:base,tabindex:3)
2025-10-01 11:57:56,605 [INFO] PluginManage:310 - Check plugin thirdparty
2025-10-01 11:57:57,904 [INFO] PluginManage:359 - Loaded plugin thirdparty (category:base,tabindex:-1)
2025-10-01 11:57:57,904 [WARN] IntegrityCheckThread:84 - waiting for thirdparty lock release [integrity check]
2025-10-01 11:57:57,904 [INFO] PluginManage:310 - Check plugin tools
2025-10-01 11:57:57,904 [INFO] IntegrityCheckThread:86 - entering critical section [integrity check]
2025-10-01 11:57:57,906 [INFO] ThirdPartyUpdaterWithRetryManager:70 - Updater plugin not ready yet. [1/15]
2025-10-01 11:57:58,045 [INFO] PluginManage:359 - Loaded plugin tools (category:base,tabindex:7)
2025-10-01 11:57:58,046 [INFO] PluginManage:310 - Check plugin tutovideos
2025-10-01 11:57:58,653 [INFO] PluginManage:359 - Loaded plugin tutovideos (category:base,tabindex:-1)
2025-10-01 11:57:58,653 [INFO] PluginManage:310 - Check plugin updater
2025-10-01 11:57:58,729 [INFO] PluginManage:359 - Loaded plugin updater (category:base,tabindex:12)
2025-10-01 11:57:58,729 [INFO] PluginManage:310 - Check plugin userauth
2025-10-01 11:57:58,742 [INFO] UserAuth:118 - Init User Auth plugin
2025-10-01 11:57:58,745 [INFO] PluginManage:359 - Loaded plugin userauth (category:base,tabindex:14)
2025-10-01 11:57:58,747 [INFO] PluginManage:283 - PluginManage : Loaded plugins [18]
2025-10-01 11:57:59,446 [INFO] PinOutPanel:1589 - setPackage(No Configuration,No Configuration)
2025-10-01 11:57:59,752 [INFO] CADModel:165 - CPN selected for project level
2025-10-01 11:57:59,752 [INFO] CADModel:114 - Register for checkConnection events
2025-10-01 11:57:59,852 [INFO] IPUIPlugin:80 - create IPUIPlugin
2025-10-01 11:57:59,852 [INFO] PluginManager:220 - loadIPPluginJar : add adc
2025-10-01 11:57:59,998 [INFO] IPUIPlugin:80 - create IPUIPlugin
2025-10-01 11:57:59,999 [INFO] PluginManager:220 - loadIPPluginJar : add aes
2025-10-01 11:58:00,163 [INFO] IPUIPlugin:80 - create IPUIPlugin
2025-10-01 11:58:00,163 [INFO] PluginManager:220 - loadIPPluginJar : add can
2025-10-01 11:58:00,263 [INFO] IPUIPlugin:80 - create IPUIPlugin
2025-10-01 11:58:00,264 [INFO] PluginManager:220 - loadIPPluginJar : add comp
2025-10-01 11:58:00,414 [INFO] IPUIPlugin:80 - create IPUIPlugin
2025-10-01 11:58:00,414 [INFO] PluginManager:220 - loadIPPluginJar : add cryp
2025-10-01 11:58:00,457 [INFO] IPUIPlugin:80 - create IPUIPlugin
2025-10-01 11:58:00,458 [INFO] PluginManager:220 - loadIPPluginJar : add ddr_ctrl_phy
2025-10-01 11:58:00,589 [INFO] IPUIPlugin:80 - create IPUIPlugin
2025-10-01 11:58:00,590 [INFO] PluginManager:220 - loadIPPluginJar : add dfsdm
2025-10-01 11:58:00,656 [INFO] IPUIPlugin:80 - create IPUIPlugin
2025-10-01 11:58:00,659 [INFO] PluginManager:220 - loadIPPluginJar : add dma
2025-10-01 11:58:00,829 [INFO] IPUIPlugin:80 - create IPUIPlugin
2025-10-01 11:58:00,830 [INFO] PluginManager:220 - loadIPPluginJar : add dma3
2025-10-01 11:58:00,907 [INFO] ThirdPartyUpdaterWithRetryManager:70 - Updater plugin not ready yet. [2/15]
2025-10-01 11:58:01,018 [INFO] IPUIPlugin:80 - create IPUIPlugin
2025-10-01 11:58:01,018 [INFO] PluginManager:220 - loadIPPluginJar : add extmemmanager
2025-10-01 11:58:01,105 [INFO] IPUIPlugin:80 - create IPUIPlugin
2025-10-01 11:58:01,106 [INFO] PluginManager:220 - loadIPPluginJar : add fatfs
2025-10-01 11:58:01,292 [INFO] IPUIPlugin:80 - create IPUIPlugin
2025-10-01 11:58:01,292 [INFO] PluginManager:220 - loadIPPluginJar : add fmc
2025-10-01 11:58:01,346 [INFO] IPUIPlugin:80 - create IPUIPlugin
2025-10-01 11:58:01,347 [INFO] PluginManager:220 - loadIPPluginJar : add freertos
2025-10-01 11:58:01,440 [INFO] IPUIPlugin:80 - create IPUIPlugin
2025-10-01 11:58:01,440 [INFO] PluginManager:220 - loadIPPluginJar : add genericplugin
2025-10-01 11:58:01,853 [INFO] IPUIPlugin:80 - create IPUIPlugin
2025-10-01 11:58:01,853 [INFO] PluginManager:220 - loadIPPluginJar : add gfxmmu
2025-10-01 11:58:02,405 [INFO] IPUIPlugin:80 - create IPUIPlugin
2025-10-01 11:58:02,405 [INFO] PluginManager:220 - loadIPPluginJar : add gic
2025-10-01 11:58:02,450 [INFO] IPUIPlugin:80 - create IPUIPlugin
2025-10-01 11:58:02,451 [INFO] PluginManager:220 - loadIPPluginJar : add gpio
2025-10-01 11:58:02,822 [INFO] IPUIPlugin:80 - create IPUIPlugin
2025-10-01 11:58:02,822 [INFO] PluginManager:220 - loadIPPluginJar : add gtzc
2025-10-01 11:58:02,953 [INFO] IPUIPlugin:80 - create IPUIPlugin
2025-10-01 11:58:02,954 [INFO] PluginManager:220 - loadIPPluginJar : add hash
2025-10-01 11:58:03,190 [INFO] IPUIPlugin:80 - create IPUIPlugin
2025-10-01 11:58:03,191 [INFO] PluginManager:220 - loadIPPluginJar : add i2c
2025-10-01 11:58:03,371 [INFO] IPUIPlugin:80 - create IPUIPlugin
2025-10-01 11:58:03,371 [INFO] PluginManager:220 - loadIPPluginJar : add i2s
2025-10-01 11:58:03,570 [INFO] IPUIPlugin:80 - create IPUIPlugin
2025-10-01 11:58:03,570 [INFO] PluginManager:220 - loadIPPluginJar : add i3c
2025-10-01 11:58:03,909 [INFO] ThirdPartyUpdaterWithRetryManager:70 - Updater plugin not ready yet. [3/15]
2025-10-01 11:58:03,966 [INFO] IPUIPlugin:80 - create IPUIPlugin
2025-10-01 11:58:03,967 [INFO] PluginManager:220 - loadIPPluginJar : add ipddr
2025-10-01 11:58:04,330 [INFO] IPUIPlugin:80 - create IPUIPlugin
2025-10-01 11:58:04,331 [INFO] PluginManager:220 - loadIPPluginJar : add linkedlist
2025-10-01 11:58:04,469 [INFO] IPUIPlugin:80 - create IPUIPlugin
2025-10-01 11:58:04,469 [INFO] PluginManager:220 - loadIPPluginJar : add lorawan
2025-10-01 11:58:04,620 [INFO] IPUIPlugin:80 - create IPUIPlugin
2025-10-01 11:58:04,621 [INFO] PluginManager:220 - loadIPPluginJar : add ltdc
2025-10-01 11:58:04,677 [INFO] IPUIPlugin:80 - create IPUIPlugin
2025-10-01 11:58:04,678 [INFO] PluginManager:220 - loadIPPluginJar : add mdma
2025-10-01 11:58:04,717 [INFO] IPUIPlugin:80 - create IPUIPlugin
2025-10-01 11:58:04,718 [INFO] PluginManager:220 - loadIPPluginJar : add nvic
2025-10-01 11:58:04,869 [INFO] IPUIPlugin:80 - create IPUIPlugin
2025-10-01 11:58:04,869 [INFO] PluginManager:220 - loadIPPluginJar : add opamp
2025-10-01 11:58:05,199 [INFO] IPUIPlugin:80 - create IPUIPlugin
2025-10-01 11:58:05,200 [INFO] PluginManager:220 - loadIPPluginJar : add openamp
2025-10-01 11:58:05,386 [INFO] IPUIPlugin:80 - create IPUIPlugin
2025-10-01 11:58:05,388 [INFO] PluginManager:220 - loadIPPluginJar : add pdm2pcm
2025-10-01 11:58:05,440 [INFO] IPUIPlugin:80 - create IPUIPlugin
2025-10-01 11:58:05,449 [INFO] PluginManager:220 - loadIPPluginJar : add plateformsettings
2025-10-01 11:58:05,550 [INFO] IPUIPlugin:80 - create IPUIPlugin
2025-10-01 11:58:05,550 [INFO] PluginManager:220 - loadIPPluginJar : add quadspi
2025-10-01 11:58:05,666 [INFO] IPUIPlugin:80 - create IPUIPlugin
2025-10-01 11:58:05,667 [INFO] PluginManager:220 - loadIPPluginJar : add radio
2025-10-01 11:58:05,719 [INFO] IPUIPlugin:80 - create IPUIPlugin
2025-10-01 11:58:05,719 [INFO] PluginManager:220 - loadIPPluginJar : add resmgrutility
2025-10-01 11:58:05,921 [INFO] IPUIPlugin:80 - create IPUIPlugin
2025-10-01 11:58:05,921 [INFO] PluginManager:220 - loadIPPluginJar : add sai
2025-10-01 11:58:06,079 [INFO] IPUIPlugin:80 - create IPUIPlugin
2025-10-01 11:58:06,080 [INFO] PluginManager:220 - loadIPPluginJar : add spi
2025-10-01 11:58:06,412 [INFO] IPUIPlugin:80 - create IPUIPlugin
2025-10-01 11:58:06,413 [INFO] PluginManager:220 - loadIPPluginJar : add stm32_wpan
2025-10-01 11:58:06,518 [INFO] IPUIPlugin:80 - create IPUIPlugin
2025-10-01 11:58:06,518 [INFO] PluginManager:220 - loadIPPluginJar : add tim
2025-10-01 11:58:06,797 [INFO] IPUIPlugin:80 - create IPUIPlugin
2025-10-01 11:58:06,797 [INFO] PluginManager:220 - loadIPPluginJar : add touchsensing
2025-10-01 11:58:06,897 [INFO] IPUIPlugin:80 - create IPUIPlugin
2025-10-01 11:58:06,898 [INFO] PluginManager:220 - loadIPPluginJar : add tracer_emb
2025-10-01 11:58:06,910 [INFO] ThirdPartyUpdaterWithRetryManager:70 - Updater plugin not ready yet. [4/15]
2025-10-01 11:58:07,000 [INFO] IPUIPlugin:80 - create IPUIPlugin
2025-10-01 11:58:07,000 [INFO] PluginManager:220 - loadIPPluginJar : add ts
2025-10-01 11:58:07,098 [INFO] IPUIPlugin:80 - create IPUIPlugin
2025-10-01 11:58:07,098 [INFO] PluginManager:220 - loadIPPluginJar : add tsc
2025-10-01 11:58:07,195 [INFO] IPUIPlugin:80 - create IPUIPlugin
2025-10-01 11:58:07,196 [INFO] PluginManager:220 - loadIPPluginJar : add ucpd
2025-10-01 11:58:07,371 [INFO] IPUIPlugin:80 - create IPUIPlugin
2025-10-01 11:58:07,373 [INFO] PluginManager:220 - loadIPPluginJar : add usart
2025-10-01 11:58:07,554 [INFO] IPUIPlugin:80 - create IPUIPlugin
2025-10-01 11:58:07,555 [INFO] PluginManager:220 - loadIPPluginJar : add usbx
2025-10-01 11:58:07,833 [FATAL] Updater:351 - Updater called before beeing initialized
2025-10-01 11:58:07,955 [INFO] RulesReader:64 - Compatibility file has been processed (302 Rules)
2025-10-01 11:58:07,992 [INFO] RulesReader:64 - Compatibility file has been processed (302 Rules)
2025-10-01 11:58:08,027 [INFO] CADModel:165 - CPN selected for project level
2025-10-01 11:58:08,027 [INFO] CADModel:114 - Register for checkConnection events
2025-10-01 11:58:08,028 [FATAL] Updater:351 - Updater called before beeing initialized
2025-10-01 11:58:08,028 [ERROR] CADModel:125 - Updater not yet initialized, retry later 
2025-10-01 11:58:08,563 [FATAL] Updater:351 - Updater called before beeing initialized
2025-10-01 11:58:08,570 [INFO] CADModel:165 - CPN selected for project level
2025-10-01 11:58:08,571 [INFO] CADModel:114 - Register for checkConnection events
2025-10-01 11:58:08,571 [FATAL] Updater:351 - Updater called before beeing initialized
2025-10-01 11:58:08,572 [ERROR] CADModel:125 - Updater not yet initialized, retry later 
2025-10-01 11:58:08,585 [FATAL] Updater:351 - Updater called before beeing initialized
2025-10-01 11:58:09,054 [FATAL] Updater:351 - Updater called before beeing initialized
2025-10-01 11:58:09,086 [INFO] DbMcusAds:53 - JSON generation date=Tue Jul 08 13:44:23 IST 2025 (1751962463524)
2025-10-01 11:58:09,087 [FATAL] Updater:351 - Updater called before beeing initialized
2025-10-01 11:58:09,356 [WARN] DetailPanel:346 - Failed to get advertising image, set to default
2025-10-01 11:58:09,911 [INFO] ThirdPartyUpdaterWithRetryManager:70 - Updater plugin not ready yet. [5/15]
2025-10-01 11:58:10,264 [FATAL] Updater:351 - Updater called before beeing initialized
2025-10-01 11:58:10,269 [FATAL] Updater:351 - Updater called before beeing initialized
2025-10-01 11:58:10,269 [FATAL] Updater:351 - Updater called before beeing initialized
2025-10-01 11:58:10,269 [WARN] DetailPanel:346 - Failed to get advertising image, set to default
2025-10-01 11:58:10,271 [FATAL] Updater:351 - Updater called before beeing initialized
2025-10-01 11:58:10,460 [ERROR] Updater:1198 - MainUpdater not yet initialized. External WinMGr cannot be set.
2025-10-01 11:58:10,495 [INFO] Updater:1134 - Updater Version found : 6.14.1
2025-10-01 11:58:10,542 [INFO] ApplicationProperties:184 - Using Application install path: D:\STM32CubeIDE_1.18.1\STM32CubeIDE\plugins\com.st.stm32cube.common.mx_6.14.1.202504091515
2025-10-01 11:58:11,569 [INFO] MainUpdater:2872 - connection check result : 10
2025-10-01 11:58:11,571 [INFO] MainUpdater:289 - Updater Check For Update Now.
2025-10-01 11:58:11,572 [INFO] MicroXplorer:498 - Change Database Version : DB.6.0.141
2025-10-01 11:58:11,628 [INFO] McuFinderGlobals:63 - Set McuFinder mode to 2 (CubeIDE integrated)
2025-10-01 11:58:11,665 [INFO] UserAuth:484 - Internet connection configuration mode: 1
2025-10-01 11:58:11,773 [INFO] JxBrowserEngine:152 - Initiate JxBrowser Engine with user profile folder
2025-10-01 11:58:12,100 [INFO] CheckServerUpdateThread:120 - End of CheckServer Thread
2025-10-01 11:58:13,880 [WARN] PackLoader:240 - Cannot read IP mode file for STMicroelectronics.FP-SNS-MOTENVWB1.1.4.0
2025-10-01 11:58:13,988 [WARN] PackLoader:240 - Cannot read IP mode file for STMicroelectronics.FP-ATR-ASTRA1.2.0.2
2025-10-01 11:58:14,050 [WARN] PackLoader:240 - Cannot read IP mode file for STMicroelectronics.X-CUBE-SMBUS.2.1.0
2025-10-01 11:58:14,118 [WARN] PackLoader:240 - Cannot read IP mode file for STMicroelectronics.X-CUBE-WB05N.1.1.0
2025-10-01 11:58:14,178 [WARN] PackLoader:240 - Cannot read IP mode file for STMicroelectronics.X-CUBE-ST60.1.0.0
2025-10-01 11:58:14,334 [WARN] PackLoader:240 - Cannot read IP mode file for STMicroelectronics.X-CUBE-AZRTOS-F7.1.1.0
2025-10-01 11:58:14,400 [WARN] PackLoader:240 - Cannot read IP mode file for STMicroelectronics.FP-SNS-FLIGHT1.5.0.2
2025-10-01 11:58:14,519 [WARN] PackLoader:240 - Cannot read IP mode file for Infineon.AIROC-Wi-Fi-Bluetooth-STM32.1.7.0
2025-10-01 11:58:14,642 [WARN] PackLoader:240 - Cannot read IP mode file for STMicroelectronics.X-CUBE-AZRTOS-H7.3.4.0
2025-10-01 11:58:14,726 [WARN] PackLoader:240 - Cannot read IP mode file for STMicroelectronics.X-CUBE-DISPLAY.3.0.0
2025-10-01 11:58:14,809 [WARN] PackLoader:240 - Cannot read IP mode file for STMicroelectronics.X-CUBE-NFC10.1.0.0
2025-10-01 11:58:14,890 [WARN] PackLoader:240 - Cannot read IP mode file for STMicroelectronics.X-CUBE-BLEMGR.4.0.0
2025-10-01 11:58:14,958 [WARN] PackLoader:240 - Cannot read IP mode file for emotas.I-CUBE-CANOPEN.1.3.0
2025-10-01 11:58:15,011 [WARN] ConditionMgr:438 - getConditionDescription Invalid condition id : Cortex-A Device cause : null
2025-10-01 11:58:15,086 [WARN] ConditionMgr:1044 - genDependencies : Invalid condition id : Cortex-A Device cause : null
2025-10-01 11:58:15,086 [WARN] ConditionMgr:1044 - genDependencies : Invalid condition id : Cortex-A Device cause : null
2025-10-01 11:58:15,087 [WARN] ConditionMgr:1044 - genDependencies : Invalid condition id : Cortex-A Device cause : null
2025-10-01 11:58:15,142 [WARN] PackLoader:240 - Cannot read IP mode file for STMicroelectronics.X-CUBE-AI.10.0.0
2025-10-01 11:58:15,198 [WARN] PackLoader:240 - Cannot read IP mode file for STMicroelectronics.FP-SNS-SMARTAG2.1.2.0
2025-10-01 11:58:15,237 [WARN] PackLoader:240 - Cannot read IP mode file for STMicroelectronics.FP-SNS-FLIGHT1.5.1.0
2025-10-01 11:58:15,423 [WARN] PackLoader:240 - Cannot read IP mode file for STMicroelectronics.X-CUBE-MEMS1.11.1.0
2025-10-01 11:58:16,074 [INFO] LogOutputStream:77 - [STDOUT_REDIRECT] 1 : Invalid condition id : UX_CORESTACK_Condition cause : null
2025-10-01 11:58:16,085 [INFO] LogOutputStream:77 - [STDOUT_REDIRECT] 1 : Invalid condition id : UX_CORESTACK_Condition cause : null
2025-10-01 11:58:16,090 [INFO] LogOutputStream:77 - [STDOUT_REDIRECT] 1 : Invalid condition id : UX_CORESTACK_Condition cause : null
2025-10-01 11:58:16,095 [INFO] LogOutputStream:77 - [STDOUT_REDIRECT] 1 : Invalid condition id : UX_CORESTACK_Condition cause : null
2025-10-01 11:58:16,100 [INFO] LogOutputStream:77 - [STDOUT_REDIRECT] 1 : Invalid condition id : UX_CORESTACK_Condition cause : null
2025-10-01 11:58:16,111 [WARN] PackLoader:240 - Cannot read IP mode file for STMicroelectronics.X-CUBE-AZRTOS-WL.2.0.0
2025-10-01 11:58:16,220 [WARN] PackLoader:240 - Cannot read IP mode file for STMicroelectronics.FP-SNS-MOTENV1.5.0.0
2025-10-01 11:58:16,366 [WARN] PackLoader:240 - Cannot read IP mode file for WES.I-CUBE-Cesium.1.3.0
2025-10-01 11:58:16,424 [WARN] PackLoader:240 - Cannot read IP mode file for STMicroelectronics.X-CUBE-BLE2.3.3.0
2025-10-01 11:58:16,481 [WARN] PackLoader:240 - Cannot read IP mode file for STMicroelectronics.X-CUBE-NFC9.1.0.0
2025-10-01 11:58:16,580 [WARN] PackLoader:240 - Cannot read IP mode file for STMicroelectronics.X-CUBE-BLE1.7.1.0
2025-10-01 11:58:16,606 [INFO] WebApp:169 - Instantiating new browser for Auth
2025-10-01 11:58:16,635 [WARN] PackLoader:240 - Cannot read IP mode file for wolfSSL.I-CUBE-wolfMQTT.1.19.2
2025-10-01 11:58:16,699 [WARN] PackLoader:240 - Cannot read IP mode file for STMicroelectronics.X-CUBE-EEPRMA1.5.2.0
2025-10-01 11:58:16,938 [WARN] PackLoader:240 - Cannot read IP mode file for STMicroelectronics.X-CUBE-MEMS1.11.2.0
2025-10-01 11:58:17,397 [WARN] PackLoader:240 - Cannot read IP mode file for STMicroelectronics.X-CUBE-AZRTOS-G0.1.1.0
2025-10-01 11:58:17,462 [WARN] PackLoader:240 - Cannot read IP mode file for STMicroelectronics.X-CUBE-SAFEA1.1.2.2
2025-10-01 11:58:17,523 [WARN] PackLoader:240 - Cannot read IP mode file for STMicroelectronics.X-CUBE-NFC4.3.0.0
2025-10-01 11:58:17,597 [WARN] PackLoader:240 - Cannot read IP mode file for EmbeddedOffice.I-CUBE-FS-RTOS.1.0.1
2025-10-01 11:58:17,663 [WARN] PackLoader:240 - Cannot read IP mode file for STMicroelectronics.X-CUBE-WB05N.2.0.0
2025-10-01 11:58:17,721 [WARN] PackLoader:240 - Cannot read IP mode file for wolfSSL.I-CUBE-wolfTPM.3.8.0
2025-10-01 11:58:17,787 [WARN] PackLoader:240 - Cannot read IP mode file for STMicroelectronics.X-CUBE-TCPP.4.2.0
2025-10-01 11:58:17,848 [WARN] PackLoader:240 - Cannot read IP mode file for RealThread.X-CUBE-RT-Thread_Nano.4.1.1
2025-10-01 11:58:17,908 [WARN] PackLoader:240 - Cannot read IP mode file for STMicroelectronics.FP-ATR-SIGFOX1.3.2.0
2025-10-01 11:58:17,967 [WARN] PackLoader:240 - Cannot read IP mode file for STMicroelectronics.X-CUBE-EEPRMA1.5.1.0
2025-10-01 11:58:18,037 [WARN] PackLoader:240 - Cannot read IP mode file for wolfSSL.I-CUBE-wolfSSL.5.7.6
2025-10-01 11:58:18,142 [WARN] PackLoader:240 - Cannot read IP mode file for ITTIA_DB.I-CUBE-ITTIADB.8.9.0
2025-10-01 11:58:18,216 [WARN] PackLoader:240 - Cannot read IP mode file for STMicroelectronics.X-CUBE-ST67W61.1.0.0
2025-10-01 11:58:18,351 [WARN] PackLoader:240 - Cannot read IP mode file for SEGGER.I-CUBE-embOS.1.3.1
2025-10-01 11:58:18,514 [WARN] PackLoader:240 - Cannot read IP mode file for STMicroelectronics.X-CUBE-ALGOBUILD.1.4.0
2025-10-01 11:58:18,719 [WARN] PackLoader:240 - Cannot read IP mode file for STMicroelectronics.X-CUBE-MEMS1.11.3.0
2025-10-01 11:58:19,204 [WARN] PackLoader:240 - Cannot read IP mode file for STMicroelectronics.X-CUBE-PM33A1.1.0.0
2025-10-01 11:58:19,465 [WARN] PackLoader:240 - Cannot read IP mode file for STMicroelectronics.X-CUBE-AZRTOS-F4.1.1.0
2025-10-01 11:58:19,548 [WARN] PackLoader:240 - Cannot read IP mode file for Avnet-IotConnect.X-CUBE-IoTC-DA16k-PMOD.1.0.0
2025-10-01 11:58:19,625 [WARN] PackLoader:240 - Cannot read IP mode file for STMicroelectronics.X-CUBE-ISPU.2.1.0
2025-10-01 11:58:19,695 [WARN] PackLoader:240 - Cannot read IP mode file for STMicroelectronics.X-CUBE-NFC12.1.0.0
2025-10-01 11:58:19,814 [WARN] PackLoader:240 - Cannot read IP mode file for STMicroelectronics.X-CUBE-AZRTOS-L5.2.0.0
2025-10-01 11:58:19,892 [WARN] PackLoader:240 - Cannot read IP mode file for STMicroelectronics.X-CUBE-NFC6.3.1.0
2025-10-01 11:58:19,972 [WARN] PackLoader:240 - Cannot read IP mode file for STMicroelectronics.X-CUBE-DPower.1.2.0
2025-10-01 11:58:20,026 [INFO] WebApp:463 - Apply proxy settings
2025-10-01 11:58:20,027 [INFO] WebApp:548 - Chromium requires no authentication
2025-10-01 11:58:20,053 [WARN] PackLoader:240 - Cannot read IP mode file for STMicroelectronics.X-CUBE-FREERTOS.1.3.1
2025-10-01 11:58:20,075 [INFO] WebApp:491 - Direct internet connection detected
2025-10-01 11:58:20,105 [WARN] PackLoader:240 - Cannot read IP mode file for STMicroelectronics.X-CUBE-FREERTOS.1.3.0
2025-10-01 11:58:20,157 [WARN] PackLoader:240 - Cannot read IP mode file for STMicroelectronics.X-CUBE-NFC7.1.0.1
2025-10-01 11:58:20,162 [INFO] WebApp:894 - Register for checkConnection events
2025-10-01 11:58:20,162 [INFO] WebApp:463 - Apply proxy settings
2025-10-01 11:58:20,164 [INFO] WebApp:548 - Chromium requires no authentication
2025-10-01 11:58:20,165 [INFO] WebApp:491 - Direct internet connection detected
2025-10-01 11:58:20,213 [WARN] PackLoader:240 - Cannot read IP mode file for STMicroelectronics.X-CUBE-DPower.1.3.0
2025-10-01 11:58:20,305 [WARN] ConditionMgr:438 - getConditionDescription Invalid condition id : LAN8742 Phy interface Condition cause : null
2025-10-01 11:58:20,308 [WARN] PackLoader:240 - Cannot read IP mode file for STMicroelectronics.X-CUBE-AZRTOS-L4.2.0.0
2025-10-01 11:58:20,311 [WARN] ConditionMgr:1044 - genDependencies : Invalid condition id : LAN8742 Phy interface Condition cause : null
2025-10-01 11:58:20,312 [WARN] ConditionMgr:1044 - genDependencies : Invalid condition id : LAN8742 Phy interface Condition cause : null
2025-10-01 11:58:20,313 [WARN] ConditionMgr:1044 - genDependencies : Invalid condition id : LAN8742 Phy interface Condition cause : null
2025-10-01 11:58:20,367 [WARN] PackLoader:240 - Cannot read IP mode file for STMicroelectronics.X-CUBE-SFXS2LP1.4.0.0
2025-10-01 11:58:20,487 [WARN] PackLoader:240 - Cannot read IP mode file for STMicroelectronics.X-CUBE-AZRTOS-H7.3.3.0
2025-10-01 11:58:20,615 [INFO] WebApp:191 - Connection restablished
2025-10-01 11:58:20,620 [WARN] ConditionMgr:438 - getConditionDescription Invalid condition id : UX DEVICE CLASS RTOS Condition cause : null
2025-10-01 11:58:20,621 [WARN] ConditionMgr:438 - getConditionDescription Invalid condition id : UX DEVICE CLASS RTOS Condition cause : null
2025-10-01 11:58:20,628 [WARN] PackLoader:240 - Cannot read IP mode file for STMicroelectronics.X-CUBE-AZRTOS-WB.2.0.0
2025-10-01 11:58:20,631 [WARN] ConditionMgr:1044 - genDependencies : Invalid condition id : UX DEVICE CLASS RTOS Condition cause : null
2025-10-01 11:58:20,631 [WARN] ConditionMgr:1044 - genDependencies : Invalid condition id : UX DEVICE CLASS RTOS Condition cause : null
2025-10-01 11:58:20,633 [WARN] ConditionMgr:1044 - genDependencies : Invalid condition id : UX DEVICE CLASS RTOS Condition cause : null
2025-10-01 11:58:20,634 [WARN] ConditionMgr:1044 - genDependencies : Invalid condition id : UX DEVICE CLASS RTOS Condition cause : null
2025-10-01 11:58:20,635 [WARN] ConditionMgr:1044 - genDependencies : Invalid condition id : UX DEVICE CLASS RTOS Condition cause : null
2025-10-01 11:58:20,704 [WARN] PackLoader:240 - Cannot read IP mode file for STMicroelectronics.X-CUBE-GNSS1.7.0.1
2025-10-01 11:58:20,776 [WARN] PackLoader:240 - Cannot read IP mode file for STMicroelectronics.X-CUBE-TOUCHGFX.4.25.0
2025-10-01 11:58:20,860 [WARN] PackLoader:240 - Cannot read IP mode file for STMicroelectronics.FP-SNS-STBOX1.2.0.0
2025-10-01 11:58:20,957 [WARN] PackLoader:240 - Cannot read IP mode file for STMicroelectronics.X-CUBE-SUBG2.5.0.0
2025-10-01 11:58:21,033 [INFO] WebApp:225 - Starting web application
2025-10-01 11:58:21,034 [INFO] WebApp:593 - Web application path used D:\STM32CubeIDE_1.18.1\STM32CubeIDE\plugins\com.st.stm32cube.common.mx_6.14.1.202504091515\db\plugins\mcufinder\reactClient1\index.html
2025-10-01 11:58:21,122 [WARN] PackLoader:240 - Cannot read IP mode file for STMicroelectronics.X-CUBE-AZRTOS-H7RS.1.1.0
2025-10-01 11:58:21,205 [WARN] PackLoader:240 - Cannot read IP mode file for Cesanta.I-CUBE-Mongoose.7.13.0
2025-10-01 11:58:21,319 [WARN] PackLoader:240 - Cannot read IP mode file for STMicroelectronics.X-CUBE-AZRTOS-G4.2.0.0
2025-10-01 11:58:21,385 [WARN] PackLoader:240 - Cannot read IP mode file for wolfSSL.I-CUBE-wolfSSH.1.4.20
2025-10-01 11:58:21,443 [WARN] PackLoader:240 - Cannot read IP mode file for STMicroelectronics.X-CUBE-NFC7.2.0.0
2025-10-01 11:58:21,527 [WARN] PackLoader:240 - Cannot read IP mode file for STMicroelectronics.X-CUBE-IPS.3.1.0
2025-10-01 11:58:21,609 [WARN] PackLoader:240 - Cannot read IP mode file for STMicroelectronics.X-CUBE-ALS.1.0.2
2025-10-01 11:58:21,686 [WARN] PackLoader:240 - Cannot read IP mode file for STMicroelectronics.X-CUBE-TOUCHGFX.4.24.2
2025-10-01 11:58:21,754 [WARN] PackLoader:240 - Cannot read IP mode file for STMicroelectronics.X-CUBE-STSE01.1.0.0
2025-10-01 11:58:21,825 [WARN] PackLoader:240 - Cannot read IP mode file for portGmbH.I-Cube-SoM-uGOAL.1.1.0
2025-10-01 11:58:21,937 [WARN] PackLoader:240 - Cannot read IP mode file for STMicroelectronics.X-CUBE-AZRTOS-H7RS.1.0.0
2025-10-01 11:58:22,038 [WARN] PackLoader:240 - Cannot read IP mode file for STMicroelectronics.X-CUBE-TOF1.3.4.2
2025-10-01 11:58:22,145 [WARN] PackLoader:240 - Cannot read IP mode file for STMicroelectronics.X-CUBE-TOF1.3.4.3
2025-10-01 11:58:22,173 [INFO] ThirdParty:978 - Integrity check success = true
2025-10-01 11:58:22,174 [INFO] IntegrityCheckThread:100 - exiting critical section [integrity check]
2025-10-01 11:58:22,174 [INFO] IntegrityCheckThread:103 - End integrity checks thread
2025-10-01 11:58:22,623 [INFO] UserAuth:484 - Internet connection configuration mode: 1
2025-10-01 13:06:41,504 [INFO] WebApp:194 - Connection lost
2025-10-01 13:06:43,834 [INFO] WebApp:191 - Connection restablished
2025-10-01 13:06:44,678 [INFO] WebApp:194 - Connection lost
2025-10-01 13:06:45,192 [INFO] WebApp:191 - Connection restablished
2025-10-01 13:06:50,715 [INFO] WebApp:194 - Connection lost
2025-10-01 13:06:51,005 [INFO] WebApp:191 - Connection restablished
2025-10-01 13:08:02,114 [ERROR] LogOutputStream:75 - [STDERR_REDIRECT] 
