2025-09-11 12:24:13,661 [INFO] Activator:176 - 


2025-09-11 12:24:13,677 [INFO] Activator:177 - !SESSION log4j initialized
2025-09-11 12:24:36,727 [INFO] LogOutputStream:77 - [STDOUT_REDIRECT] 
2025-09-11 12:24:54,956 [INFO] ApplicationProperties:184 - Using Application install path: D:\STM32CubeIDE_1.18.1\STM32CubeIDE\plugins\com.st.stm32cube.common.mx_6.14.1.202504091515
2025-09-11 12:24:55,010 [INFO] DbMcusXml:78 - Set database path to: D:\STM32CubeIDE_1.18.1\STM32CubeIDE\plugins\com.st.stm32cube.common.mx_6.14.1.202504091515\\db\/mcu/
2025-09-11 12:24:55,012 [INFO] ApiDb:274 - Set plugin database path to: D:\STM32CubeIDE_1.18.1\STM32CubeIDE\plugins\com.st.stm32cube.common.mx_6.14.1.202504091515\\db\/plugins/boardmanager/
2025-09-11 12:24:55,013 [WARN] ApiDb:259 - Overriding images path with different value:  => D:\STM32CubeIDE_1.18.1\STM32CubeIDE\plugins\com.st.stm32cube.common.mx_6.14.1.202504091515\\db\/plugins/mcufinder/images/
2025-09-11 12:24:55,035 [INFO] ApiDb:250 - Set database path to: C:\Users\Asus\.stmcufinder\plugins\mcufinder//mcu/
2025-09-11 12:24:55,038 [INFO] DbMcusAds:125 - Set database path to: C:\Users\Asus\.stmcufinder\plugins\mcufinder//mcu/
2025-09-11 12:24:55,099 [INFO] CrossReferenceDbSqlite:203 - Set database path to: C:\Users\Asus\.stmcufinder\plugins\mcufinder//mcu/cs/
2025-09-11 12:24:55,537 [INFO] RulesReader:64 - Compatibility file has been processed (302 Rules)
2025-09-11 12:24:55,863 [INFO] DbMcusXml:78 - Set database path to: D:\STM32CubeIDE_1.18.1\STM32CubeIDE\plugins\com.st.stm32cube.common.mx_6.14.1.202504091515\\db\/mcu/
2025-09-11 12:24:55,864 [INFO] ApiDb:274 - Set plugin database path to: D:\STM32CubeIDE_1.18.1\STM32CubeIDE\plugins\com.st.stm32cube.common.mx_6.14.1.202504091515\\db\/plugins/boardmanager/
2025-09-11 12:24:55,865 [INFO] ApiDb:261 - Set plugin images path to: D:\STM32CubeIDE_1.18.1\STM32CubeIDE\plugins\com.st.stm32cube.common.mx_6.14.1.202504091515\\db\/plugins/mcufinder/images/
2025-09-11 12:24:55,867 [WARN] DbFile:41 - Overriding database path with different value: C:\Users\Asus\.stmcufinder\plugins\mcufinder/ => C:\Users\Asus\.stmcufinder\plugins\mcufinder
2025-09-11 12:24:55,868 [INFO] ApiDb:250 - Set database path to: C:\Users\Asus\.stmcufinder\plugins\mcufinder//mcu/
2025-09-11 12:24:55,868 [WARN] DbFile:41 - Overriding database path with different value: C:\Users\Asus\.stmcufinder\plugins\mcufinder/ => C:\Users\Asus\.stmcufinder\plugins\mcufinder
2025-09-11 12:24:55,868 [INFO] DbMcusAds:125 - Set database path to: C:\Users\Asus\.stmcufinder\plugins\mcufinder//mcu/
2025-09-11 12:24:55,868 [WARN] DbFile:41 - Overriding database path with different value: C:\Users\Asus\.stmcufinder\plugins\mcufinder/ => C:\Users\Asus\.stmcufinder\plugins\mcufinder
2025-09-11 12:24:55,869 [WARN] DbFile:41 - Overriding database path with different value: C:\Users\Asus\.stmcufinder\plugins\mcufinder/ => C:\Users\Asus\.stmcufinder\plugins\mcufinder
2025-09-11 12:24:55,869 [INFO] CrossReferenceDbSqlite:203 - Set database path to: C:\Users\Asus\.stmcufinder\plugins\mcufinder//mcu/cs/
2025-09-11 12:24:56,142 [INFO] MainPanel:272 - HeapMemory: 268435456
2025-09-11 12:24:56,510 [INFO] DbMcusXml:78 - Set database path to: D:\STM32CubeIDE_1.18.1\STM32CubeIDE\plugins\com.st.stm32cube.common.mx_6.14.1.202504091515\\db\/mcu/
2025-09-11 12:24:56,510 [INFO] ApiDb:274 - Set plugin database path to: D:\STM32CubeIDE_1.18.1\STM32CubeIDE\plugins\com.st.stm32cube.common.mx_6.14.1.202504091515\\db\/plugins/boardmanager/
2025-09-11 12:24:56,510 [INFO] ApiDb:261 - Set plugin images path to: D:\STM32CubeIDE_1.18.1\STM32CubeIDE\plugins\com.st.stm32cube.common.mx_6.14.1.202504091515\\db\/plugins/mcufinder/images/
2025-09-11 12:24:56,512 [WARN] DbFile:41 - Overriding database path with different value: C:\Users\Asus\.stmcufinder\plugins\mcufinder/ => C:\Users\Asus\.stmcufinder\plugins\mcufinder
2025-09-11 12:24:56,513 [INFO] ApiDb:250 - Set database path to: C:\Users\Asus\.stmcufinder\plugins\mcufinder//mcu/
2025-09-11 12:24:56,513 [WARN] DbFile:41 - Overriding database path with different value: C:\Users\Asus\.stmcufinder\plugins\mcufinder/ => C:\Users\Asus\.stmcufinder\plugins\mcufinder
2025-09-11 12:24:56,514 [INFO] DbMcusAds:125 - Set database path to: C:\Users\Asus\.stmcufinder\plugins\mcufinder//mcu/
2025-09-11 12:24:56,514 [WARN] DbFile:41 - Overriding database path with different value: C:\Users\Asus\.stmcufinder\plugins\mcufinder/ => C:\Users\Asus\.stmcufinder\plugins\mcufinder
2025-09-11 12:24:56,514 [WARN] DbFile:41 - Overriding database path with different value: C:\Users\Asus\.stmcufinder\plugins\mcufinder/ => C:\Users\Asus\.stmcufinder\plugins\mcufinder
2025-09-11 12:24:56,514 [INFO] CrossReferenceDbSqlite:203 - Set database path to: C:\Users\Asus\.stmcufinder\plugins\mcufinder//mcu/cs/
2025-09-11 12:24:56,579 [INFO] ApplicationProperties:184 - Using Application install path: D:\STM32CubeIDE_1.18.1\STM32CubeIDE\plugins\com.st.stm32cube.common.mx_6.14.1.202504091515
2025-09-11 12:24:56,583 [INFO] PluginManage:196 - Search for loadable plugins [exclusion list=, ]
2025-09-11 12:24:56,587 [INFO] PluginManage:310 - Check plugin analytics
2025-09-11 12:25:02,226 [INFO] AnalyticsPlugin:253 - Accepted Software Licenses: 
2025-09-11 12:25:02,227 [INFO] AnalyticsPlugin:255 - Accepted CMSIS Pack Licenses: 
2025-09-11 12:25:02,228 [INFO] AnalyticsPlugin:257 - Accepted Firmware Licenses: 
2025-09-11 12:25:02,234 [INFO] PluginManage:359 - Loaded plugin analytics (category:tool,tabindex:-1)
2025-09-11 12:25:02,235 [INFO] PluginManage:310 - Check plugin cadmodel
2025-09-11 12:25:02,296 [INFO] CADModel:105 - Init CAD model plugin
2025-09-11 12:25:02,296 [INFO] PluginManage:359 - Loaded plugin cadmodel (category:power,tabindex:5)
2025-09-11 12:25:02,297 [INFO] PluginManage:310 - Check plugin clock
2025-09-11 12:25:02,361 [INFO] PluginManage:359 - Loaded plugin clock (category:base,tabindex:2)
2025-09-11 12:25:02,362 [INFO] PluginManage:310 - Check plugin ddr
2025-09-11 12:25:02,369 [INFO] PluginManage:359 - Loaded plugin ddr (category:tool,tabindex:6)
2025-09-11 12:25:02,370 [INFO] PluginManage:310 - Check plugin filemanager
2025-09-11 12:25:02,787 [INFO] PluginManage:359 - Loaded plugin filemanager (category:base,tabindex:10)
2025-09-11 12:25:02,788 [INFO] PluginManage:310 - Check plugin ipmanager
2025-09-11 12:25:02,810 [INFO] PluginManage:359 - Loaded plugin ipmanager (category:base,tabindex:5)
2025-09-11 12:25:02,811 [INFO] PluginManage:310 - Check plugin lpbam
2025-09-11 12:25:02,864 [INFO] PluginManage:359 - Loaded plugin lpbam (category:base,tabindex:0)
2025-09-11 12:25:02,864 [INFO] PluginManage:310 - Check plugin memorymap
2025-09-11 12:25:02,952 [INFO] PluginManage:359 - Loaded plugin memorymap (category:base,tabindex:4)
2025-09-11 12:25:02,953 [INFO] PluginManage:310 - Check plugin pinoutandconfiguration
2025-09-11 12:25:03,012 [INFO] PluginManage:359 - Loaded plugin pinoutandconfiguration (category:base,tabindex:1)
2025-09-11 12:25:03,013 [INFO] PluginManage:310 - Check plugin pinoutconfig
2025-09-11 12:25:03,313 [WARN] SupportedApi:132 - Cannot load RTOS API schema: s4s-elt-must-match.1: The content of 'definitions' must match (annotation?, (simpleType | complexType)?, (unique | key | keyref)*)). A problem was found starting at: attribute.
2025-09-11 12:25:03,733 [INFO] PluginManage:359 - Loaded plugin pinoutconfig (category:base,tabindex:0)
2025-09-11 12:25:03,733 [INFO] PluginManage:310 - Check plugin power
2025-09-11 12:25:03,802 [INFO] PluginManage:359 - Loaded plugin power (category:power,tabindex:4)
2025-09-11 12:25:03,802 [INFO] PluginManage:310 - Check plugin projectmanager
2025-09-11 12:25:03,846 [INFO] PluginManage:359 - Loaded plugin projectmanager (category:projectmanager,tabindex:4)
2025-09-11 12:25:03,847 [INFO] PluginManage:310 - Check plugin rif
2025-09-11 12:25:03,904 [INFO] PluginManage:359 - Loaded plugin rif (category:base,tabindex:3)
2025-09-11 12:25:03,904 [INFO] PluginManage:310 - Check plugin thirdparty
2025-09-11 12:25:04,846 [INFO] PluginManage:359 - Loaded plugin thirdparty (category:base,tabindex:-1)
2025-09-11 12:25:04,846 [WARN] IntegrityCheckThread:84 - waiting for thirdparty lock release [integrity check]
2025-09-11 12:25:04,847 [INFO] PluginManage:310 - Check plugin tools
2025-09-11 12:25:04,847 [INFO] IntegrityCheckThread:86 - entering critical section [integrity check]
2025-09-11 12:25:04,848 [INFO] ThirdPartyUpdaterWithRetryManager:70 - Updater plugin not ready yet. [1/15]
2025-09-11 12:25:04,985 [INFO] PluginManage:359 - Loaded plugin tools (category:base,tabindex:7)
2025-09-11 12:25:04,986 [INFO] PluginManage:310 - Check plugin tutovideos
2025-09-11 12:25:05,633 [INFO] PluginManage:359 - Loaded plugin tutovideos (category:base,tabindex:-1)
2025-09-11 12:25:05,633 [INFO] PluginManage:310 - Check plugin updater
2025-09-11 12:25:05,706 [INFO] PluginManage:359 - Loaded plugin updater (category:base,tabindex:12)
2025-09-11 12:25:05,706 [INFO] PluginManage:310 - Check plugin userauth
2025-09-11 12:25:05,720 [INFO] UserAuth:118 - Init User Auth plugin
2025-09-11 12:25:05,723 [INFO] PluginManage:359 - Loaded plugin userauth (category:base,tabindex:14)
2025-09-11 12:25:05,725 [INFO] PluginManage:283 - PluginManage : Loaded plugins [18]
2025-09-11 12:25:06,531 [INFO] PinOutPanel:1589 - setPackage(No Configuration,No Configuration)
2025-09-11 12:25:06,833 [INFO] CADModel:165 - CPN selected for project level
2025-09-11 12:25:06,833 [INFO] CADModel:114 - Register for checkConnection events
2025-09-11 12:25:06,925 [INFO] IPUIPlugin:80 - create IPUIPlugin
2025-09-11 12:25:06,926 [INFO] PluginManager:220 - loadIPPluginJar : add adc
2025-09-11 12:25:07,092 [INFO] IPUIPlugin:80 - create IPUIPlugin
2025-09-11 12:25:07,092 [INFO] PluginManager:220 - loadIPPluginJar : add aes
2025-09-11 12:25:07,321 [INFO] IPUIPlugin:80 - create IPUIPlugin
2025-09-11 12:25:07,322 [INFO] PluginManager:220 - loadIPPluginJar : add can
2025-09-11 12:25:07,494 [INFO] IPUIPlugin:80 - create IPUIPlugin
2025-09-11 12:25:07,495 [INFO] PluginManager:220 - loadIPPluginJar : add comp
2025-09-11 12:25:07,685 [INFO] IPUIPlugin:80 - create IPUIPlugin
2025-09-11 12:25:07,685 [INFO] PluginManager:220 - loadIPPluginJar : add cryp
2025-09-11 12:25:07,765 [INFO] IPUIPlugin:80 - create IPUIPlugin
2025-09-11 12:25:07,766 [INFO] PluginManager:220 - loadIPPluginJar : add ddr_ctrl_phy
2025-09-11 12:25:07,849 [INFO] ThirdPartyUpdaterWithRetryManager:70 - Updater plugin not ready yet. [2/15]
2025-09-11 12:25:07,917 [INFO] IPUIPlugin:80 - create IPUIPlugin
2025-09-11 12:25:07,918 [INFO] PluginManager:220 - loadIPPluginJar : add dfsdm
2025-09-11 12:25:07,975 [INFO] IPUIPlugin:80 - create IPUIPlugin
2025-09-11 12:25:07,977 [INFO] PluginManager:220 - loadIPPluginJar : add dma
2025-09-11 12:25:08,137 [INFO] IPUIPlugin:80 - create IPUIPlugin
2025-09-11 12:25:08,137 [INFO] PluginManager:220 - loadIPPluginJar : add dma3
2025-09-11 12:25:08,341 [INFO] IPUIPlugin:80 - create IPUIPlugin
2025-09-11 12:25:08,342 [INFO] PluginManager:220 - loadIPPluginJar : add extmemmanager
2025-09-11 12:25:08,476 [INFO] IPUIPlugin:80 - create IPUIPlugin
2025-09-11 12:25:08,478 [INFO] PluginManager:220 - loadIPPluginJar : add fatfs
2025-09-11 12:25:08,672 [INFO] IPUIPlugin:80 - create IPUIPlugin
2025-09-11 12:25:08,673 [INFO] PluginManager:220 - loadIPPluginJar : add fmc
2025-09-11 12:25:08,763 [INFO] IPUIPlugin:80 - create IPUIPlugin
2025-09-11 12:25:08,764 [INFO] PluginManager:220 - loadIPPluginJar : add freertos
2025-09-11 12:25:08,852 [INFO] IPUIPlugin:80 - create IPUIPlugin
2025-09-11 12:25:08,852 [INFO] PluginManager:220 - loadIPPluginJar : add genericplugin
2025-09-11 12:25:09,298 [INFO] IPUIPlugin:80 - create IPUIPlugin
2025-09-11 12:25:09,299 [INFO] PluginManager:220 - loadIPPluginJar : add gfxmmu
2025-09-11 12:25:09,874 [INFO] IPUIPlugin:80 - create IPUIPlugin
2025-09-11 12:25:09,875 [INFO] PluginManager:220 - loadIPPluginJar : add gic
2025-09-11 12:25:09,955 [INFO] IPUIPlugin:80 - create IPUIPlugin
2025-09-11 12:25:09,956 [INFO] PluginManager:220 - loadIPPluginJar : add gpio
2025-09-11 12:25:10,285 [INFO] IPUIPlugin:80 - create IPUIPlugin
2025-09-11 12:25:10,285 [INFO] PluginManager:220 - loadIPPluginJar : add gtzc
2025-09-11 12:25:10,467 [INFO] IPUIPlugin:80 - create IPUIPlugin
2025-09-11 12:25:10,467 [INFO] PluginManager:220 - loadIPPluginJar : add hash
2025-09-11 12:25:10,704 [INFO] IPUIPlugin:80 - create IPUIPlugin
2025-09-11 12:25:10,705 [INFO] PluginManager:220 - loadIPPluginJar : add i2c
2025-09-11 12:25:10,856 [INFO] ThirdPartyUpdaterWithRetryManager:70 - Updater plugin not ready yet. [3/15]
2025-09-11 12:25:10,939 [INFO] IPUIPlugin:80 - create IPUIPlugin
2025-09-11 12:25:10,939 [INFO] PluginManager:220 - loadIPPluginJar : add i2s
2025-09-11 12:25:11,163 [INFO] IPUIPlugin:80 - create IPUIPlugin
2025-09-11 12:25:11,164 [INFO] PluginManager:220 - loadIPPluginJar : add i3c
2025-09-11 12:25:11,583 [INFO] IPUIPlugin:80 - create IPUIPlugin
2025-09-11 12:25:11,583 [INFO] PluginManager:220 - loadIPPluginJar : add ipddr
2025-09-11 12:25:11,996 [INFO] IPUIPlugin:80 - create IPUIPlugin
2025-09-11 12:25:11,997 [INFO] PluginManager:220 - loadIPPluginJar : add linkedlist
2025-09-11 12:25:12,138 [INFO] IPUIPlugin:80 - create IPUIPlugin
2025-09-11 12:25:12,138 [INFO] PluginManager:220 - loadIPPluginJar : add lorawan
2025-09-11 12:25:12,323 [INFO] IPUIPlugin:80 - create IPUIPlugin
2025-09-11 12:25:12,328 [INFO] PluginManager:220 - loadIPPluginJar : add ltdc
2025-09-11 12:25:12,429 [INFO] IPUIPlugin:80 - create IPUIPlugin
2025-09-11 12:25:12,429 [INFO] PluginManager:220 - loadIPPluginJar : add mdma
2025-09-11 12:25:12,487 [INFO] IPUIPlugin:80 - create IPUIPlugin
2025-09-11 12:25:12,488 [INFO] PluginManager:220 - loadIPPluginJar : add nvic
2025-09-11 12:25:12,645 [INFO] IPUIPlugin:80 - create IPUIPlugin
2025-09-11 12:25:12,669 [INFO] PluginManager:220 - loadIPPluginJar : add opamp
2025-09-11 12:25:12,898 [INFO] IPUIPlugin:80 - create IPUIPlugin
2025-09-11 12:25:12,900 [INFO] PluginManager:220 - loadIPPluginJar : add openamp
2025-09-11 12:25:13,139 [INFO] IPUIPlugin:80 - create IPUIPlugin
2025-09-11 12:25:13,139 [INFO] PluginManager:220 - loadIPPluginJar : add pdm2pcm
2025-09-11 12:25:13,185 [INFO] IPUIPlugin:80 - create IPUIPlugin
2025-09-11 12:25:13,193 [INFO] PluginManager:220 - loadIPPluginJar : add plateformsettings
2025-09-11 12:25:13,279 [INFO] IPUIPlugin:80 - create IPUIPlugin
2025-09-11 12:25:13,279 [INFO] PluginManager:220 - loadIPPluginJar : add quadspi
2025-09-11 12:25:13,436 [INFO] IPUIPlugin:80 - create IPUIPlugin
2025-09-11 12:25:13,438 [INFO] PluginManager:220 - loadIPPluginJar : add radio
2025-09-11 12:25:13,506 [INFO] IPUIPlugin:80 - create IPUIPlugin
2025-09-11 12:25:13,506 [INFO] PluginManager:220 - loadIPPluginJar : add resmgrutility
2025-09-11 12:25:13,739 [INFO] IPUIPlugin:80 - create IPUIPlugin
2025-09-11 12:25:13,740 [INFO] PluginManager:220 - loadIPPluginJar : add sai
2025-09-11 12:25:13,858 [INFO] ThirdPartyUpdaterWithRetryManager:70 - Updater plugin not ready yet. [4/15]
2025-09-11 12:25:14,008 [INFO] IPUIPlugin:80 - create IPUIPlugin
2025-09-11 12:25:14,010 [INFO] PluginManager:220 - loadIPPluginJar : add spi
2025-09-11 12:25:14,440 [INFO] IPUIPlugin:80 - create IPUIPlugin
2025-09-11 12:25:14,441 [INFO] PluginManager:220 - loadIPPluginJar : add stm32_wpan
2025-09-11 12:25:14,535 [INFO] IPUIPlugin:80 - create IPUIPlugin
2025-09-11 12:25:14,535 [INFO] PluginManager:220 - loadIPPluginJar : add tim
2025-09-11 12:25:14,780 [INFO] IPUIPlugin:80 - create IPUIPlugin
2025-09-11 12:25:14,781 [INFO] PluginManager:220 - loadIPPluginJar : add touchsensing
2025-09-11 12:25:14,868 [INFO] IPUIPlugin:80 - create IPUIPlugin
2025-09-11 12:25:14,869 [INFO] PluginManager:220 - loadIPPluginJar : add tracer_emb
2025-09-11 12:25:14,961 [INFO] IPUIPlugin:80 - create IPUIPlugin
2025-09-11 12:25:14,961 [INFO] PluginManager:220 - loadIPPluginJar : add ts
2025-09-11 12:25:15,065 [INFO] IPUIPlugin:80 - create IPUIPlugin
2025-09-11 12:25:15,066 [INFO] PluginManager:220 - loadIPPluginJar : add tsc
2025-09-11 12:25:15,173 [INFO] IPUIPlugin:80 - create IPUIPlugin
2025-09-11 12:25:15,173 [INFO] PluginManager:220 - loadIPPluginJar : add ucpd
2025-09-11 12:25:15,379 [INFO] IPUIPlugin:80 - create IPUIPlugin
2025-09-11 12:25:15,379 [INFO] PluginManager:220 - loadIPPluginJar : add usart
2025-09-11 12:25:15,565 [INFO] IPUIPlugin:80 - create IPUIPlugin
2025-09-11 12:25:15,565 [INFO] PluginManager:220 - loadIPPluginJar : add usbx
2025-09-11 12:25:15,895 [FATAL] Updater:351 - Updater called before beeing initialized
2025-09-11 12:25:15,979 [INFO] RulesReader:64 - Compatibility file has been processed (302 Rules)
2025-09-11 12:25:16,014 [INFO] RulesReader:64 - Compatibility file has been processed (302 Rules)
2025-09-11 12:25:16,035 [INFO] CADModel:165 - CPN selected for project level
2025-09-11 12:25:16,036 [INFO] CADModel:114 - Register for checkConnection events
2025-09-11 12:25:16,036 [FATAL] Updater:351 - Updater called before beeing initialized
2025-09-11 12:25:16,036 [ERROR] CADModel:125 - Updater not yet initialized, retry later 
2025-09-11 12:25:16,505 [FATAL] Updater:351 - Updater called before beeing initialized
2025-09-11 12:25:16,511 [INFO] CADModel:165 - CPN selected for project level
2025-09-11 12:25:16,512 [INFO] CADModel:114 - Register for checkConnection events
2025-09-11 12:25:16,512 [FATAL] Updater:351 - Updater called before beeing initialized
2025-09-11 12:25:16,512 [ERROR] CADModel:125 - Updater not yet initialized, retry later 
2025-09-11 12:25:16,524 [FATAL] Updater:351 - Updater called before beeing initialized
2025-09-11 12:25:16,860 [INFO] ThirdPartyUpdaterWithRetryManager:70 - Updater plugin not ready yet. [5/15]
2025-09-11 12:25:16,942 [FATAL] Updater:351 - Updater called before beeing initialized
2025-09-11 12:25:16,982 [INFO] DbMcusAds:53 - JSON generation date=Tue Jul 08 13:44:23 IST 2025 (1751962463582)
2025-09-11 12:25:16,982 [FATAL] Updater:351 - Updater called before beeing initialized
2025-09-11 12:25:17,308 [WARN] DetailPanel:346 - Failed to get advertising image, set to default
2025-09-11 12:25:18,180 [FATAL] Updater:351 - Updater called before beeing initialized
2025-09-11 12:25:18,186 [FATAL] Updater:351 - Updater called before beeing initialized
2025-09-11 12:25:18,186 [FATAL] Updater:351 - Updater called before beeing initialized
2025-09-11 12:25:18,186 [WARN] DetailPanel:346 - Failed to get advertising image, set to default
2025-09-11 12:25:18,189 [FATAL] Updater:351 - Updater called before beeing initialized
2025-09-11 12:25:18,405 [ERROR] Updater:1198 - MainUpdater not yet initialized. External WinMGr cannot be set.
2025-09-11 12:25:18,438 [INFO] Updater:1134 - Updater Version found : 6.14.1
2025-09-11 12:25:18,487 [INFO] ApplicationProperties:184 - Using Application install path: D:\STM32CubeIDE_1.18.1\STM32CubeIDE\plugins\com.st.stm32cube.common.mx_6.14.1.202504091515
2025-09-11 12:25:19,530 [INFO] MainUpdater:2872 - connection check result : 10
2025-09-11 12:25:19,533 [INFO] MainUpdater:3566 - Updater definition file requires update
2025-09-11 12:25:19,538 [INFO] MainUpdater:289 - Updater Check For Update Now.
2025-09-11 12:25:19,539 [INFO] MicroXplorer:498 - Change Database Version : DB.6.0.141
2025-09-11 12:25:19,616 [INFO] McuFinderGlobals:63 - Set McuFinder mode to 2 (CubeIDE integrated)
2025-09-11 12:25:19,639 [INFO] UserAuth:484 - Internet connection configuration mode: 1
2025-09-11 12:25:19,732 [INFO] JxBrowserEngine:152 - Initiate JxBrowser Engine with user profile folder
2025-09-11 12:25:19,798 [INFO] ServerAccessManage:473 - Download File updaters.zip
2025-09-11 12:25:19,861 [WARN] MainUpdater:1193 - Updater busy. Cannot search thirdparties
2025-09-11 12:25:19,862 [INFO] ThirdPartyUpdaterWithRetryManager:96 - Updater plugin is busy. [1/15]
2025-09-11 12:25:20,213 [INFO] FileExtend:242 - Unzip File : updaters.zip
2025-09-11 12:25:20,214 [INFO] FileExtend:257 - Standard Zip Deflate
2025-09-11 12:25:22,865 [WARN] MainUpdater:1193 - Updater busy. Cannot search thirdparties
2025-09-11 12:25:22,866 [INFO] ThirdPartyUpdaterWithRetryManager:96 - Updater plugin is busy. [2/15]
2025-09-11 12:25:23,974 [INFO] ServerAccessManage:473 - Download File PacksControlFlags.xml
2025-09-11 12:25:25,048 [INFO] ServerAccessManage:473 - Download File cubemx.pidx
2025-09-11 12:25:25,690 [INFO] LoadServerUpdatesThread:375 - End of LoadServerUpdate Thread
2025-09-11 12:25:25,867 [WARN] MainUpdater:1193 - Updater busy. Cannot search thirdparties
2025-09-11 12:25:25,867 [INFO] ThirdPartyUpdaterWithRetryManager:96 - Updater plugin is busy. [3/15]
2025-09-11 12:25:26,080 [INFO] CheckServerUpdateThread:120 - End of CheckServer Thread
2025-09-11 12:25:28,790 [INFO] WebApp:169 - Instantiating new browser for Auth
2025-09-11 12:25:30,202 [WARN] PackLoader:240 - Cannot read IP mode file for STMicroelectronics.FP-SNS-MOTENVWB1.1.4.0
2025-09-11 12:25:30,271 [WARN] PackLoader:240 - Cannot read IP mode file for STMicroelectronics.FP-ATR-ASTRA1.2.0.2
2025-09-11 12:25:30,345 [WARN] PackLoader:240 - Cannot read IP mode file for STMicroelectronics.X-CUBE-SMBUS.2.1.0
2025-09-11 12:25:30,413 [WARN] PackLoader:240 - Cannot read IP mode file for STMicroelectronics.X-CUBE-WB05N.1.1.0
2025-09-11 12:25:30,477 [WARN] PackLoader:240 - Cannot read IP mode file for STMicroelectronics.X-CUBE-ST60.1.0.0
2025-09-11 12:25:30,664 [WARN] PackLoader:240 - Cannot read IP mode file for STMicroelectronics.X-CUBE-AZRTOS-F7.1.1.0
2025-09-11 12:25:30,731 [WARN] PackLoader:240 - Cannot read IP mode file for STMicroelectronics.FP-SNS-FLIGHT1.5.0.2
2025-09-11 12:25:30,852 [WARN] PackLoader:240 - Cannot read IP mode file for Infineon.AIROC-Wi-Fi-Bluetooth-STM32.1.7.0
2025-09-11 12:25:30,987 [WARN] PackLoader:240 - Cannot read IP mode file for STMicroelectronics.X-CUBE-AZRTOS-H7.3.4.0
2025-09-11 12:25:31,064 [WARN] PackLoader:240 - Cannot read IP mode file for STMicroelectronics.X-CUBE-DISPLAY.3.0.0
2025-09-11 12:25:31,148 [WARN] PackLoader:240 - Cannot read IP mode file for STMicroelectronics.X-CUBE-NFC10.1.0.0
2025-09-11 12:25:31,246 [WARN] PackLoader:240 - Cannot read IP mode file for STMicroelectronics.X-CUBE-BLEMGR.4.0.0
2025-09-11 12:25:31,485 [WARN] PackLoader:240 - Cannot read IP mode file for emotas.I-CUBE-CANOPEN.1.3.0
2025-09-11 12:25:31,566 [WARN] ConditionMgr:438 - getConditionDescription Invalid condition id : Cortex-A Device cause : null
2025-09-11 12:25:31,691 [WARN] ConditionMgr:1044 - genDependencies : Invalid condition id : Cortex-A Device cause : null
2025-09-11 12:25:31,692 [WARN] ConditionMgr:1044 - genDependencies : Invalid condition id : Cortex-A Device cause : null
2025-09-11 12:25:31,693 [WARN] ConditionMgr:1044 - genDependencies : Invalid condition id : Cortex-A Device cause : null
2025-09-11 12:25:31,756 [WARN] PackLoader:240 - Cannot read IP mode file for STMicroelectronics.X-CUBE-AI.10.0.0
2025-09-11 12:25:31,826 [WARN] PackLoader:240 - Cannot read IP mode file for STMicroelectronics.FP-SNS-SMARTAG2.1.2.0
2025-09-11 12:25:31,900 [WARN] PackLoader:240 - Cannot read IP mode file for STMicroelectronics.FP-SNS-FLIGHT1.5.1.0
2025-09-11 12:25:32,207 [WARN] PackLoader:240 - Cannot read IP mode file for STMicroelectronics.X-CUBE-MEMS1.11.1.0
2025-09-11 12:25:32,348 [INFO] WebApp:463 - Apply proxy settings
2025-09-11 12:25:32,349 [INFO] WebApp:548 - Chromium requires no authentication
2025-09-11 12:25:32,398 [INFO] WebApp:491 - Direct internet connection detected
2025-09-11 12:25:32,606 [INFO] WebApp:894 - Register for checkConnection events
2025-09-11 12:25:32,607 [INFO] WebApp:463 - Apply proxy settings
2025-09-11 12:25:32,607 [INFO] WebApp:548 - Chromium requires no authentication
2025-09-11 12:25:32,612 [INFO] WebApp:491 - Direct internet connection detected
2025-09-11 12:25:32,732 [INFO] LogOutputStream:77 - [STDOUT_REDIRECT] 1 : Invalid condition id : UX_CORESTACK_Condition cause : null
2025-09-11 12:25:32,733 [INFO] LogOutputStream:77 - [STDOUT_REDIRECT] 1 : Invalid condition id : UX_CORESTACK_Condition cause : null
2025-09-11 12:25:32,738 [INFO] LogOutputStream:77 - [STDOUT_REDIRECT] 1 : Invalid condition id : UX_CORESTACK_Condition cause : null
2025-09-11 12:25:32,743 [INFO] LogOutputStream:77 - [STDOUT_REDIRECT] 1 : Invalid condition id : UX_CORESTACK_Condition cause : null
2025-09-11 12:25:32,748 [INFO] LogOutputStream:77 - [STDOUT_REDIRECT] 1 : Invalid condition id : UX_CORESTACK_Condition cause : null
2025-09-11 12:25:32,756 [WARN] PackLoader:240 - Cannot read IP mode file for STMicroelectronics.X-CUBE-AZRTOS-WL.2.0.0
2025-09-11 12:25:32,818 [WARN] PackLoader:240 - Cannot read IP mode file for STMicroelectronics.FP-SNS-MOTENV1.5.0.0
2025-09-11 12:25:32,890 [WARN] PackLoader:240 - Cannot read IP mode file for WES.I-CUBE-Cesium.1.3.0
2025-09-11 12:25:32,955 [WARN] PackLoader:240 - Cannot read IP mode file for STMicroelectronics.X-CUBE-BLE2.3.3.0
2025-09-11 12:25:33,034 [WARN] PackLoader:240 - Cannot read IP mode file for STMicroelectronics.X-CUBE-NFC9.1.0.0
2025-09-11 12:25:33,107 [WARN] PackLoader:240 - Cannot read IP mode file for STMicroelectronics.X-CUBE-BLE1.7.1.0
2025-09-11 12:25:33,163 [WARN] PackLoader:240 - Cannot read IP mode file for wolfSSL.I-CUBE-wolfMQTT.1.19.2
2025-09-11 12:25:33,199 [INFO] WebApp:191 - Connection restablished
2025-09-11 12:25:33,235 [WARN] PackLoader:240 - Cannot read IP mode file for STMicroelectronics.X-CUBE-EEPRMA1.5.2.0
2025-09-11 12:25:33,467 [WARN] PackLoader:240 - Cannot read IP mode file for STMicroelectronics.X-CUBE-MEMS1.11.2.0
2025-09-11 12:25:33,906 [INFO] WebApp:225 - Starting web application
2025-09-11 12:25:33,907 [INFO] WebApp:593 - Web application path used D:\STM32CubeIDE_1.18.1\STM32CubeIDE\plugins\com.st.stm32cube.common.mx_6.14.1.202504091515\db\plugins\mcufinder\reactClient1\index.html
2025-09-11 12:25:34,041 [WARN] PackLoader:240 - Cannot read IP mode file for STMicroelectronics.X-CUBE-AZRTOS-G0.1.1.0
2025-09-11 12:25:34,145 [WARN] PackLoader:240 - Cannot read IP mode file for STMicroelectronics.X-CUBE-SAFEA1.1.2.2
2025-09-11 12:25:34,281 [WARN] PackLoader:240 - Cannot read IP mode file for STMicroelectronics.X-CUBE-NFC4.3.0.0
2025-09-11 12:25:34,532 [WARN] PackLoader:240 - Cannot read IP mode file for EmbeddedOffice.I-CUBE-FS-RTOS.1.0.1
2025-09-11 12:25:34,599 [WARN] PackLoader:240 - Cannot read IP mode file for STMicroelectronics.X-CUBE-WB05N.2.0.0
2025-09-11 12:25:34,697 [WARN] PackLoader:240 - Cannot read IP mode file for wolfSSL.I-CUBE-wolfTPM.3.8.0
2025-09-11 12:25:34,769 [WARN] PackLoader:240 - Cannot read IP mode file for STMicroelectronics.X-CUBE-TCPP.4.2.0
2025-09-11 12:25:34,856 [WARN] PackLoader:240 - Cannot read IP mode file for RealThread.X-CUBE-RT-Thread_Nano.4.1.1
2025-09-11 12:25:34,917 [WARN] PackLoader:240 - Cannot read IP mode file for STMicroelectronics.FP-ATR-SIGFOX1.3.2.0
2025-09-11 12:25:34,977 [WARN] PackLoader:240 - Cannot read IP mode file for STMicroelectronics.X-CUBE-EEPRMA1.5.1.0
2025-09-11 12:25:35,038 [WARN] PackLoader:240 - Cannot read IP mode file for wolfSSL.I-CUBE-wolfSSL.5.7.6
2025-09-11 12:25:35,115 [WARN] PackLoader:240 - Cannot read IP mode file for ITTIA_DB.I-CUBE-ITTIADB.8.9.0
2025-09-11 12:25:35,190 [WARN] PackLoader:240 - Cannot read IP mode file for STMicroelectronics.X-CUBE-ST67W61.1.0.0
2025-09-11 12:25:35,336 [WARN] PackLoader:240 - Cannot read IP mode file for SEGGER.I-CUBE-embOS.1.3.1
2025-09-11 12:25:35,505 [WARN] PackLoader:240 - Cannot read IP mode file for STMicroelectronics.X-CUBE-ALGOBUILD.1.4.0
2025-09-11 12:25:35,725 [WARN] PackLoader:240 - Cannot read IP mode file for STMicroelectronics.X-CUBE-MEMS1.11.3.0
2025-09-11 12:25:36,106 [WARN] PackLoader:240 - Cannot read IP mode file for STMicroelectronics.X-CUBE-PM33A1.1.0.0
2025-09-11 12:25:36,249 [WARN] PackLoader:240 - Cannot read IP mode file for STMicroelectronics.X-CUBE-AZRTOS-F4.1.1.0
2025-09-11 12:25:36,321 [WARN] PackLoader:240 - Cannot read IP mode file for Avnet-IotConnect.X-CUBE-IoTC-DA16k-PMOD.1.0.0
2025-09-11 12:25:36,377 [WARN] PackLoader:240 - Cannot read IP mode file for STMicroelectronics.X-CUBE-ISPU.2.1.0
2025-09-11 12:25:36,443 [WARN] PackLoader:240 - Cannot read IP mode file for STMicroelectronics.X-CUBE-NFC12.1.0.0
2025-09-11 12:25:36,553 [WARN] PackLoader:240 - Cannot read IP mode file for STMicroelectronics.X-CUBE-AZRTOS-L5.2.0.0
2025-09-11 12:25:36,622 [WARN] PackLoader:240 - Cannot read IP mode file for STMicroelectronics.X-CUBE-NFC6.3.1.0
2025-09-11 12:25:36,684 [WARN] PackLoader:240 - Cannot read IP mode file for STMicroelectronics.X-CUBE-DPower.1.2.0
2025-09-11 12:25:36,742 [WARN] PackLoader:240 - Cannot read IP mode file for STMicroelectronics.X-CUBE-FREERTOS.1.3.1
2025-09-11 12:25:36,795 [WARN] PackLoader:240 - Cannot read IP mode file for STMicroelectronics.X-CUBE-FREERTOS.1.3.0
2025-09-11 12:25:36,849 [WARN] PackLoader:240 - Cannot read IP mode file for STMicroelectronics.X-CUBE-NFC7.1.0.1
2025-09-11 12:25:36,872 [INFO] UserAuth:484 - Internet connection configuration mode: 1
2025-09-11 12:25:36,909 [WARN] PackLoader:240 - Cannot read IP mode file for STMicroelectronics.X-CUBE-DPower.1.3.0
2025-09-11 12:25:37,037 [WARN] ConditionMgr:438 - getConditionDescription Invalid condition id : LAN8742 Phy interface Condition cause : null
2025-09-11 12:25:37,040 [WARN] PackLoader:240 - Cannot read IP mode file for STMicroelectronics.X-CUBE-AZRTOS-L4.2.0.0
2025-09-11 12:25:37,043 [WARN] ConditionMgr:1044 - genDependencies : Invalid condition id : LAN8742 Phy interface Condition cause : null
2025-09-11 12:25:37,044 [WARN] ConditionMgr:1044 - genDependencies : Invalid condition id : LAN8742 Phy interface Condition cause : null
2025-09-11 12:25:37,046 [WARN] ConditionMgr:1044 - genDependencies : Invalid condition id : LAN8742 Phy interface Condition cause : null
2025-09-11 12:25:37,115 [WARN] PackLoader:240 - Cannot read IP mode file for STMicroelectronics.X-CUBE-SFXS2LP1.4.0.0
2025-09-11 12:25:37,244 [WARN] PackLoader:240 - Cannot read IP mode file for STMicroelectronics.X-CUBE-AZRTOS-H7.3.3.0
2025-09-11 12:25:37,537 [WARN] ConditionMgr:438 - getConditionDescription Invalid condition id : UX DEVICE CLASS RTOS Condition cause : null
2025-09-11 12:25:37,539 [WARN] ConditionMgr:438 - getConditionDescription Invalid condition id : UX DEVICE CLASS RTOS Condition cause : null
2025-09-11 12:25:37,548 [WARN] PackLoader:240 - Cannot read IP mode file for STMicroelectronics.X-CUBE-AZRTOS-WB.2.0.0
2025-09-11 12:25:37,551 [WARN] ConditionMgr:1044 - genDependencies : Invalid condition id : UX DEVICE CLASS RTOS Condition cause : null
2025-09-11 12:25:37,551 [WARN] ConditionMgr:1044 - genDependencies : Invalid condition id : UX DEVICE CLASS RTOS Condition cause : null
2025-09-11 12:25:37,552 [WARN] ConditionMgr:1044 - genDependencies : Invalid condition id : UX DEVICE CLASS RTOS Condition cause : null
2025-09-11 12:25:37,553 [WARN] ConditionMgr:1044 - genDependencies : Invalid condition id : UX DEVICE CLASS RTOS Condition cause : null
2025-09-11 12:25:37,554 [WARN] ConditionMgr:1044 - genDependencies : Invalid condition id : UX DEVICE CLASS RTOS Condition cause : null
2025-09-11 12:25:37,623 [WARN] PackLoader:240 - Cannot read IP mode file for STMicroelectronics.X-CUBE-GNSS1.7.0.1
2025-09-11 12:25:37,794 [WARN] PackLoader:240 - Cannot read IP mode file for STMicroelectronics.X-CUBE-TOUCHGFX.4.25.0
2025-09-11 12:25:37,900 [WARN] PackLoader:240 - Cannot read IP mode file for STMicroelectronics.FP-SNS-STBOX1.2.0.0
2025-09-11 12:25:37,982 [WARN] PackLoader:240 - Cannot read IP mode file for STMicroelectronics.X-CUBE-SUBG2.5.0.0
2025-09-11 12:25:38,107 [WARN] PackLoader:240 - Cannot read IP mode file for STMicroelectronics.X-CUBE-AZRTOS-H7RS.1.1.0
2025-09-11 12:25:38,176 [WARN] PackLoader:240 - Cannot read IP mode file for Cesanta.I-CUBE-Mongoose.7.13.0
2025-09-11 12:25:38,287 [WARN] PackLoader:240 - Cannot read IP mode file for STMicroelectronics.X-CUBE-AZRTOS-G4.2.0.0
2025-09-11 12:25:38,351 [WARN] PackLoader:240 - Cannot read IP mode file for wolfSSL.I-CUBE-wolfSSH.1.4.20
2025-09-11 12:25:38,408 [WARN] PackLoader:240 - Cannot read IP mode file for STMicroelectronics.X-CUBE-NFC7.2.0.0
2025-09-11 12:25:38,499 [WARN] PackLoader:240 - Cannot read IP mode file for STMicroelectronics.X-CUBE-IPS.3.1.0
2025-09-11 12:25:38,579 [WARN] PackLoader:240 - Cannot read IP mode file for STMicroelectronics.X-CUBE-ALS.1.0.2
2025-09-11 12:25:38,638 [WARN] PackLoader:240 - Cannot read IP mode file for STMicroelectronics.X-CUBE-TOUCHGFX.4.24.2
2025-09-11 12:25:38,718 [WARN] PackLoader:240 - Cannot read IP mode file for STMicroelectronics.X-CUBE-STSE01.1.0.0
2025-09-11 12:25:38,790 [WARN] PackLoader:240 - Cannot read IP mode file for portGmbH.I-Cube-SoM-uGOAL.1.1.0
2025-09-11 12:25:38,907 [WARN] PackLoader:240 - Cannot read IP mode file for STMicroelectronics.X-CUBE-AZRTOS-H7RS.1.0.0
2025-09-11 12:25:39,003 [WARN] PackLoader:240 - Cannot read IP mode file for STMicroelectronics.X-CUBE-TOF1.3.4.2
2025-09-11 12:25:39,112 [WARN] PackLoader:240 - Cannot read IP mode file for STMicroelectronics.X-CUBE-TOF1.3.4.3
2025-09-11 12:25:39,144 [INFO] ThirdParty:978 - Integrity check success = true
2025-09-11 12:25:39,144 [INFO] IntegrityCheckThread:100 - exiting critical section [integrity check]
2025-09-11 12:25:39,145 [INFO] IntegrityCheckThread:103 - End integrity checks thread
2025-09-11 12:48:09,958 [INFO] WebApp:194 - Connection lost
2025-09-11 12:48:15,868 [INFO] WebApp:191 - Connection restablished
2025-09-11 12:48:29,080 [ERROR] LogOutputStream:75 - [STDERR_REDIRECT] 
2025-09-11 16:47:29,462 [INFO] Activator:176 - 


2025-09-11 16:47:29,468 [INFO] Activator:177 - !SESSION log4j initialized
2025-09-11 16:47:48,649 [INFO] LogOutputStream:77 - [STDOUT_REDIRECT] 
2025-09-11 16:47:54,037 [INFO] ApplicationProperties:184 - Using Application install path: D:\STM32CubeIDE_1.18.1\STM32CubeIDE\plugins\com.st.stm32cube.common.mx_6.14.1.202504091515
2025-09-11 16:47:54,105 [INFO] DbMcusXml:78 - Set database path to: D:\STM32CubeIDE_1.18.1\STM32CubeIDE\plugins\com.st.stm32cube.common.mx_6.14.1.202504091515\\db\/mcu/
2025-09-11 16:47:54,106 [INFO] ApiDb:274 - Set plugin database path to: D:\STM32CubeIDE_1.18.1\STM32CubeIDE\plugins\com.st.stm32cube.common.mx_6.14.1.202504091515\\db\/plugins/boardmanager/
2025-09-11 16:47:54,107 [WARN] ApiDb:259 - Overriding images path with different value:  => D:\STM32CubeIDE_1.18.1\STM32CubeIDE\plugins\com.st.stm32cube.common.mx_6.14.1.202504091515\\db\/plugins/mcufinder/images/
2025-09-11 16:47:54,134 [INFO] ApiDb:250 - Set database path to: C:\Users\Asus\.stmcufinder\plugins\mcufinder//mcu/
2025-09-11 16:47:54,139 [INFO] DbMcusAds:125 - Set database path to: C:\Users\Asus\.stmcufinder\plugins\mcufinder//mcu/
2025-09-11 16:47:54,148 [INFO] CrossReferenceDbSqlite:203 - Set database path to: C:\Users\Asus\.stmcufinder\plugins\mcufinder//mcu/cs/
2025-09-11 16:47:54,578 [INFO] RulesReader:64 - Compatibility file has been processed (302 Rules)
2025-09-11 16:47:54,899 [INFO] DbMcusXml:78 - Set database path to: D:\STM32CubeIDE_1.18.1\STM32CubeIDE\plugins\com.st.stm32cube.common.mx_6.14.1.202504091515\\db\/mcu/
2025-09-11 16:47:54,900 [INFO] ApiDb:274 - Set plugin database path to: D:\STM32CubeIDE_1.18.1\STM32CubeIDE\plugins\com.st.stm32cube.common.mx_6.14.1.202504091515\\db\/plugins/boardmanager/
2025-09-11 16:47:54,900 [INFO] ApiDb:261 - Set plugin images path to: D:\STM32CubeIDE_1.18.1\STM32CubeIDE\plugins\com.st.stm32cube.common.mx_6.14.1.202504091515\\db\/plugins/mcufinder/images/
2025-09-11 16:47:54,901 [WARN] DbFile:41 - Overriding database path with different value: C:\Users\Asus\.stmcufinder\plugins\mcufinder/ => C:\Users\Asus\.stmcufinder\plugins\mcufinder
2025-09-11 16:47:54,901 [INFO] ApiDb:250 - Set database path to: C:\Users\Asus\.stmcufinder\plugins\mcufinder//mcu/
2025-09-11 16:47:54,901 [WARN] DbFile:41 - Overriding database path with different value: C:\Users\Asus\.stmcufinder\plugins\mcufinder/ => C:\Users\Asus\.stmcufinder\plugins\mcufinder
2025-09-11 16:47:54,902 [INFO] DbMcusAds:125 - Set database path to: C:\Users\Asus\.stmcufinder\plugins\mcufinder//mcu/
2025-09-11 16:47:54,902 [WARN] DbFile:41 - Overriding database path with different value: C:\Users\Asus\.stmcufinder\plugins\mcufinder/ => C:\Users\Asus\.stmcufinder\plugins\mcufinder
2025-09-11 16:47:54,902 [WARN] DbFile:41 - Overriding database path with different value: C:\Users\Asus\.stmcufinder\plugins\mcufinder/ => C:\Users\Asus\.stmcufinder\plugins\mcufinder
2025-09-11 16:47:54,902 [INFO] CrossReferenceDbSqlite:203 - Set database path to: C:\Users\Asus\.stmcufinder\plugins\mcufinder//mcu/cs/
2025-09-11 16:47:55,147 [INFO] MainPanel:272 - HeapMemory: 268435456
2025-09-11 16:47:55,482 [INFO] DbMcusXml:78 - Set database path to: D:\STM32CubeIDE_1.18.1\STM32CubeIDE\plugins\com.st.stm32cube.common.mx_6.14.1.202504091515\\db\/mcu/
2025-09-11 16:47:55,482 [INFO] ApiDb:274 - Set plugin database path to: D:\STM32CubeIDE_1.18.1\STM32CubeIDE\plugins\com.st.stm32cube.common.mx_6.14.1.202504091515\\db\/plugins/boardmanager/
2025-09-11 16:47:55,482 [INFO] ApiDb:261 - Set plugin images path to: D:\STM32CubeIDE_1.18.1\STM32CubeIDE\plugins\com.st.stm32cube.common.mx_6.14.1.202504091515\\db\/plugins/mcufinder/images/
2025-09-11 16:47:55,483 [WARN] DbFile:41 - Overriding database path with different value: C:\Users\Asus\.stmcufinder\plugins\mcufinder/ => C:\Users\Asus\.stmcufinder\plugins\mcufinder
2025-09-11 16:47:55,484 [INFO] ApiDb:250 - Set database path to: C:\Users\Asus\.stmcufinder\plugins\mcufinder//mcu/
2025-09-11 16:47:55,484 [WARN] DbFile:41 - Overriding database path with different value: C:\Users\Asus\.stmcufinder\plugins\mcufinder/ => C:\Users\Asus\.stmcufinder\plugins\mcufinder
2025-09-11 16:47:55,485 [INFO] DbMcusAds:125 - Set database path to: C:\Users\Asus\.stmcufinder\plugins\mcufinder//mcu/
2025-09-11 16:47:55,485 [WARN] DbFile:41 - Overriding database path with different value: C:\Users\Asus\.stmcufinder\plugins\mcufinder/ => C:\Users\Asus\.stmcufinder\plugins\mcufinder
2025-09-11 16:47:55,485 [WARN] DbFile:41 - Overriding database path with different value: C:\Users\Asus\.stmcufinder\plugins\mcufinder/ => C:\Users\Asus\.stmcufinder\plugins\mcufinder
2025-09-11 16:47:55,486 [INFO] CrossReferenceDbSqlite:203 - Set database path to: C:\Users\Asus\.stmcufinder\plugins\mcufinder//mcu/cs/
2025-09-11 16:47:55,540 [INFO] ApplicationProperties:184 - Using Application install path: D:\STM32CubeIDE_1.18.1\STM32CubeIDE\plugins\com.st.stm32cube.common.mx_6.14.1.202504091515
2025-09-11 16:47:55,544 [INFO] PluginManage:196 - Search for loadable plugins [exclusion list=, ]
2025-09-11 16:47:55,548 [INFO] PluginManage:310 - Check plugin analytics
2025-09-11 16:47:56,253 [INFO] AnalyticsPlugin:253 - Accepted Software Licenses: 
2025-09-11 16:47:56,254 [INFO] AnalyticsPlugin:255 - Accepted CMSIS Pack Licenses: 
2025-09-11 16:47:56,255 [INFO] AnalyticsPlugin:257 - Accepted Firmware Licenses: 
2025-09-11 16:47:56,264 [INFO] PluginManage:359 - Loaded plugin analytics (category:tool,tabindex:-1)
2025-09-11 16:47:56,265 [INFO] PluginManage:310 - Check plugin cadmodel
2025-09-11 16:47:56,285 [INFO] CADModel:105 - Init CAD model plugin
2025-09-11 16:47:56,285 [INFO] PluginManage:359 - Loaded plugin cadmodel (category:power,tabindex:5)
2025-09-11 16:47:56,286 [INFO] PluginManage:310 - Check plugin clock
2025-09-11 16:47:56,321 [INFO] PluginManage:359 - Loaded plugin clock (category:base,tabindex:2)
2025-09-11 16:47:56,322 [INFO] PluginManage:310 - Check plugin ddr
2025-09-11 16:47:56,331 [INFO] PluginManage:359 - Loaded plugin ddr (category:tool,tabindex:6)
2025-09-11 16:47:56,331 [INFO] PluginManage:310 - Check plugin filemanager
2025-09-11 16:47:56,762 [INFO] PluginManage:359 - Loaded plugin filemanager (category:base,tabindex:10)
2025-09-11 16:47:56,762 [INFO] PluginManage:310 - Check plugin ipmanager
2025-09-11 16:47:56,787 [INFO] PluginManage:359 - Loaded plugin ipmanager (category:base,tabindex:5)
2025-09-11 16:47:56,788 [INFO] PluginManage:310 - Check plugin lpbam
2025-09-11 16:47:56,811 [INFO] PluginManage:359 - Loaded plugin lpbam (category:base,tabindex:0)
2025-09-11 16:47:56,811 [INFO] PluginManage:310 - Check plugin memorymap
2025-09-11 16:47:56,847 [INFO] PluginManage:359 - Loaded plugin memorymap (category:base,tabindex:4)
2025-09-11 16:47:56,848 [INFO] PluginManage:310 - Check plugin pinoutandconfiguration
2025-09-11 16:47:56,872 [INFO] PluginManage:359 - Loaded plugin pinoutandconfiguration (category:base,tabindex:1)
2025-09-11 16:47:56,873 [INFO] PluginManage:310 - Check plugin pinoutconfig
2025-09-11 16:47:57,163 [WARN] SupportedApi:132 - Cannot load RTOS API schema: s4s-elt-must-match.1: The content of 'definitions' must match (annotation?, (simpleType | complexType)?, (unique | key | keyref)*)). A problem was found starting at: attribute.
2025-09-11 16:47:57,564 [INFO] PluginManage:359 - Loaded plugin pinoutconfig (category:base,tabindex:0)
2025-09-11 16:47:57,565 [INFO] PluginManage:310 - Check plugin power
2025-09-11 16:47:57,592 [INFO] PluginManage:359 - Loaded plugin power (category:power,tabindex:4)
2025-09-11 16:47:57,592 [INFO] PluginManage:310 - Check plugin projectmanager
2025-09-11 16:47:57,632 [INFO] PluginManage:359 - Loaded plugin projectmanager (category:projectmanager,tabindex:4)
2025-09-11 16:47:57,633 [INFO] PluginManage:310 - Check plugin rif
2025-09-11 16:47:57,656 [INFO] PluginManage:359 - Loaded plugin rif (category:base,tabindex:3)
2025-09-11 16:47:57,656 [INFO] PluginManage:310 - Check plugin thirdparty
2025-09-11 16:47:58,117 [INFO] PluginManage:359 - Loaded plugin thirdparty (category:base,tabindex:-1)
2025-09-11 16:47:58,116 [WARN] IntegrityCheckThread:84 - waiting for thirdparty lock release [integrity check]
2025-09-11 16:47:58,117 [INFO] IntegrityCheckThread:86 - entering critical section [integrity check]
2025-09-11 16:47:58,117 [INFO] PluginManage:310 - Check plugin tools
2025-09-11 16:47:58,118 [INFO] ThirdPartyUpdaterWithRetryManager:70 - Updater plugin not ready yet. [1/15]
2025-09-11 16:47:58,125 [INFO] PluginManage:359 - Loaded plugin tools (category:base,tabindex:7)
2025-09-11 16:47:58,126 [INFO] PluginManage:310 - Check plugin tutovideos
2025-09-11 16:47:58,666 [INFO] PluginManage:359 - Loaded plugin tutovideos (category:base,tabindex:-1)
2025-09-11 16:47:58,668 [INFO] PluginManage:310 - Check plugin updater
2025-09-11 16:47:58,731 [INFO] PluginManage:359 - Loaded plugin updater (category:base,tabindex:12)
2025-09-11 16:47:58,732 [INFO] PluginManage:310 - Check plugin userauth
2025-09-11 16:47:58,744 [INFO] UserAuth:118 - Init User Auth plugin
2025-09-11 16:47:58,747 [INFO] PluginManage:359 - Loaded plugin userauth (category:base,tabindex:14)
2025-09-11 16:47:58,748 [INFO] PluginManage:283 - PluginManage : Loaded plugins [18]
2025-09-11 16:47:59,517 [INFO] PinOutPanel:1589 - setPackage(No Configuration,No Configuration)
2025-09-11 16:47:59,816 [INFO] CADModel:165 - CPN selected for project level
2025-09-11 16:47:59,817 [INFO] CADModel:114 - Register for checkConnection events
2025-09-11 16:47:59,869 [INFO] IPUIPlugin:80 - create IPUIPlugin
2025-09-11 16:47:59,870 [INFO] PluginManager:220 - loadIPPluginJar : add adc
2025-09-11 16:47:59,878 [INFO] IPUIPlugin:80 - create IPUIPlugin
2025-09-11 16:47:59,878 [INFO] PluginManager:220 - loadIPPluginJar : add aes
2025-09-11 16:47:59,888 [INFO] IPUIPlugin:80 - create IPUIPlugin
2025-09-11 16:47:59,889 [INFO] PluginManager:220 - loadIPPluginJar : add can
2025-09-11 16:47:59,895 [INFO] IPUIPlugin:80 - create IPUIPlugin
2025-09-11 16:47:59,895 [INFO] PluginManager:220 - loadIPPluginJar : add comp
2025-09-11 16:47:59,905 [INFO] IPUIPlugin:80 - create IPUIPlugin
2025-09-11 16:47:59,905 [INFO] PluginManager:220 - loadIPPluginJar : add cryp
2025-09-11 16:47:59,913 [INFO] IPUIPlugin:80 - create IPUIPlugin
2025-09-11 16:47:59,915 [INFO] PluginManager:220 - loadIPPluginJar : add ddr_ctrl_phy
2025-09-11 16:47:59,924 [INFO] IPUIPlugin:80 - create IPUIPlugin
2025-09-11 16:47:59,925 [INFO] PluginManager:220 - loadIPPluginJar : add dfsdm
2025-09-11 16:47:59,944 [INFO] IPUIPlugin:80 - create IPUIPlugin
2025-09-11 16:47:59,946 [INFO] PluginManager:220 - loadIPPluginJar : add dma
2025-09-11 16:47:59,957 [INFO] IPUIPlugin:80 - create IPUIPlugin
2025-09-11 16:47:59,957 [INFO] PluginManager:220 - loadIPPluginJar : add dma3
2025-09-11 16:47:59,966 [INFO] IPUIPlugin:80 - create IPUIPlugin
2025-09-11 16:47:59,966 [INFO] PluginManager:220 - loadIPPluginJar : add extmemmanager
2025-09-11 16:47:59,971 [INFO] IPUIPlugin:80 - create IPUIPlugin
2025-09-11 16:47:59,971 [INFO] PluginManager:220 - loadIPPluginJar : add fatfs
2025-09-11 16:47:59,985 [INFO] IPUIPlugin:80 - create IPUIPlugin
2025-09-11 16:47:59,985 [INFO] PluginManager:220 - loadIPPluginJar : add fmc
2025-09-11 16:48:00,011 [INFO] IPUIPlugin:80 - create IPUIPlugin
2025-09-11 16:48:00,013 [INFO] PluginManager:220 - loadIPPluginJar : add freertos
2025-09-11 16:48:00,021 [INFO] IPUIPlugin:80 - create IPUIPlugin
2025-09-11 16:48:00,021 [INFO] PluginManager:220 - loadIPPluginJar : add genericplugin
2025-09-11 16:48:00,032 [INFO] IPUIPlugin:80 - create IPUIPlugin
2025-09-11 16:48:00,032 [INFO] PluginManager:220 - loadIPPluginJar : add gfxmmu
2025-09-11 16:48:00,059 [INFO] IPUIPlugin:80 - create IPUIPlugin
2025-09-11 16:48:00,060 [INFO] PluginManager:220 - loadIPPluginJar : add gic
2025-09-11 16:48:00,075 [INFO] IPUIPlugin:80 - create IPUIPlugin
2025-09-11 16:48:00,075 [INFO] PluginManager:220 - loadIPPluginJar : add gpio
2025-09-11 16:48:00,083 [INFO] IPUIPlugin:80 - create IPUIPlugin
2025-09-11 16:48:00,083 [INFO] PluginManager:220 - loadIPPluginJar : add gtzc
2025-09-11 16:48:00,093 [INFO] IPUIPlugin:80 - create IPUIPlugin
2025-09-11 16:48:00,093 [INFO] PluginManager:220 - loadIPPluginJar : add hash
2025-09-11 16:48:00,102 [INFO] IPUIPlugin:80 - create IPUIPlugin
2025-09-11 16:48:00,102 [INFO] PluginManager:220 - loadIPPluginJar : add i2c
2025-09-11 16:48:00,111 [INFO] IPUIPlugin:80 - create IPUIPlugin
2025-09-11 16:48:00,111 [INFO] PluginManager:220 - loadIPPluginJar : add i2s
2025-09-11 16:48:00,121 [INFO] IPUIPlugin:80 - create IPUIPlugin
2025-09-11 16:48:00,121 [INFO] PluginManager:220 - loadIPPluginJar : add i3c
2025-09-11 16:48:00,135 [INFO] IPUIPlugin:80 - create IPUIPlugin
2025-09-11 16:48:00,136 [INFO] PluginManager:220 - loadIPPluginJar : add ipddr
2025-09-11 16:48:00,175 [INFO] IPUIPlugin:80 - create IPUIPlugin
2025-09-11 16:48:00,176 [INFO] PluginManager:220 - loadIPPluginJar : add linkedlist
2025-09-11 16:48:00,193 [INFO] IPUIPlugin:80 - create IPUIPlugin
2025-09-11 16:48:00,193 [INFO] PluginManager:220 - loadIPPluginJar : add lorawan
2025-09-11 16:48:00,200 [INFO] IPUIPlugin:80 - create IPUIPlugin
2025-09-11 16:48:00,201 [INFO] PluginManager:220 - loadIPPluginJar : add ltdc
2025-09-11 16:48:00,226 [INFO] IPUIPlugin:80 - create IPUIPlugin
2025-09-11 16:48:00,227 [INFO] PluginManager:220 - loadIPPluginJar : add mdma
2025-09-11 16:48:00,240 [INFO] IPUIPlugin:80 - create IPUIPlugin
2025-09-11 16:48:00,240 [INFO] PluginManager:220 - loadIPPluginJar : add nvic
2025-09-11 16:48:00,252 [INFO] IPUIPlugin:80 - create IPUIPlugin
2025-09-11 16:48:00,252 [INFO] PluginManager:220 - loadIPPluginJar : add opamp
2025-09-11 16:48:00,262 [INFO] IPUIPlugin:80 - create IPUIPlugin
2025-09-11 16:48:00,263 [INFO] PluginManager:220 - loadIPPluginJar : add openamp
2025-09-11 16:48:00,277 [INFO] IPUIPlugin:80 - create IPUIPlugin
2025-09-11 16:48:00,278 [INFO] PluginManager:220 - loadIPPluginJar : add pdm2pcm
2025-09-11 16:48:00,299 [INFO] IPUIPlugin:80 - create IPUIPlugin
2025-09-11 16:48:00,308 [INFO] PluginManager:220 - loadIPPluginJar : add plateformsettings
2025-09-11 16:48:00,315 [INFO] IPUIPlugin:80 - create IPUIPlugin
2025-09-11 16:48:00,315 [INFO] PluginManager:220 - loadIPPluginJar : add quadspi
2025-09-11 16:48:00,326 [INFO] IPUIPlugin:80 - create IPUIPlugin
2025-09-11 16:48:00,328 [INFO] PluginManager:220 - loadIPPluginJar : add radio
2025-09-11 16:48:00,343 [INFO] IPUIPlugin:80 - create IPUIPlugin
2025-09-11 16:48:00,343 [INFO] PluginManager:220 - loadIPPluginJar : add resmgrutility
2025-09-11 16:48:00,353 [INFO] IPUIPlugin:80 - create IPUIPlugin
2025-09-11 16:48:00,355 [INFO] PluginManager:220 - loadIPPluginJar : add sai
2025-09-11 16:48:00,367 [INFO] IPUIPlugin:80 - create IPUIPlugin
2025-09-11 16:48:00,368 [INFO] PluginManager:220 - loadIPPluginJar : add spi
2025-09-11 16:48:00,389 [INFO] IPUIPlugin:80 - create IPUIPlugin
2025-09-11 16:48:00,389 [INFO] PluginManager:220 - loadIPPluginJar : add stm32_wpan
2025-09-11 16:48:00,397 [INFO] IPUIPlugin:80 - create IPUIPlugin
2025-09-11 16:48:00,399 [INFO] PluginManager:220 - loadIPPluginJar : add tim
2025-09-11 16:48:00,412 [INFO] IPUIPlugin:80 - create IPUIPlugin
2025-09-11 16:48:00,413 [INFO] PluginManager:220 - loadIPPluginJar : add touchsensing
2025-09-11 16:48:00,421 [INFO] IPUIPlugin:80 - create IPUIPlugin
2025-09-11 16:48:00,421 [INFO] PluginManager:220 - loadIPPluginJar : add tracer_emb
2025-09-11 16:48:00,428 [INFO] IPUIPlugin:80 - create IPUIPlugin
2025-09-11 16:48:00,428 [INFO] PluginManager:220 - loadIPPluginJar : add ts
2025-09-11 16:48:00,434 [INFO] IPUIPlugin:80 - create IPUIPlugin
2025-09-11 16:48:00,435 [INFO] PluginManager:220 - loadIPPluginJar : add tsc
2025-09-11 16:48:00,440 [INFO] IPUIPlugin:80 - create IPUIPlugin
2025-09-11 16:48:00,441 [INFO] PluginManager:220 - loadIPPluginJar : add ucpd
2025-09-11 16:48:00,459 [INFO] IPUIPlugin:80 - create IPUIPlugin
2025-09-11 16:48:00,460 [INFO] PluginManager:220 - loadIPPluginJar : add usart
2025-09-11 16:48:00,471 [INFO] IPUIPlugin:80 - create IPUIPlugin
2025-09-11 16:48:00,471 [INFO] PluginManager:220 - loadIPPluginJar : add usbx
2025-09-11 16:48:00,833 [FATAL] Updater:351 - Updater called before beeing initialized
2025-09-11 16:48:00,924 [INFO] RulesReader:64 - Compatibility file has been processed (302 Rules)
2025-09-11 16:48:01,018 [INFO] RulesReader:64 - Compatibility file has been processed (302 Rules)
2025-09-11 16:48:01,085 [INFO] CADModel:165 - CPN selected for project level
2025-09-11 16:48:01,085 [INFO] CADModel:114 - Register for checkConnection events
2025-09-11 16:48:01,085 [FATAL] Updater:351 - Updater called before beeing initialized
2025-09-11 16:48:01,086 [ERROR] CADModel:125 - Updater not yet initialized, retry later 
2025-09-11 16:48:01,119 [INFO] ThirdPartyUpdaterWithRetryManager:70 - Updater plugin not ready yet. [2/15]
2025-09-11 16:48:01,616 [FATAL] Updater:351 - Updater called before beeing initialized
2025-09-11 16:48:01,622 [INFO] CADModel:165 - CPN selected for project level
2025-09-11 16:48:01,622 [INFO] CADModel:114 - Register for checkConnection events
2025-09-11 16:48:01,622 [FATAL] Updater:351 - Updater called before beeing initialized
2025-09-11 16:48:01,622 [ERROR] CADModel:125 - Updater not yet initialized, retry later 
2025-09-11 16:48:01,635 [FATAL] Updater:351 - Updater called before beeing initialized
2025-09-11 16:48:02,183 [FATAL] Updater:351 - Updater called before beeing initialized
2025-09-11 16:48:02,197 [INFO] DbMcusAds:53 - JSON generation date=Tue Jul 08 13:44:23 IST 2025 (1751962463582)
2025-09-11 16:48:02,198 [FATAL] Updater:351 - Updater called before beeing initialized
2025-09-11 16:48:02,329 [WARN] DetailPanel:346 - Failed to get advertising image, set to default
2025-09-11 16:48:03,113 [FATAL] Updater:351 - Updater called before beeing initialized
2025-09-11 16:48:03,158 [FATAL] Updater:351 - Updater called before beeing initialized
2025-09-11 16:48:03,158 [FATAL] Updater:351 - Updater called before beeing initialized
2025-09-11 16:48:03,159 [WARN] DetailPanel:346 - Failed to get advertising image, set to default
2025-09-11 16:48:03,160 [FATAL] Updater:351 - Updater called before beeing initialized
2025-09-11 16:48:03,300 [ERROR] Updater:1198 - MainUpdater not yet initialized. External WinMGr cannot be set.
2025-09-11 16:48:03,306 [INFO] Updater:1134 - Updater Version found : 6.14.1
2025-09-11 16:48:03,352 [INFO] ApplicationProperties:184 - Using Application install path: D:\STM32CubeIDE_1.18.1\STM32CubeIDE\plugins\com.st.stm32cube.common.mx_6.14.1.202504091515
2025-09-11 16:48:04,120 [FATAL] Updater:351 - Updater called before beeing initialized
2025-09-11 16:48:04,121 [ERROR] IntegrityCheckThread:130 - Cannot retrieve database content from updater: error 21
2025-09-11 16:48:04,122 [INFO] ThirdParty:978 - Integrity check success = false
2025-09-11 16:48:04,122 [INFO] IntegrityCheckThread:100 - exiting critical section [integrity check]
2025-09-11 16:48:04,122 [INFO] IntegrityCheckThread:103 - End integrity checks thread
2025-09-11 16:48:05,230 [INFO] MainUpdater:2872 - connection check result : 10
2025-09-11 16:48:05,233 [INFO] MainUpdater:289 - Updater Check For Update Now.
2025-09-11 16:48:05,234 [INFO] MicroXplorer:498 - Change Database Version : DB.6.0.141
2025-09-11 16:48:05,387 [INFO] McuFinderGlobals:63 - Set McuFinder mode to 2 (CubeIDE integrated)
2025-09-11 16:48:05,392 [INFO] UserAuth:484 - Internet connection configuration mode: 1
2025-09-11 16:48:05,539 [INFO] JxBrowserEngine:152 - Initiate JxBrowser Engine with user profile folder
2025-09-11 16:48:05,910 [INFO] CheckServerUpdateThread:120 - End of CheckServer Thread
2025-09-11 16:48:08,743 [INFO] WebApp:169 - Instantiating new browser for Auth
2025-09-11 16:48:11,728 [INFO] WebApp:463 - Apply proxy settings
2025-09-11 16:48:11,729 [INFO] WebApp:548 - Chromium requires no authentication
2025-09-11 16:48:11,759 [INFO] WebApp:491 - Direct internet connection detected
2025-09-11 16:48:11,839 [INFO] WebApp:894 - Register for checkConnection events
2025-09-11 16:48:11,840 [INFO] WebApp:463 - Apply proxy settings
2025-09-11 16:48:11,840 [INFO] WebApp:548 - Chromium requires no authentication
2025-09-11 16:48:11,841 [INFO] WebApp:491 - Direct internet connection detected
2025-09-11 16:48:12,339 [INFO] WebApp:191 - Connection restablished
2025-09-11 16:48:12,572 [INFO] WebApp:225 - Starting web application
2025-09-11 16:48:12,573 [INFO] WebApp:593 - Web application path used D:\STM32CubeIDE_1.18.1\STM32CubeIDE\plugins\com.st.stm32cube.common.mx_6.14.1.202504091515\db\plugins\mcufinder\reactClient1\index.html
2025-09-11 16:48:12,996 [INFO] UserAuth:484 - Internet connection configuration mode: 1
2025-09-11 17:43:42,604 [ERROR] ConfigurationRetriever:142 - IOException on connection: sw-center.st.com
2025-09-11 17:43:42,605 [ERROR] ConfigurationRetriever:142 - IOException on connection: sw-center.st.com
2025-09-11 17:43:42,606 [ERROR] ConfigurationRetriever:142 - IOException on connection: sw-center.st.com
2025-09-11 17:43:45,741 [ERROR] ConfigurationRetriever:142 - IOException on connection: sw-center.st.com
2025-09-11 17:43:45,742 [ERROR] ConfigurationRetriever:142 - IOException on connection: sw-center.st.com
2025-09-11 17:43:45,745 [ERROR] ConfigurationRetriever:142 - IOException on connection: sw-center.st.com
2025-09-11 18:40:57,059 [INFO] WebApp:194 - Connection lost
2025-09-11 18:40:57,410 [INFO] WebApp:191 - Connection restablished
2025-09-11 18:49:42,372 [INFO] WebApp:194 - Connection lost
2025-09-11 18:49:42,749 [INFO] WebApp:191 - Connection restablished
2025-09-11 18:49:45,590 [INFO] WebApp:194 - Connection lost
2025-09-11 18:49:45,797 [INFO] WebApp:191 - Connection restablished
2025-09-11 18:49:48,733 [INFO] WebApp:194 - Connection lost
2025-09-11 18:49:48,971 [INFO] WebApp:191 - Connection restablished
2025-09-11 19:33:33,621 [INFO] WebApp:194 - Connection lost
2025-09-11 19:33:33,940 [INFO] WebApp:191 - Connection restablished
2025-09-11 19:33:35,794 [INFO] WebApp:194 - Connection lost
2025-09-11 19:33:36,133 [INFO] WebApp:191 - Connection restablished
2025-09-11 21:29:33,622 [INFO] WebApp:194 - Connection lost
2025-09-11 21:29:37,031 [ERROR] ConfigurationRetriever:142 - IOException on connection: sw-center.st.com
2025-09-11 21:29:37,033 [ERROR] ConfigurationRetriever:142 - IOException on connection: sw-center.st.com
2025-09-11 21:29:37,034 [ERROR] ConfigurationRetriever:142 - IOException on connection: sw-center.st.com
2025-09-11 21:29:42,365 [INFO] WebApp:191 - Connection restablished
2025-09-11 21:29:43,085 [INFO] WebApp:194 - Connection lost
2025-09-11 21:29:43,424 [INFO] WebApp:191 - Connection restablished
2025-09-11 22:01:55,124 [INFO] WebApp:194 - Connection lost
2025-09-11 22:01:55,429 [INFO] WebApp:191 - Connection restablished
2025-09-11 22:34:52,372 [INFO] WebApp:194 - Connection lost
2025-09-11 22:35:05,771 [INFO] WebApp:191 - Connection restablished
2025-09-11 22:36:08,504 [INFO] WebApp:194 - Connection lost
2025-09-11 22:37:06,522 [INFO] WebApp:191 - Connection restablished
2025-09-11 22:38:48,940 [INFO] WebApp:194 - Connection lost
2025-09-11 22:38:49,270 [INFO] WebApp:191 - Connection restablished
2025-09-11 23:27:15,479 [INFO] WebApp:194 - Connection lost
2025-09-11 23:27:16,592 [INFO] WebApp:191 - Connection restablished
2025-09-11 23:56:37,526 [INFO] WebApp:194 - Connection lost
2025-09-11 23:56:47,381 [INFO] WebApp:191 - Connection restablished
2025-09-11 23:56:48,635 [INFO] WebApp:194 - Connection lost
2025-09-11 23:56:48,840 [INFO] WebApp:191 - Connection restablished
