2025-04-10 19:35:17,931 [INFO] Activator:176 - 


2025-04-10 19:35:17,949 [INFO] Activator:177 - !SESSION log4j initialized
2025-04-10 19:35:32,592 [INFO] LogOutputStream:77 - [STDOUT_REDIRECT] 
2025-04-10 19:35:34,906 [INFO] ApplicationProperties:184 - Using Application install path: D:\STM32CubeIDE\STM32CubeIDE\plugins\com.st.stm32cube.common.mx_6.14.0.202502271554
2025-04-10 19:35:34,946 [INFO] DbMcusXml:78 - Set database path to: D:\STM32CubeIDE\STM32CubeIDE\plugins\com.st.stm32cube.common.mx_6.14.0.202502271554\\db\/mcu/
2025-04-10 19:35:34,947 [INFO] ApiDb:274 - Set plugin database path to: D:\STM32CubeIDE\STM32CubeIDE\plugins\com.st.stm32cube.common.mx_6.14.0.202502271554\\db\/plugins/boardmanager/
2025-04-10 19:35:34,947 [WARN] ApiDb:259 - Overriding images path with different value:  => D:\STM32CubeIDE\STM32CubeIDE\plugins\com.st.stm32cube.common.mx_6.14.0.202502271554\\db\/plugins/mcufinder/images/
2025-04-10 19:35:34,966 [INFO] ApiDb:250 - Set database path to: C:\Users\Asus\.stmcufinder\plugins\mcufinder//mcu/
2025-04-10 19:35:34,969 [INFO] DbMcusAds:125 - Set database path to: C:\Users\Asus\.stmcufinder\plugins\mcufinder//mcu/
2025-04-10 19:35:34,974 [INFO] CrossReferenceDbSqlite:203 - Set database path to: C:\Users\Asus\.stmcufinder\plugins\mcufinder//mcu/cs/
2025-04-10 19:35:35,246 [INFO] RulesReader:64 - Compatibility file has been processed (301 Rules)
2025-04-10 19:35:35,537 [INFO] DbMcusXml:78 - Set database path to: D:\STM32CubeIDE\STM32CubeIDE\plugins\com.st.stm32cube.common.mx_6.14.0.202502271554\\db\/mcu/
2025-04-10 19:35:35,537 [INFO] ApiDb:274 - Set plugin database path to: D:\STM32CubeIDE\STM32CubeIDE\plugins\com.st.stm32cube.common.mx_6.14.0.202502271554\\db\/plugins/boardmanager/
2025-04-10 19:35:35,538 [INFO] ApiDb:261 - Set plugin images path to: D:\STM32CubeIDE\STM32CubeIDE\plugins\com.st.stm32cube.common.mx_6.14.0.202502271554\\db\/plugins/mcufinder/images/
2025-04-10 19:35:35,538 [WARN] DbFile:41 - Overriding database path with different value: C:\Users\Asus\.stmcufinder\plugins\mcufinder/ => C:\Users\Asus\.stmcufinder\plugins\mcufinder
2025-04-10 19:35:35,539 [INFO] ApiDb:250 - Set database path to: C:\Users\Asus\.stmcufinder\plugins\mcufinder//mcu/
2025-04-10 19:35:35,539 [WARN] DbFile:41 - Overriding database path with different value: C:\Users\Asus\.stmcufinder\plugins\mcufinder/ => C:\Users\Asus\.stmcufinder\plugins\mcufinder
2025-04-10 19:35:35,539 [INFO] DbMcusAds:125 - Set database path to: C:\Users\Asus\.stmcufinder\plugins\mcufinder//mcu/
2025-04-10 19:35:35,539 [WARN] DbFile:41 - Overriding database path with different value: C:\Users\Asus\.stmcufinder\plugins\mcufinder/ => C:\Users\Asus\.stmcufinder\plugins\mcufinder
2025-04-10 19:35:35,539 [WARN] DbFile:41 - Overriding database path with different value: C:\Users\Asus\.stmcufinder\plugins\mcufinder/ => C:\Users\Asus\.stmcufinder\plugins\mcufinder
2025-04-10 19:35:35,539 [INFO] CrossReferenceDbSqlite:203 - Set database path to: C:\Users\Asus\.stmcufinder\plugins\mcufinder//mcu/cs/
2025-04-10 19:35:35,730 [INFO] MainPanel:272 - HeapMemory: 268435456
2025-04-10 19:35:36,009 [INFO] DbMcusXml:78 - Set database path to: D:\STM32CubeIDE\STM32CubeIDE\plugins\com.st.stm32cube.common.mx_6.14.0.202502271554\\db\/mcu/
2025-04-10 19:35:36,010 [INFO] ApiDb:274 - Set plugin database path to: D:\STM32CubeIDE\STM32CubeIDE\plugins\com.st.stm32cube.common.mx_6.14.0.202502271554\\db\/plugins/boardmanager/
2025-04-10 19:35:36,010 [INFO] ApiDb:261 - Set plugin images path to: D:\STM32CubeIDE\STM32CubeIDE\plugins\com.st.stm32cube.common.mx_6.14.0.202502271554\\db\/plugins/mcufinder/images/
2025-04-10 19:35:36,011 [WARN] DbFile:41 - Overriding database path with different value: C:\Users\Asus\.stmcufinder\plugins\mcufinder/ => C:\Users\Asus\.stmcufinder\plugins\mcufinder
2025-04-10 19:35:36,012 [INFO] ApiDb:250 - Set database path to: C:\Users\Asus\.stmcufinder\plugins\mcufinder//mcu/
2025-04-10 19:35:36,012 [WARN] DbFile:41 - Overriding database path with different value: C:\Users\Asus\.stmcufinder\plugins\mcufinder/ => C:\Users\Asus\.stmcufinder\plugins\mcufinder
2025-04-10 19:35:36,012 [INFO] DbMcusAds:125 - Set database path to: C:\Users\Asus\.stmcufinder\plugins\mcufinder//mcu/
2025-04-10 19:35:36,013 [WARN] DbFile:41 - Overriding database path with different value: C:\Users\Asus\.stmcufinder\plugins\mcufinder/ => C:\Users\Asus\.stmcufinder\plugins\mcufinder
2025-04-10 19:35:36,013 [WARN] DbFile:41 - Overriding database path with different value: C:\Users\Asus\.stmcufinder\plugins\mcufinder/ => C:\Users\Asus\.stmcufinder\plugins\mcufinder
2025-04-10 19:35:36,013 [INFO] CrossReferenceDbSqlite:203 - Set database path to: C:\Users\Asus\.stmcufinder\plugins\mcufinder//mcu/cs/
2025-04-10 19:35:36,070 [INFO] ApplicationProperties:184 - Using Application install path: D:\STM32CubeIDE\STM32CubeIDE\plugins\com.st.stm32cube.common.mx_6.14.0.202502271554
2025-04-10 19:35:36,074 [INFO] PluginManage:196 - Search for loadable plugins [exclusion list=, ]
2025-04-10 19:35:36,080 [INFO] PluginManage:310 - Check plugin analytics
2025-04-10 19:35:36,611 [INFO] AnalyticsPlugin:253 - Accepted Software Licenses: 
2025-04-10 19:35:36,612 [INFO] AnalyticsPlugin:255 - Accepted CMSIS Pack Licenses: 
2025-04-10 19:35:36,613 [INFO] AnalyticsPlugin:257 - Accepted Firmware Licenses: 
2025-04-10 19:35:36,625 [INFO] PluginManage:359 - Loaded plugin analytics (category:tool,tabindex:-1)
2025-04-10 19:35:36,626 [INFO] PluginManage:310 - Check plugin cadmodel
2025-04-10 19:35:36,643 [INFO] CADModel:105 - Init CAD model plugin
2025-04-10 19:35:36,644 [INFO] PluginManage:359 - Loaded plugin cadmodel (category:power,tabindex:5)
2025-04-10 19:35:36,644 [INFO] PluginManage:310 - Check plugin clock
2025-04-10 19:35:36,680 [INFO] PluginManage:359 - Loaded plugin clock (category:base,tabindex:2)
2025-04-10 19:35:36,681 [INFO] PluginManage:310 - Check plugin ddr
2025-04-10 19:35:36,690 [INFO] PluginManage:359 - Loaded plugin ddr (category:tool,tabindex:6)
2025-04-10 19:35:36,691 [INFO] PluginManage:310 - Check plugin filemanager
2025-04-10 19:35:37,065 [INFO] PluginManage:359 - Loaded plugin filemanager (category:base,tabindex:10)
2025-04-10 19:35:37,066 [INFO] PluginManage:310 - Check plugin ipmanager
2025-04-10 19:35:37,083 [INFO] PluginManage:359 - Loaded plugin ipmanager (category:base,tabindex:5)
2025-04-10 19:35:37,084 [INFO] PluginManage:310 - Check plugin lpbam
2025-04-10 19:35:37,104 [INFO] PluginManage:359 - Loaded plugin lpbam (category:base,tabindex:0)
2025-04-10 19:35:37,104 [INFO] PluginManage:310 - Check plugin memorymap
2025-04-10 19:35:37,139 [INFO] PluginManage:359 - Loaded plugin memorymap (category:base,tabindex:4)
2025-04-10 19:35:37,139 [INFO] PluginManage:310 - Check plugin pinoutandconfiguration
2025-04-10 19:35:37,158 [INFO] PluginManage:359 - Loaded plugin pinoutandconfiguration (category:base,tabindex:1)
2025-04-10 19:35:37,158 [INFO] PluginManage:310 - Check plugin pinoutconfig
2025-04-10 19:35:37,359 [WARN] SupportedApi:132 - Cannot load RTOS API schema: s4s-elt-must-match.1: The content of 'definitions' must match (annotation?, (simpleType | complexType)?, (unique | key | keyref)*)). A problem was found starting at: attribute.
2025-04-10 19:35:37,803 [INFO] PluginManage:359 - Loaded plugin pinoutconfig (category:base,tabindex:0)
2025-04-10 19:35:37,803 [INFO] PluginManage:310 - Check plugin power
2025-04-10 19:35:37,830 [INFO] PluginManage:359 - Loaded plugin power (category:power,tabindex:4)
2025-04-10 19:35:37,830 [INFO] PluginManage:310 - Check plugin projectmanager
2025-04-10 19:35:37,867 [INFO] PluginManage:359 - Loaded plugin projectmanager (category:projectmanager,tabindex:4)
2025-04-10 19:35:37,869 [INFO] PluginManage:310 - Check plugin rif
2025-04-10 19:35:37,887 [INFO] PluginManage:359 - Loaded plugin rif (category:base,tabindex:3)
2025-04-10 19:35:37,887 [INFO] PluginManage:310 - Check plugin thirdparty
2025-04-10 19:35:38,268 [INFO] PluginManage:359 - Loaded plugin thirdparty (category:base,tabindex:-1)
2025-04-10 19:35:38,268 [WARN] IntegrityCheckThread:84 - waiting for thirdparty lock release [integrity check]
2025-04-10 19:35:38,269 [INFO] PluginManage:310 - Check plugin tools
2025-04-10 19:35:38,271 [INFO] IntegrityCheckThread:86 - entering critical section [integrity check]
2025-04-10 19:35:38,271 [INFO] ThirdPartyUpdaterWithRetryManager:70 - Updater plugin not ready yet. [1/15]
2025-04-10 19:35:38,277 [INFO] PluginManage:359 - Loaded plugin tools (category:base,tabindex:7)
2025-04-10 19:35:38,278 [INFO] PluginManage:310 - Check plugin tutovideos
2025-04-10 19:35:38,704 [INFO] PluginManage:359 - Loaded plugin tutovideos (category:base,tabindex:-1)
2025-04-10 19:35:38,705 [INFO] PluginManage:310 - Check plugin updater
2025-04-10 19:35:38,759 [INFO] PluginManage:359 - Loaded plugin updater (category:base,tabindex:12)
2025-04-10 19:35:38,760 [INFO] PluginManage:310 - Check plugin userauth
2025-04-10 19:35:38,770 [INFO] UserAuth:118 - Init User Auth plugin
2025-04-10 19:35:38,772 [INFO] PluginManage:359 - Loaded plugin userauth (category:base,tabindex:14)
2025-04-10 19:35:38,773 [INFO] PluginManage:283 - PluginManage : Loaded plugins [18]
2025-04-10 19:35:39,310 [INFO] PinOutPanel:1589 - setPackage(No Configuration,No Configuration)
2025-04-10 19:35:39,554 [INFO] CADModel:165 - CPN selected for project level
2025-04-10 19:35:39,555 [INFO] CADModel:114 - Register for checkConnection events
2025-04-10 19:35:39,600 [INFO] IPUIPlugin:80 - create IPUIPlugin
2025-04-10 19:35:39,600 [INFO] PluginManager:220 - loadIPPluginJar : add adc
2025-04-10 19:35:39,607 [INFO] IPUIPlugin:80 - create IPUIPlugin
2025-04-10 19:35:39,607 [INFO] PluginManager:220 - loadIPPluginJar : add aes
2025-04-10 19:35:39,615 [INFO] IPUIPlugin:80 - create IPUIPlugin
2025-04-10 19:35:39,615 [INFO] PluginManager:220 - loadIPPluginJar : add can
2025-04-10 19:35:39,620 [INFO] IPUIPlugin:80 - create IPUIPlugin
2025-04-10 19:35:39,620 [INFO] PluginManager:220 - loadIPPluginJar : add comp
2025-04-10 19:35:39,628 [INFO] IPUIPlugin:80 - create IPUIPlugin
2025-04-10 19:35:39,629 [INFO] PluginManager:220 - loadIPPluginJar : add cryp
2025-04-10 19:35:39,637 [INFO] IPUIPlugin:80 - create IPUIPlugin
2025-04-10 19:35:39,638 [INFO] PluginManager:220 - loadIPPluginJar : add ddr_ctrl_phy
2025-04-10 19:35:39,646 [INFO] IPUIPlugin:80 - create IPUIPlugin
2025-04-10 19:35:39,646 [INFO] PluginManager:220 - loadIPPluginJar : add dfsdm
2025-04-10 19:35:39,660 [INFO] IPUIPlugin:80 - create IPUIPlugin
2025-04-10 19:35:39,661 [INFO] PluginManager:220 - loadIPPluginJar : add dma
2025-04-10 19:35:39,670 [INFO] IPUIPlugin:80 - create IPUIPlugin
2025-04-10 19:35:39,671 [INFO] PluginManager:220 - loadIPPluginJar : add dma3
2025-04-10 19:35:39,678 [INFO] IPUIPlugin:80 - create IPUIPlugin
2025-04-10 19:35:39,678 [INFO] PluginManager:220 - loadIPPluginJar : add extmemmanager
2025-04-10 19:35:39,683 [INFO] IPUIPlugin:80 - create IPUIPlugin
2025-04-10 19:35:39,684 [INFO] PluginManager:220 - loadIPPluginJar : add fatfs
2025-04-10 19:35:39,698 [INFO] IPUIPlugin:80 - create IPUIPlugin
2025-04-10 19:35:39,698 [INFO] PluginManager:220 - loadIPPluginJar : add fmc
2025-04-10 19:35:39,715 [INFO] IPUIPlugin:80 - create IPUIPlugin
2025-04-10 19:35:39,716 [INFO] PluginManager:220 - loadIPPluginJar : add freertos
2025-04-10 19:35:39,721 [INFO] IPUIPlugin:80 - create IPUIPlugin
2025-04-10 19:35:39,721 [INFO] PluginManager:220 - loadIPPluginJar : add genericplugin
2025-04-10 19:35:39,730 [INFO] IPUIPlugin:80 - create IPUIPlugin
2025-04-10 19:35:39,730 [INFO] PluginManager:220 - loadIPPluginJar : add gfxmmu
2025-04-10 19:35:39,745 [INFO] IPUIPlugin:80 - create IPUIPlugin
2025-04-10 19:35:39,746 [INFO] PluginManager:220 - loadIPPluginJar : add gic
2025-04-10 19:35:39,759 [INFO] IPUIPlugin:80 - create IPUIPlugin
2025-04-10 19:35:39,759 [INFO] PluginManager:220 - loadIPPluginJar : add gpio
2025-04-10 19:35:39,773 [INFO] IPUIPlugin:80 - create IPUIPlugin
2025-04-10 19:35:39,773 [INFO] PluginManager:220 - loadIPPluginJar : add gtzc
2025-04-10 19:35:39,781 [INFO] IPUIPlugin:80 - create IPUIPlugin
2025-04-10 19:35:39,782 [INFO] PluginManager:220 - loadIPPluginJar : add hash
2025-04-10 19:35:39,793 [INFO] IPUIPlugin:80 - create IPUIPlugin
2025-04-10 19:35:39,794 [INFO] PluginManager:220 - loadIPPluginJar : add i2c
2025-04-10 19:35:39,804 [INFO] IPUIPlugin:80 - create IPUIPlugin
2025-04-10 19:35:39,806 [INFO] PluginManager:220 - loadIPPluginJar : add i2s
2025-04-10 19:35:39,817 [INFO] IPUIPlugin:80 - create IPUIPlugin
2025-04-10 19:35:39,818 [INFO] PluginManager:220 - loadIPPluginJar : add i3c
2025-04-10 19:35:39,829 [INFO] IPUIPlugin:80 - create IPUIPlugin
2025-04-10 19:35:39,830 [INFO] PluginManager:220 - loadIPPluginJar : add ipddr
2025-04-10 19:35:39,851 [INFO] IPUIPlugin:80 - create IPUIPlugin
2025-04-10 19:35:39,852 [INFO] PluginManager:220 - loadIPPluginJar : add linkedlist
2025-04-10 19:35:39,862 [INFO] IPUIPlugin:80 - create IPUIPlugin
2025-04-10 19:35:39,862 [INFO] PluginManager:220 - loadIPPluginJar : add lorawan
2025-04-10 19:35:39,866 [INFO] IPUIPlugin:80 - create IPUIPlugin
2025-04-10 19:35:39,867 [INFO] PluginManager:220 - loadIPPluginJar : add ltdc
2025-04-10 19:35:39,883 [INFO] IPUIPlugin:80 - create IPUIPlugin
2025-04-10 19:35:39,884 [INFO] PluginManager:220 - loadIPPluginJar : add mdma
2025-04-10 19:35:39,894 [INFO] IPUIPlugin:80 - create IPUIPlugin
2025-04-10 19:35:39,895 [INFO] PluginManager:220 - loadIPPluginJar : add nvic
2025-04-10 19:35:39,904 [INFO] IPUIPlugin:80 - create IPUIPlugin
2025-04-10 19:35:39,905 [INFO] PluginManager:220 - loadIPPluginJar : add opamp
2025-04-10 19:35:39,915 [INFO] IPUIPlugin:80 - create IPUIPlugin
2025-04-10 19:35:39,916 [INFO] PluginManager:220 - loadIPPluginJar : add openamp
2025-04-10 19:35:39,927 [INFO] IPUIPlugin:80 - create IPUIPlugin
2025-04-10 19:35:39,928 [INFO] PluginManager:220 - loadIPPluginJar : add pdm2pcm
2025-04-10 19:35:39,945 [INFO] IPUIPlugin:80 - create IPUIPlugin
2025-04-10 19:35:39,952 [INFO] PluginManager:220 - loadIPPluginJar : add plateformsettings
2025-04-10 19:35:39,956 [INFO] IPUIPlugin:80 - create IPUIPlugin
2025-04-10 19:35:39,957 [INFO] PluginManager:220 - loadIPPluginJar : add quadspi
2025-04-10 19:35:39,962 [INFO] IPUIPlugin:80 - create IPUIPlugin
2025-04-10 19:35:39,963 [INFO] PluginManager:220 - loadIPPluginJar : add radio
2025-04-10 19:35:39,973 [INFO] IPUIPlugin:80 - create IPUIPlugin
2025-04-10 19:35:39,974 [INFO] PluginManager:220 - loadIPPluginJar : add resmgrutility
2025-04-10 19:35:39,984 [INFO] IPUIPlugin:80 - create IPUIPlugin
2025-04-10 19:35:39,985 [INFO] PluginManager:220 - loadIPPluginJar : add sai
2025-04-10 19:35:39,991 [INFO] IPUIPlugin:80 - create IPUIPlugin
2025-04-10 19:35:39,992 [INFO] PluginManager:220 - loadIPPluginJar : add spi
2025-04-10 19:35:40,010 [INFO] IPUIPlugin:80 - create IPUIPlugin
2025-04-10 19:35:40,011 [INFO] PluginManager:220 - loadIPPluginJar : add stm32_wpan
2025-04-10 19:35:40,017 [INFO] IPUIPlugin:80 - create IPUIPlugin
2025-04-10 19:35:40,017 [INFO] PluginManager:220 - loadIPPluginJar : add tim
2025-04-10 19:35:40,029 [INFO] IPUIPlugin:80 - create IPUIPlugin
2025-04-10 19:35:40,029 [INFO] PluginManager:220 - loadIPPluginJar : add touchsensing
2025-04-10 19:35:40,035 [INFO] IPUIPlugin:80 - create IPUIPlugin
2025-04-10 19:35:40,035 [INFO] PluginManager:220 - loadIPPluginJar : add tracer_emb
2025-04-10 19:35:40,041 [INFO] IPUIPlugin:80 - create IPUIPlugin
2025-04-10 19:35:40,042 [INFO] PluginManager:220 - loadIPPluginJar : add ts
2025-04-10 19:35:40,048 [INFO] IPUIPlugin:80 - create IPUIPlugin
2025-04-10 19:35:40,048 [INFO] PluginManager:220 - loadIPPluginJar : add tsc
2025-04-10 19:35:40,054 [INFO] IPUIPlugin:80 - create IPUIPlugin
2025-04-10 19:35:40,056 [INFO] PluginManager:220 - loadIPPluginJar : add ucpd
2025-04-10 19:35:40,064 [INFO] IPUIPlugin:80 - create IPUIPlugin
2025-04-10 19:35:40,066 [INFO] PluginManager:220 - loadIPPluginJar : add usart
2025-04-10 19:35:40,076 [INFO] IPUIPlugin:80 - create IPUIPlugin
2025-04-10 19:35:40,076 [INFO] PluginManager:220 - loadIPPluginJar : add usbx
2025-04-10 19:35:40,342 [FATAL] Updater:351 - Updater called before beeing initialized
2025-04-10 19:35:40,418 [INFO] RulesReader:64 - Compatibility file has been processed (301 Rules)
2025-04-10 19:35:40,448 [INFO] RulesReader:64 - Compatibility file has been processed (301 Rules)
2025-04-10 19:35:40,469 [INFO] CADModel:165 - CPN selected for project level
2025-04-10 19:35:40,469 [INFO] CADModel:114 - Register for checkConnection events
2025-04-10 19:35:40,470 [FATAL] Updater:351 - Updater called before beeing initialized
2025-04-10 19:35:40,470 [ERROR] CADModel:125 - Updater not yet initialized, retry later 
2025-04-10 19:35:40,831 [FATAL] Updater:351 - Updater called before beeing initialized
2025-04-10 19:35:40,837 [INFO] CADModel:165 - CPN selected for project level
2025-04-10 19:35:40,837 [INFO] CADModel:114 - Register for checkConnection events
2025-04-10 19:35:40,837 [FATAL] Updater:351 - Updater called before beeing initialized
2025-04-10 19:35:40,837 [ERROR] CADModel:125 - Updater not yet initialized, retry later 
2025-04-10 19:35:40,845 [FATAL] Updater:351 - Updater called before beeing initialized
2025-04-10 19:35:41,121 [FATAL] Updater:351 - Updater called before beeing initialized
2025-04-10 19:35:41,132 [INFO] DbMcusAds:53 - JSON generation date=Tue Dec 17 21:31:15 IST 2024 (1734451275143)
2025-04-10 19:35:41,132 [FATAL] Updater:351 - Updater called before beeing initialized
2025-04-10 19:35:41,206 [WARN] DetailPanel:346 - Failed to get advertising image, set to default
2025-04-10 19:35:41,273 [INFO] ThirdPartyUpdaterWithRetryManager:70 - Updater plugin not ready yet. [2/15]
2025-04-10 19:35:41,682 [FATAL] Updater:351 - Updater called before beeing initialized
2025-04-10 19:35:41,685 [FATAL] Updater:351 - Updater called before beeing initialized
2025-04-10 19:35:41,686 [FATAL] Updater:351 - Updater called before beeing initialized
2025-04-10 19:35:41,686 [WARN] DetailPanel:346 - Failed to get advertising image, set to default
2025-04-10 19:35:41,687 [FATAL] Updater:351 - Updater called before beeing initialized
2025-04-10 19:35:41,790 [ERROR] Updater:1198 - MainUpdater not yet initialized. External WinMGr cannot be set.
2025-04-10 19:35:41,794 [INFO] Updater:1134 - Updater Version found : 6.14.0
2025-04-10 19:35:41,842 [INFO] ApplicationProperties:184 - Using Application install path: D:\STM32CubeIDE\STM32CubeIDE\plugins\com.st.stm32cube.common.mx_6.14.0.202502271554
2025-04-10 19:35:42,609 [INFO] MainUpdater:2872 - connection check result : 10
2025-04-10 19:35:42,610 [INFO] MainUpdater:3566 - Updater definition file requires update
2025-04-10 19:35:42,613 [INFO] MainUpdater:289 - Updater Check For Update Now.
2025-04-10 19:35:42,614 [INFO] MicroXplorer:498 - Change Database Version : DB.6.0.140
2025-04-10 19:35:42,633 [INFO] McuFinderGlobals:63 - Set McuFinder mode to 2 (CubeIDE integrated)
2025-04-10 19:35:42,635 [INFO] UserAuth:486 - Internet connection configuration mode: 1
2025-04-10 19:35:42,677 [INFO] JxBrowserEngine:152 - Initiate JxBrowser Engine with user profile folder
2025-04-10 19:35:42,769 [INFO] ServerAccessManage:473 - Download File updaters.zip
2025-04-10 19:35:42,933 [INFO] FileExtend:242 - Unzip File : updaters.zip
2025-04-10 19:35:42,934 [INFO] FileExtend:257 - Standard Zip Deflate
2025-04-10 19:35:44,174 [INFO] ServerAccessManage:473 - Download File PacksControlFlags.xml
2025-04-10 19:35:44,274 [WARN] MainUpdater:1193 - Updater busy. Cannot search thirdparties
2025-04-10 19:35:44,275 [INFO] ThirdPartyUpdaterWithRetryManager:96 - Updater plugin is busy. [1/15]
2025-04-10 19:35:44,662 [INFO] ServerAccessManage:473 - Download File cubemx.pidx
2025-04-10 19:35:45,667 [INFO] ServerAccessManage:473 - Download File STMicroelectronics.FP-SNS-FLIGHT1.pdsc
2025-04-10 19:35:46,907 [INFO] ServerAccessManage:473 - Download File STMicroelectronics.X-CUBE-DPOWER.pdsc
2025-04-10 19:35:47,108 [INFO] WebApp:169 - Instantiating new browser for Auth
2025-04-10 19:35:47,279 [WARN] MainUpdater:1193 - Updater busy. Cannot search thirdparties
2025-04-10 19:35:47,279 [INFO] ThirdPartyUpdaterWithRetryManager:96 - Updater plugin is busy. [2/15]
2025-04-10 19:35:48,059 [ERROR] ServerAccessManage:1089 - Problem, file not found on Server
2025-04-10 19:35:48,776 [ERROR] ServerAccessManage:1089 - Problem, file not found on Server
2025-04-10 19:35:49,394 [ERROR] ServerAccessManage:1089 - Problem, file not found on Server
2025-04-10 19:35:49,523 [INFO] WebApp:463 - Apply proxy settings
2025-04-10 19:35:49,524 [INFO] WebApp:548 - Chromium requires no authentication
2025-04-10 19:35:49,547 [INFO] WebApp:491 - Direct internet connection detected
2025-04-10 19:35:49,626 [INFO] WebApp:894 - Register for checkConnection events
2025-04-10 19:35:49,627 [INFO] WebApp:463 - Apply proxy settings
2025-04-10 19:35:49,627 [INFO] WebApp:548 - Chromium requires no authentication
2025-04-10 19:35:49,628 [INFO] WebApp:491 - Direct internet connection detected
2025-04-10 19:35:50,104 [INFO] WebApp:225 - Starting web application
2025-04-10 19:35:50,105 [INFO] WebApp:593 - Web application path used D:\STM32CubeIDE\STM32CubeIDE\plugins\com.st.stm32cube.common.mx_6.14.0.202502271554\db\plugins\mcufinder\reactClient1\index.html
2025-04-10 19:35:50,108 [ERROR] ServerAccessManage:1089 - Problem, file not found on Server
2025-04-10 19:35:50,281 [WARN] MainUpdater:1193 - Updater busy. Cannot search thirdparties
2025-04-10 19:35:50,282 [INFO] ThirdPartyUpdaterWithRetryManager:96 - Updater plugin is busy. [3/15]
2025-04-10 19:35:50,350 [ERROR] ServerAccessManage:1089 - Problem, file not found on Server
2025-04-10 19:35:50,416 [INFO] WebApp:191 - Connection restablished
2025-04-10 19:35:50,638 [INFO] UserAuth:486 - Internet connection configuration mode: 1
2025-04-10 19:35:50,996 [ERROR] ServerAccessManage:1089 - Problem, file not found on Server
2025-04-10 19:35:51,621 [ERROR] ServerAccessManage:1089 - Problem, file not found on Server
2025-04-10 19:35:51,883 [ERROR] ServerAccessManage:1089 - Problem, file not found on Server
2025-04-10 19:35:52,214 [ERROR] ServerAccessManage:1089 - Problem, file not found on Server
2025-04-10 19:35:52,974 [ERROR] ServerAccessManage:1089 - Problem, file not found on Server
2025-04-10 19:35:53,284 [WARN] MainUpdater:1193 - Updater busy. Cannot search thirdparties
2025-04-10 19:35:53,285 [INFO] ThirdPartyUpdaterWithRetryManager:96 - Updater plugin is busy. [4/15]
2025-04-10 19:35:53,559 [ERROR] ServerAccessManage:1089 - Problem, file not found on Server
2025-04-10 19:35:54,663 [INFO] ServerAccessManage:473 - Download File STMicroelectronics.X-CUBE-TOUCHGFX.pdsc
2025-04-10 19:35:56,286 [WARN] MainUpdater:1193 - Updater busy. Cannot search thirdparties
2025-04-10 19:35:56,286 [INFO] ThirdPartyUpdaterWithRetryManager:96 - Updater plugin is busy. [5/15]
2025-04-10 19:35:59,287 [WARN] MainUpdater:1193 - Updater busy. Cannot search thirdparties
2025-04-10 19:35:59,287 [INFO] ThirdPartyUpdaterWithRetryManager:96 - Updater plugin is busy. [6/15]
2025-04-10 19:36:00,594 [INFO] ServerAccessManage:473 - Download File STMicroelectronics.X-CUBE-AZRTOS-H7RS.pdsc
2025-04-10 19:36:01,958 [INFO] ServerAccessManage:473 - Download File Avnet-IotConnect.X-CUBE-IoTC-DA16k-PMOD.pdsc
2025-04-10 19:36:02,220 [WARN] PackLoader:240 - Cannot read IP mode file for STMicroelectronics.FP-SNS-FLIGHT1.5.1.0
2025-04-10 19:36:02,258 [WARN] PackLoader:240 - Cannot read IP mode file for STMicroelectronics.X-CUBE-DPower.1.3.0
2025-04-10 19:36:02,275 [WARN] PackLoader:240 - Cannot read IP mode file for STMicroelectronics.X-CUBE-TOUCHGFX.4.25.0
2025-04-10 19:36:02,290 [WARN] MainUpdater:1193 - Updater busy. Cannot search thirdparties
2025-04-10 19:36:02,291 [INFO] ThirdPartyUpdaterWithRetryManager:96 - Updater plugin is busy. [7/15]
2025-04-10 19:36:02,344 [WARN] PackLoader:240 - Cannot read IP mode file for STMicroelectronics.X-CUBE-AZRTOS-H7RS.1.1.0
2025-04-10 19:36:02,374 [WARN] PackLoader:240 - Cannot read IP mode file for Avnet-IotConnect.X-CUBE-IoTC-DA16k-PMOD.1.0.0
2025-04-10 19:36:02,376 [INFO] PopulateThirdPartyThread:66 - Ending populate Thread
2025-04-10 19:36:02,380 [INFO] ThirdParty:1030 - CMSIS Pack Vendor :STMicroelectronics FP-SNS-FLIGHT1 5.1.0
2025-04-10 19:36:02,381 [INFO] ThirdParty:1030 - CMSIS Pack Vendor :STMicroelectronics X-CUBE-DPower 1.3.0
2025-04-10 19:36:02,382 [INFO] ThirdParty:1030 - CMSIS Pack Vendor :STMicroelectronics X-CUBE-TOUCHGFX 4.25.0
2025-04-10 19:36:02,382 [INFO] CheckServerUpdateThread:120 - End of CheckServer Thread
2025-04-10 19:36:02,383 [INFO] ThirdParty:1030 - CMSIS Pack Vendor :Avnet-IotConnect X-CUBE-IoTC-DA16k-PMOD 1.0.0
2025-04-10 19:36:02,384 [INFO] ThirdParty:1030 - CMSIS Pack Vendor :STMicroelectronics X-CUBE-AZRTOS-H7RS 1.1.0
2025-04-10 19:36:02,386 [INFO] LoadServerUpdatesThread:375 - End of LoadServerUpdate Thread
2025-04-10 19:36:06,007 [WARN] PackLoader:240 - Cannot read IP mode file for STMicroelectronics.FP-SNS-MOTENVWB1.1.4.0
2025-04-10 19:36:06,024 [WARN] PackLoader:240 - Cannot read IP mode file for STMicroelectronics.FP-ATR-ASTRA1.2.0.2
2025-04-10 19:36:06,043 [WARN] PackLoader:240 - Cannot read IP mode file for STMicroelectronics.X-CUBE-SMBUS.2.1.0
2025-04-10 19:36:06,059 [WARN] PackLoader:240 - Cannot read IP mode file for STMicroelectronics.X-CUBE-WB05N.1.1.0
2025-04-10 19:36:06,096 [WARN] PackLoader:240 - Cannot read IP mode file for STMicroelectronics.X-CUBE-AZRTOS-F7.1.1.0
2025-04-10 19:36:06,116 [WARN] PackLoader:240 - Cannot read IP mode file for STMicroelectronics.FP-SNS-FLIGHT1.5.0.2
2025-04-10 19:36:06,161 [WARN] PackLoader:240 - Cannot read IP mode file for Infineon.AIROC-Wi-Fi-Bluetooth-STM32.1.7.0
2025-04-10 19:36:06,196 [WARN] PackLoader:240 - Cannot read IP mode file for STMicroelectronics.X-CUBE-DISPLAY.3.0.0
2025-04-10 19:36:06,224 [WARN] PackLoader:240 - Cannot read IP mode file for STMicroelectronics.X-CUBE-NFC10.1.0.0
2025-04-10 19:36:06,256 [WARN] PackLoader:240 - Cannot read IP mode file for STMicroelectronics.X-CUBE-BLEMGR.4.0.0
2025-04-10 19:36:06,300 [WARN] PackLoader:240 - Cannot read IP mode file for emotas.I-CUBE-CANOPEN.1.3.0
2025-04-10 19:36:06,312 [WARN] ConditionMgr:438 - getConditionDescription Invalid condition id : Cortex-A Device cause : null
2025-04-10 19:36:06,342 [WARN] ConditionMgr:1044 - genDependencies : Invalid condition id : Cortex-A Device cause : null
2025-04-10 19:36:06,343 [WARN] ConditionMgr:1044 - genDependencies : Invalid condition id : Cortex-A Device cause : null
2025-04-10 19:36:06,343 [WARN] ConditionMgr:1044 - genDependencies : Invalid condition id : Cortex-A Device cause : null
2025-04-10 19:36:06,357 [WARN] PackLoader:240 - Cannot read IP mode file for STMicroelectronics.X-CUBE-AI.10.0.0
2025-04-10 19:36:06,374 [WARN] PackLoader:240 - Cannot read IP mode file for STMicroelectronics.FP-SNS-SMARTAG2.1.2.0
2025-04-10 19:36:06,385 [WARN] PackLoader:240 - Cannot read IP mode file for STMicroelectronics.FP-SNS-FLIGHT1.5.1.0
2025-04-10 19:36:06,479 [WARN] PackLoader:240 - Cannot read IP mode file for STMicroelectronics.X-CUBE-MEMS1.11.1.0
2025-04-10 19:36:06,755 [INFO] LogOutputStream:77 - [STDOUT_REDIRECT] 1 : Invalid condition id : UX_CORESTACK_Condition cause : null
2025-04-10 19:36:06,756 [INFO] LogOutputStream:77 - [STDOUT_REDIRECT] 1 : Invalid condition id : UX_CORESTACK_Condition cause : null
2025-04-10 19:36:06,758 [INFO] LogOutputStream:77 - [STDOUT_REDIRECT] 1 : Invalid condition id : UX_CORESTACK_Condition cause : null
2025-04-10 19:36:06,762 [INFO] LogOutputStream:77 - [STDOUT_REDIRECT] 1 : Invalid condition id : UX_CORESTACK_Condition cause : null
2025-04-10 19:36:06,765 [INFO] LogOutputStream:77 - [STDOUT_REDIRECT] 1 : Invalid condition id : UX_CORESTACK_Condition cause : null
2025-04-10 19:36:06,771 [WARN] PackLoader:240 - Cannot read IP mode file for STMicroelectronics.X-CUBE-AZRTOS-WL.2.0.0
2025-04-10 19:36:06,790 [WARN] PackLoader:240 - Cannot read IP mode file for STMicroelectronics.FP-SNS-MOTENV1.5.0.0
2025-04-10 19:36:06,809 [WARN] PackLoader:240 - Cannot read IP mode file for WES.I-CUBE-Cesium.1.3.0
2025-04-10 19:36:06,823 [WARN] PackLoader:240 - Cannot read IP mode file for STMicroelectronics.X-CUBE-BLE2.3.3.0
2025-04-10 19:36:06,841 [WARN] PackLoader:240 - Cannot read IP mode file for STMicroelectronics.X-CUBE-NFC9.1.0.0
2025-04-10 19:36:06,858 [WARN] PackLoader:240 - Cannot read IP mode file for STMicroelectronics.X-CUBE-BLE1.7.1.0
2025-04-10 19:36:06,873 [WARN] PackLoader:240 - Cannot read IP mode file for wolfSSL.I-CUBE-wolfMQTT.1.19.2
2025-04-10 19:36:06,903 [WARN] PackLoader:240 - Cannot read IP mode file for STMicroelectronics.X-CUBE-AZRTOS-G0.1.1.0
2025-04-10 19:36:06,921 [WARN] PackLoader:240 - Cannot read IP mode file for STMicroelectronics.X-CUBE-SAFEA1.1.2.2
2025-04-10 19:36:06,941 [WARN] PackLoader:240 - Cannot read IP mode file for STMicroelectronics.X-CUBE-NFC4.3.0.0
2025-04-10 19:36:06,966 [WARN] PackLoader:240 - Cannot read IP mode file for EmbeddedOffice.I-CUBE-FS-RTOS.1.0.1
2025-04-10 19:36:06,984 [WARN] PackLoader:240 - Cannot read IP mode file for wolfSSL.I-CUBE-wolfTPM.3.8.0
2025-04-10 19:36:07,005 [WARN] PackLoader:240 - Cannot read IP mode file for STMicroelectronics.X-CUBE-TCPP.4.2.0
2025-04-10 19:36:07,023 [WARN] PackLoader:240 - Cannot read IP mode file for RealThread.X-CUBE-RT-Thread_Nano.4.1.1
2025-04-10 19:36:07,039 [WARN] PackLoader:240 - Cannot read IP mode file for STMicroelectronics.FP-ATR-SIGFOX1.3.2.0
2025-04-10 19:36:07,056 [WARN] PackLoader:240 - Cannot read IP mode file for STMicroelectronics.X-CUBE-EEPRMA1.5.1.0
2025-04-10 19:36:07,071 [WARN] PackLoader:240 - Cannot read IP mode file for wolfSSL.I-CUBE-wolfSSL.5.7.6
2025-04-10 19:36:07,091 [WARN] PackLoader:240 - Cannot read IP mode file for ITTIA_DB.I-CUBE-ITTIADB.8.9.0
2025-04-10 19:36:07,141 [WARN] PackLoader:240 - Cannot read IP mode file for SEGGER.I-CUBE-embOS.1.3.1
2025-04-10 19:36:07,213 [WARN] PackLoader:240 - Cannot read IP mode file for STMicroelectronics.X-CUBE-ALGOBUILD.1.4.0
2025-04-10 19:36:07,243 [WARN] PackLoader:240 - Cannot read IP mode file for STMicroelectronics.X-CUBE-AZRTOS-F4.1.1.0
2025-04-10 19:36:07,258 [WARN] PackLoader:240 - Cannot read IP mode file for Avnet-IotConnect.X-CUBE-IoTC-DA16k-PMOD.1.0.0
2025-04-10 19:36:07,270 [WARN] PackLoader:240 - Cannot read IP mode file for STMicroelectronics.X-CUBE-ISPU.2.1.0
2025-04-10 19:36:07,304 [WARN] PackLoader:240 - Cannot read IP mode file for STMicroelectronics.X-CUBE-AZRTOS-L5.2.0.0
2025-04-10 19:36:07,324 [WARN] PackLoader:240 - Cannot read IP mode file for STMicroelectronics.X-CUBE-NFC6.3.1.0
2025-04-10 19:36:07,341 [WARN] PackLoader:240 - Cannot read IP mode file for STMicroelectronics.X-CUBE-DPower.1.2.0
2025-04-10 19:36:07,354 [WARN] PackLoader:240 - Cannot read IP mode file for STMicroelectronics.X-CUBE-FREERTOS.1.3.0
2025-04-10 19:36:07,368 [WARN] PackLoader:240 - Cannot read IP mode file for STMicroelectronics.X-CUBE-NFC7.1.0.1
2025-04-10 19:36:07,379 [WARN] PackLoader:240 - Cannot read IP mode file for STMicroelectronics.X-CUBE-DPower.1.3.0
2025-04-10 19:36:07,412 [WARN] ConditionMgr:438 - getConditionDescription Invalid condition id : LAN8742 Phy interface Condition cause : null
2025-04-10 19:36:07,415 [WARN] PackLoader:240 - Cannot read IP mode file for STMicroelectronics.X-CUBE-AZRTOS-L4.2.0.0
2025-04-10 19:36:07,419 [WARN] ConditionMgr:1044 - genDependencies : Invalid condition id : LAN8742 Phy interface Condition cause : null
2025-04-10 19:36:07,420 [WARN] ConditionMgr:1044 - genDependencies : Invalid condition id : LAN8742 Phy interface Condition cause : null
2025-04-10 19:36:07,421 [WARN] ConditionMgr:1044 - genDependencies : Invalid condition id : LAN8742 Phy interface Condition cause : null
2025-04-10 19:36:07,437 [WARN] PackLoader:240 - Cannot read IP mode file for STMicroelectronics.X-CUBE-SFXS2LP1.4.0.0
2025-04-10 19:36:07,472 [WARN] PackLoader:240 - Cannot read IP mode file for STMicroelectronics.X-CUBE-AZRTOS-H7.3.3.0
2025-04-10 19:36:07,499 [WARN] ConditionMgr:438 - getConditionDescription Invalid condition id : UX DEVICE CLASS RTOS Condition cause : null
2025-04-10 19:36:07,500 [WARN] ConditionMgr:438 - getConditionDescription Invalid condition id : UX DEVICE CLASS RTOS Condition cause : null
2025-04-10 19:36:07,504 [WARN] PackLoader:240 - Cannot read IP mode file for STMicroelectronics.X-CUBE-AZRTOS-WB.2.0.0
2025-04-10 19:36:07,505 [WARN] ConditionMgr:1044 - genDependencies : Invalid condition id : UX DEVICE CLASS RTOS Condition cause : null
2025-04-10 19:36:07,505 [WARN] ConditionMgr:1044 - genDependencies : Invalid condition id : UX DEVICE CLASS RTOS Condition cause : null
2025-04-10 19:36:07,506 [WARN] ConditionMgr:1044 - genDependencies : Invalid condition id : UX DEVICE CLASS RTOS Condition cause : null
2025-04-10 19:36:07,507 [WARN] ConditionMgr:1044 - genDependencies : Invalid condition id : UX DEVICE CLASS RTOS Condition cause : null
2025-04-10 19:36:07,507 [WARN] ConditionMgr:1044 - genDependencies : Invalid condition id : UX DEVICE CLASS RTOS Condition cause : null
2025-04-10 19:36:07,524 [WARN] PackLoader:240 - Cannot read IP mode file for STMicroelectronics.X-CUBE-GNSS1.7.0.1
2025-04-10 19:36:07,540 [WARN] PackLoader:240 - Cannot read IP mode file for STMicroelectronics.X-CUBE-TOUCHGFX.4.25.0
2025-04-10 19:36:07,554 [WARN] PackLoader:240 - Cannot read IP mode file for STMicroelectronics.FP-SNS-STBOX1.2.0.0
2025-04-10 19:36:07,577 [WARN] PackLoader:240 - Cannot read IP mode file for STMicroelectronics.X-CUBE-SUBG2.5.0.0
2025-04-10 19:36:07,622 [WARN] PackLoader:240 - Cannot read IP mode file for STMicroelectronics.X-CUBE-AZRTOS-H7RS.1.1.0
2025-04-10 19:36:07,638 [WARN] PackLoader:240 - Cannot read IP mode file for Cesanta.I-CUBE-Mongoose.7.13.0
2025-04-10 19:36:07,664 [WARN] PackLoader:240 - Cannot read IP mode file for STMicroelectronics.X-CUBE-AZRTOS-G4.2.0.0
2025-04-10 19:36:07,679 [WARN] PackLoader:240 - Cannot read IP mode file for wolfSSL.I-CUBE-wolfSSH.1.4.20
2025-04-10 19:36:07,705 [WARN] PackLoader:240 - Cannot read IP mode file for STMicroelectronics.X-CUBE-IPS.3.1.0
2025-04-10 19:36:07,724 [WARN] PackLoader:240 - Cannot read IP mode file for STMicroelectronics.X-CUBE-ALS.1.0.2
2025-04-10 19:36:07,735 [WARN] PackLoader:240 - Cannot read IP mode file for STMicroelectronics.X-CUBE-TOUCHGFX.4.24.2
2025-04-10 19:36:07,750 [WARN] PackLoader:240 - Cannot read IP mode file for portGmbH.I-Cube-SoM-uGOAL.1.1.0
2025-04-10 19:36:07,778 [WARN] PackLoader:240 - Cannot read IP mode file for STMicroelectronics.X-CUBE-AZRTOS-H7RS.1.0.0
2025-04-10 19:36:07,808 [WARN] PackLoader:240 - Cannot read IP mode file for STMicroelectronics.X-CUBE-TOF1.3.4.2
2025-04-10 19:36:07,823 [INFO] ThirdParty:978 - Integrity check success = true
2025-04-10 19:36:07,824 [INFO] IntegrityCheckThread:100 - exiting critical section [integrity check]
2025-04-10 19:36:07,824 [INFO] IntegrityCheckThread:103 - End integrity checks thread
2025-04-10 19:37:29,091 [ERROR] LogOutputStream:75 - [STDERR_REDIRECT] 
